Using pre-set license
Built from '2022.3/staging' branch; Version is '2022.3.13f1 (5f90a5ebde0f) revision 6262949'; Using compiler version '192829333'; Build Type 'Release'
OS: 'Windows 11  (10.0.22631) 64bit Core' Language: 'ko' Physical Memory: 32470 MB
BatchMode: 1, IsHumanControllingUs: 0, StartBugReporterOnCrash: 0, Is64bit: 1, IsPro: 1

COMMAND LINE ARGUMENTS:
C:\Program Files\Unity 2022.3.13f1\Editor\Unity.exe
-adb2
-batchMode
-noUpm
-name
AssetImportWorker3
-projectPath
C:/Users/user/Documents/GitHub/Project_G/practice_mojak_orbit
-logFile
Logs/AssetImportWorker3.log
-srvPort
58193
Successfully changed project path to: C:/Users/user/Documents/GitHub/Project_G/practice_mojak_orbit
C:/Users/user/Documents/GitHub/Project_G/practice_mojak_orbit
[UnityMemory] Configuration Parameters - Can be set up in boot.config
    "memorysetup-bucket-allocator-granularity=16"
    "memorysetup-bucket-allocator-bucket-count=8"
    "memorysetup-bucket-allocator-block-size=33554432"
    "memorysetup-bucket-allocator-block-count=8"
    "memorysetup-main-allocator-block-size=16777216"
    "memorysetup-thread-allocator-block-size=16777216"
    "memorysetup-gfx-main-allocator-block-size=16777216"
    "memorysetup-gfx-thread-allocator-block-size=16777216"
    "memorysetup-cache-allocator-block-size=4194304"
    "memorysetup-typetree-allocator-block-size=2097152"
    "memorysetup-profiler-bucket-allocator-granularity=16"
    "memorysetup-profiler-bucket-allocator-bucket-count=8"
    "memorysetup-profiler-bucket-allocator-block-size=33554432"
    "memorysetup-profiler-bucket-allocator-block-count=8"
    "memorysetup-profiler-allocator-block-size=16777216"
    "memorysetup-profiler-editor-allocator-block-size=1048576"
    "memorysetup-temp-allocator-size-main=16777216"
    "memorysetup-job-temp-allocator-block-size=2097152"
    "memorysetup-job-temp-allocator-block-size-background=1048576"
    "memorysetup-job-temp-allocator-reduction-small-platforms=262144"
    "memorysetup-allocator-temp-initial-block-size-main=262144"
    "memorysetup-allocator-temp-initial-block-size-worker=262144"
    "memorysetup-temp-allocator-size-background-worker=32768"
    "memorysetup-temp-allocator-size-job-worker=262144"
    "memorysetup-temp-allocator-size-preload-manager=33554432"
    "memorysetup-temp-allocator-size-nav-mesh-worker=65536"
    "memorysetup-temp-allocator-size-audio-worker=65536"
    "memorysetup-temp-allocator-size-cloud-worker=32768"
    "memorysetup-temp-allocator-size-gi-baking-worker=262144"
    "memorysetup-temp-allocator-size-gfx=262144"
Player connection [20652] Host "[IP] 192.168.219.102 [Port] 0 [Flags] 2 [Guid] 4247320588 [EditorId] 4247320588 [Version] 1048832 [Id] WindowsEditor(7,DESKTOP-6U2F1F0) [Debug] 1 [PackageName] WindowsEditor [ProjectName] Editor" joined multi-casting on [225.0.0.222:54997]...

Player connection [20652] Host "[IP] 192.168.219.102 [Port] 0 [Flags] 2 [Guid] 4247320588 [EditorId] 4247320588 [Version] 1048832 [Id] WindowsEditor(7,DESKTOP-6U2F1F0) [Debug] 1 [PackageName] WindowsEditor [ProjectName] Editor" joined alternative multi-casting on [225.0.0.222:34997]...

[Physics::Module] Initialized MultithreadedJobDispatcher with 15 workers.
Refreshing native plugins compatible for Editor in 21.61 ms, found 3 plugins.
Preloading 0 native plugins for Editor in 0.00 ms.
Initialize engine version: 2022.3.13f1 (5f90a5ebde0f)
[Subsystems] Discovering subsystems at path C:/Program Files/Unity 2022.3.13f1/Editor/Data/Resources/UnitySubsystems
[Subsystems] Discovering subsystems at path C:/Users/user/Documents/GitHub/Project_G/practice_mojak_orbit/Assets
GfxDevice: creating device client; threaded=0; jobified=0
Direct3D:
    Version:  Direct3D 11.0 [level 11.1]
    Renderer: NVIDIA GeForce RTX 4060 Laptop GPU (ID=0x28a0)
    Vendor:   NVIDIA
    VRAM:     7971 MB
    Driver:   31.0.15.2892
Initialize mono
Mono path[0] = 'C:/Program Files/Unity 2022.3.13f1/Editor/Data/Managed'
Mono path[1] = 'C:/Program Files/Unity 2022.3.13f1/Editor/Data/MonoBleedingEdge/lib/mono/unityjit-win32'
Mono config path = 'C:/Program Files/Unity 2022.3.13f1/Editor/Data/MonoBleedingEdge/etc'
Using monoOptions --debugger-agent=transport=dt_socket,embedding=1,server=y,suspend=n,address=127.0.0.1:56340
Begin MonoManager ReloadAssembly
Registering precompiled unity dll's ...
Register platform support module: C:/Program Files/Unity 2022.3.13f1/Editor/Data/PlaybackEngines/AndroidPlayer/UnityEditor.Android.Extensions.dll
Register platform support module: C:/Program Files/Unity 2022.3.13f1/Editor/Data/PlaybackEngines/WindowsStandaloneSupport/UnityEditor.WindowsStandalone.Extensions.dll
Registered in 0.004339 seconds.
- Loaded All Assemblies, in  0.351 seconds
Native extension for WindowsStandalone target not found
Native extension for Android target not found
Mono: successfully reloaded assembly
- Finished resetting the current domain, in  0.249 seconds
Domain Reload Profiling: 597ms
	BeginReloadAssembly (97ms)
		ExecutionOrderSort (0ms)
		DisableScriptedObjects (0ms)
		BackupInstance (0ms)
		ReleaseScriptingObjects (0ms)
		CreateAndSetChildDomain (1ms)
	RebuildCommonClasses (34ms)
	RebuildNativeTypeToScriptingClass (8ms)
	initialDomainReloadingComplete (53ms)
	LoadAllAssembliesAndSetupDomain (156ms)
		LoadAssemblies (96ms)
		RebuildTransferFunctionScriptingTraits (0ms)
		AnalyzeDomain (153ms)
			TypeCache.Refresh (152ms)
				TypeCache.ScanAssembly (140ms)
			ScanForSourceGeneratedMonoScriptInfo (0ms)
			ResolveRequiredComponents (0ms)
	FinalizeReload (249ms)
		ReleaseScriptCaches (0ms)
		RebuildScriptCaches (0ms)
		SetupLoadedEditorAssemblies (205ms)
			LogAssemblyErrors (0ms)
			InitializePlatformSupportModulesInManaged (79ms)
			SetLoadedEditorAssemblies (3ms)
			RefreshPlugins (0ms)
			BeforeProcessingInitializeOnLoad (2ms)
			ProcessInitializeOnLoadAttributes (85ms)
			ProcessInitializeOnLoadMethodAttributes (36ms)
			AfterProcessingInitializeOnLoad (0ms)
			EditorAssembliesLoaded (0ms)
		ExecutionOrderSort2 (0ms)
		AwakeInstancesAfterBackupRestoration (0ms)
========================================================================
Worker process is ready to serve import requests
Begin MonoManager ReloadAssembly
Assembly 'Assets/ExternalDependencyManager/Editor/1.2.179/Google.IOSResolver.dll' will not be loaded due to errors:
Unable to resolve reference 'UnityEditor.iOS.Extensions.Xcode'. Is the assembly missing or incompatible with the current platform?
Reference validation can be disabled in the Plugin Inspector.
- Loaded All Assemblies, in  0.606 seconds
Refreshing native plugins compatible for Editor in 8.32 ms, found 3 plugins.
Native extension for WindowsStandalone target not found
Native extension for Android target not found
Package Manager log level set to [2]
[Package Manager] Server::EnsureServerProcessIsRunning -- launch failed, reason: Unity was launched with the -noUpm command-line argument
[Package Manager] UpmClient::Send -- Unable to send message (not connected to UPM process).
[Package Manager] Cannot connect to Unity Package Manager local server
Mono: successfully reloaded assembly
- Finished resetting the current domain, in  0.452 seconds
Domain Reload Profiling: 1054ms
	BeginReloadAssembly (128ms)
		ExecutionOrderSort (0ms)
		DisableScriptedObjects (4ms)
		BackupInstance (0ms)
		ReleaseScriptingObjects (0ms)
		CreateAndSetChildDomain (16ms)
	RebuildCommonClasses (28ms)
	RebuildNativeTypeToScriptingClass (8ms)
	initialDomainReloadingComplete (35ms)
	LoadAllAssembliesAndSetupDomain (404ms)
		LoadAssemblies (310ms)
		RebuildTransferFunctionScriptingTraits (0ms)
		AnalyzeDomain (171ms)
			TypeCache.Refresh (155ms)
				TypeCache.ScanAssembly (138ms)
			ScanForSourceGeneratedMonoScriptInfo (12ms)
			ResolveRequiredComponents (3ms)
	FinalizeReload (452ms)
		ReleaseScriptCaches (0ms)
		RebuildScriptCaches (0ms)
		SetupLoadedEditorAssemblies (323ms)
			LogAssemblyErrors (0ms)
			InitializePlatformSupportModulesInManaged (19ms)
			SetLoadedEditorAssemblies (2ms)
			RefreshPlugins (0ms)
			BeforeProcessingInitializeOnLoad (45ms)
			ProcessInitializeOnLoadAttributes (236ms)
			ProcessInitializeOnLoadMethodAttributes (16ms)
			AfterProcessingInitializeOnLoad (5ms)
			EditorAssembliesLoaded (0ms)
		ExecutionOrderSort2 (0ms)
		AwakeInstancesAfterBackupRestoration (5ms)
Launched and connected shader compiler UnityShaderCompiler.exe after 0.05 seconds
Refreshing native plugins compatible for Editor in 6.55 ms, found 3 plugins.
Preloading 0 native plugins for Editor in 0.00 ms.
Unloading 3275 Unused Serialized files (Serialized files now loaded: 0)
Unloading 60 unused Assets / (68.1 KB). Loaded Objects now: 3732.
Memory consumption went from 138.0 MB to 138.0 MB.
Total: 2.903100 ms (FindLiveObjects: 0.174800 ms CreateObjectMapping: 0.082800 ms MarkObjects: 2.548500 ms  DeleteObjects: 0.095700 ms)

AssetImportParameters requested are different than current active one (requested -> active):
  custom:container-demuxer-ogg: 62fdf1f143b41e24485cea50d1cbac27 -> 
  custom:video-codec-MediaFoundation-h265: 746d11721c4dcdbdad8f713fa42b33f4 -> 
  custom:video-decoder-ogg-theora: a1e56fd34408186e4bbccfd4996cb3dc -> 
  custom:framework-win-MediaFoundation: 216162199b28c13a410421893ffa2e32 -> 
  custom:CustomObjectIndexerAttribute: 756ad292c208cfabdd7b50bc23989ffe -> 
  custom:container-demuxer-webm: 4f35f7cbe854078d1ac9338744f61a02 -> 
  custom:container-muxer-webm: aa71ff27fc2769a1b78a27578f13a17b -> 
  custom:video-decoder-webm-vp8: 9c59270c3fd7afecdb556c50c9e8de78 -> 
  custom:SearchIndexIgnoredProperties: e643bd26f0fe6173181afceb89e7c659 -> 
  custom:AudioImporter_EditorPlatform: d09bf68614088b80899f8185d706f6e7 -> 
  custom:video-encoder-webm-vp8: eb34c28f22e8b96e1ab97ce403110664 -> 
  custom:audio-decoder-ogg-vorbis: bf7c407c2cedff20999df2af8eb42d56 -> 
  custom:audio-encoder-webm-vorbis: bf7c407c2cedff20999df2af8eb42d56 -> 
========================================================================
Received Import Request.
  Time since last request: 976876.395844 seconds.
  path: Assets/Models/craft_racer.fbx
  artifactKey: Guid(22404c21f10665543b3f9ee04bcad18b) Importer(815301076,1909f56bfc062723c751e8b465ee728b)
Start importing Assets/Models/craft_racer.fbx using Guid(22404c21f10665543b3f9ee04bcad18b) Importer(815301076,1909f56bfc062723c751e8b465ee728b)  -> (artifact id: '6bde30aa0c719ca7adedd0549bc3aeff') in 0.180456 seconds
Number of updated asset objects reloaded before import = 0
Number of asset objects unloaded after import = 11
========================================================================
Received Import Request.
  Time since last request: 0.000021 seconds.
  path: Assets/Models/craft_speederB.fbx
  artifactKey: Guid(583cbd240544e354f9797beed78f3d1a) Importer(815301076,1909f56bfc062723c751e8b465ee728b)
Start importing Assets/Models/craft_speederB.fbx using Guid(583cbd240544e354f9797beed78f3d1a) Importer(815301076,1909f56bfc062723c751e8b465ee728b)  -> (artifact id: 'f6f3c452dcf81f7fb98e8d76b768f102') in 0.029913 seconds
Number of updated asset objects reloaded before import = 0
Number of asset objects unloaded after import = 11
========================================================================
Received Prepare
Begin MonoManager ReloadAssembly
Assembly 'Assets/ExternalDependencyManager/Editor/1.2.179/Google.IOSResolver.dll' will not be loaded due to errors:
Unable to resolve reference 'UnityEditor.iOS.Extensions.Xcode'. Is the assembly missing or incompatible with the current platform?
Reference validation can be disabled in the Plugin Inspector.
- Loaded All Assemblies, in  0.438 seconds
Refreshing native plugins compatible for Editor in 8.60 ms, found 3 plugins.
Native extension for WindowsStandalone target not found
Native extension for Android target not found
[Package Manager] Server::EnsureServerProcessIsRunning -- launch failed, reason: Unity was launched with the -noUpm command-line argument
[Package Manager] UpmClient::Send -- Unable to send message (not connected to UPM process).
[Package Manager] Cannot connect to Unity Package Manager local server
Mono: successfully reloaded assembly
- Finished resetting the current domain, in  0.717 seconds
Domain Reload Profiling: 1152ms
	BeginReloadAssembly (154ms)
		ExecutionOrderSort (0ms)
		DisableScriptedObjects (4ms)
		BackupInstance (0ms)
		ReleaseScriptingObjects (0ms)
		CreateAndSetChildDomain (35ms)
	RebuildCommonClasses (25ms)
	RebuildNativeTypeToScriptingClass (13ms)
	initialDomainReloadingComplete (32ms)
	LoadAllAssembliesAndSetupDomain (211ms)
		LoadAssemblies (269ms)
		RebuildTransferFunctionScriptingTraits (0ms)
		AnalyzeDomain (21ms)
			TypeCache.Refresh (8ms)
				TypeCache.ScanAssembly (1ms)
			ScanForSourceGeneratedMonoScriptInfo (8ms)
			ResolveRequiredComponents (4ms)
	FinalizeReload (718ms)
		ReleaseScriptCaches (0ms)
		RebuildScriptCaches (0ms)
		SetupLoadedEditorAssemblies (320ms)
			LogAssemblyErrors (0ms)
			InitializePlatformSupportModulesInManaged (19ms)
			SetLoadedEditorAssemblies (2ms)
			RefreshPlugins (0ms)
			BeforeProcessingInitializeOnLoad (45ms)
			ProcessInitializeOnLoadAttributes (226ms)
			ProcessInitializeOnLoadMethodAttributes (20ms)
			AfterProcessingInitializeOnLoad (7ms)
			EditorAssembliesLoaded (0ms)
		ExecutionOrderSort2 (0ms)
		AwakeInstancesAfterBackupRestoration (7ms)
Refreshing native plugins compatible for Editor in 9.47 ms, found 3 plugins.
Preloading 0 native plugins for Editor in 0.00 ms.
Unloading 3253 Unused Serialized files (Serialized files now loaded: 0)
Unloading 51 unused Assets / (42.5 KB). Loaded Objects now: 3778.
Memory consumption went from 135.0 MB to 135.0 MB.
Total: 3.086600 ms (FindLiveObjects: 0.177100 ms CreateObjectMapping: 0.068900 ms MarkObjects: 2.765900 ms  DeleteObjects: 0.071300 ms)

Prepare: number of updated asset objects reloaded= 0
AssetImportParameters requested are different than current active one (requested -> active):
  custom:container-demuxer-ogg: 62fdf1f143b41e24485cea50d1cbac27 -> 
  custom:video-codec-MediaFoundation-h265: 746d11721c4dcdbdad8f713fa42b33f4 -> 
  custom:video-decoder-ogg-theora: a1e56fd34408186e4bbccfd4996cb3dc -> 
  custom:framework-win-MediaFoundation: 216162199b28c13a410421893ffa2e32 -> 
  custom:CustomObjectIndexerAttribute: 756ad292c208cfabdd7b50bc23989ffe -> 
  custom:container-demuxer-webm: 4f35f7cbe854078d1ac9338744f61a02 -> 
  custom:container-muxer-webm: aa71ff27fc2769a1b78a27578f13a17b -> 
  custom:video-decoder-webm-vp8: 9c59270c3fd7afecdb556c50c9e8de78 -> 
  custom:SearchIndexIgnoredProperties: e643bd26f0fe6173181afceb89e7c659 -> 
  custom:AudioImporter_EditorPlatform: d09bf68614088b80899f8185d706f6e7 -> 
  custom:video-encoder-webm-vp8: eb34c28f22e8b96e1ab97ce403110664 -> 
  custom:audio-decoder-ogg-vorbis: bf7c407c2cedff20999df2af8eb42d56 -> 
  custom:audio-encoder-webm-vorbis: bf7c407c2cedff20999df2af8eb42d56 -> 
========================================================================
Received Prepare
Begin MonoManager ReloadAssembly
Assembly 'Assets/ExternalDependencyManager/Editor/1.2.179/Google.IOSResolver.dll' will not be loaded due to errors:
Unable to resolve reference 'UnityEditor.iOS.Extensions.Xcode'. Is the assembly missing or incompatible with the current platform?
Reference validation can be disabled in the Plugin Inspector.
- Loaded All Assemblies, in  0.403 seconds
Refreshing native plugins compatible for Editor in 12.94 ms, found 3 plugins.
Native extension for WindowsStandalone target not found
Native extension for Android target not found
[Package Manager] Server::EnsureServerProcessIsRunning -- launch failed, reason: Unity was launched with the -noUpm command-line argument
[Package Manager] UpmClient::Send -- Unable to send message (not connected to UPM process).
[Package Manager] Cannot connect to Unity Package Manager local server
Mono: successfully reloaded assembly
- Finished resetting the current domain, in  0.775 seconds
Domain Reload Profiling: 1174ms
	BeginReloadAssembly (118ms)
		ExecutionOrderSort (0ms)
		DisableScriptedObjects (3ms)
		BackupInstance (0ms)
		ReleaseScriptingObjects (0ms)
		CreateAndSetChildDomain (24ms)
	RebuildCommonClasses (30ms)
	RebuildNativeTypeToScriptingClass (9ms)
	initialDomainReloadingComplete (36ms)
	LoadAllAssembliesAndSetupDomain (205ms)
		LoadAssemblies (256ms)
		RebuildTransferFunctionScriptingTraits (0ms)
		AnalyzeDomain (11ms)
			TypeCache.Refresh (6ms)
				TypeCache.ScanAssembly (0ms)
			ScanForSourceGeneratedMonoScriptInfo (0ms)
			ResolveRequiredComponents (4ms)
	FinalizeReload (775ms)
		ReleaseScriptCaches (0ms)
		RebuildScriptCaches (0ms)
		SetupLoadedEditorAssemblies (347ms)
			LogAssemblyErrors (0ms)
			InitializePlatformSupportModulesInManaged (18ms)
			SetLoadedEditorAssemblies (3ms)
			RefreshPlugins (0ms)
			BeforeProcessingInitializeOnLoad (43ms)
			ProcessInitializeOnLoadAttributes (258ms)
			ProcessInitializeOnLoadMethodAttributes (18ms)
			AfterProcessingInitializeOnLoad (7ms)
			EditorAssembliesLoaded (0ms)
		ExecutionOrderSort2 (0ms)
		AwakeInstancesAfterBackupRestoration (6ms)
Refreshing native plugins compatible for Editor in 10.17 ms, found 3 plugins.
Preloading 0 native plugins for Editor in 0.00 ms.
Unloading 3254 Unused Serialized files (Serialized files now loaded: 0)
Unloading 51 unused Assets / (42.5 KB). Loaded Objects now: 3781.
Memory consumption went from 137.2 MB to 137.2 MB.
Total: 2.877100 ms (FindLiveObjects: 0.194300 ms CreateObjectMapping: 0.117300 ms MarkObjects: 2.410400 ms  DeleteObjects: 0.154300 ms)

Prepare: number of updated asset objects reloaded= 0
AssetImportParameters requested are different than current active one (requested -> active):
  custom:container-demuxer-ogg: 62fdf1f143b41e24485cea50d1cbac27 -> 
  custom:video-codec-MediaFoundation-h265: 746d11721c4dcdbdad8f713fa42b33f4 -> 
  custom:video-decoder-ogg-theora: a1e56fd34408186e4bbccfd4996cb3dc -> 
  custom:framework-win-MediaFoundation: 216162199b28c13a410421893ffa2e32 -> 
  custom:CustomObjectIndexerAttribute: 756ad292c208cfabdd7b50bc23989ffe -> 
  custom:container-demuxer-webm: 4f35f7cbe854078d1ac9338744f61a02 -> 
  custom:container-muxer-webm: aa71ff27fc2769a1b78a27578f13a17b -> 
  custom:video-decoder-webm-vp8: 9c59270c3fd7afecdb556c50c9e8de78 -> 
  custom:SearchIndexIgnoredProperties: e643bd26f0fe6173181afceb89e7c659 -> 
  custom:AudioImporter_EditorPlatform: d09bf68614088b80899f8185d706f6e7 -> 
  custom:video-encoder-webm-vp8: eb34c28f22e8b96e1ab97ce403110664 -> 
  custom:audio-decoder-ogg-vorbis: bf7c407c2cedff20999df2af8eb42d56 -> 
  custom:audio-encoder-webm-vorbis: bf7c407c2cedff20999df2af8eb42d56 -> 
========================================================================
Received Import Request.
  Time since last request: 196.288176 seconds.
  path: Assets/Models/wings.fbx
  artifactKey: Guid(ec94ec937397511499488e9d007ef067) Importer(815301076,1909f56bfc062723c751e8b465ee728b)
Start importing Assets/Models/wings.fbx using Guid(ec94ec937397511499488e9d007ef067) Importer(815301076,1909f56bfc062723c751e8b465ee728b)  -> (artifact id: '0109e86d996fa9ffbad202997b55c618') in 0.109085 seconds
Number of updated asset objects reloaded before import = 0
Number of asset objects unloaded after import = 18
========================================================================
Received Import Request.
  Time since last request: 10.302347 seconds.
  path: Assets/2_Prefabs/Car.prefab
  artifactKey: Guid(1afc446813d289e4e93f1e7fcf3371f5) Importer(815301076,1909f56bfc062723c751e8b465ee728b)
Start importing Assets/2_Prefabs/Car.prefab using Guid(1afc446813d289e4e93f1e7fcf3371f5) Importer(815301076,1909f56bfc062723c751e8b465ee728b)  -> (artifact id: '5b12412d42212de049f13453c801a996') in 0.050362 seconds
Number of updated asset objects reloaded before import = 0
Number of asset objects unloaded after import = 9
========================================================================
Received Import Request.
  Time since last request: 1.169599 seconds.
  path: Assets/2_Prefabs/Log 1.prefab
  artifactKey: Guid(af69fd7492d52c24b88b4d9af97a287f) Importer(815301076,1909f56bfc062723c751e8b465ee728b)
Start importing Assets/2_Prefabs/Log 1.prefab using Guid(af69fd7492d52c24b88b4d9af97a287f) Importer(815301076,1909f56bfc062723c751e8b465ee728b)  -> (artifact id: 'ae990552b78b35545d17566cfa40220f') in 0.010252 seconds
Number of updated asset objects reloaded before import = 0
Number of asset objects unloaded after import = 11
========================================================================
Received Import Request.
  Time since last request: 0.834892 seconds.
  path: Assets/2_Prefabs/SubCharacter.prefab
  artifactKey: Guid(07079845b23cf3b449b61ddbaa6bfef9) Importer(815301076,1909f56bfc062723c751e8b465ee728b)
Start importing Assets/2_Prefabs/SubCharacter.prefab using Guid(07079845b23cf3b449b61ddbaa6bfef9) Importer(815301076,1909f56bfc062723c751e8b465ee728b)  -> (artifact id: '849cb5d3d0b662376e5a39bf01b6bf8a') in 0.008794 seconds
Number of updated asset objects reloaded before import = 0
Number of asset objects unloaded after import = 13
========================================================================
Received Import Request.
  Time since last request: 0.000014 seconds.
  path: Assets/2_Prefabs/wings.prefab
  artifactKey: Guid(1f3bc245adad8c8408cc807f8a3f8d48) Importer(815301076,1909f56bfc062723c751e8b465ee728b)
Start importing Assets/2_Prefabs/wings.prefab using Guid(1f3bc245adad8c8408cc807f8a3f8d48) Importer(815301076,1909f56bfc062723c751e8b465ee728b)  -> (artifact id: 'e88f2060dac82e634c478e95d8e5b048') in 0.011746 seconds
Number of updated asset objects reloaded before import = 0
Number of asset objects unloaded after import = 26
========================================================================
Received Import Request.
  Time since last request: 0.850112 seconds.
  path: Assets/4_Sound/Blast 5.mp3
  artifactKey: Guid(354655e9dabc2c84ba1396dcc4644eb2) Importer(815301076,1909f56bfc062723c751e8b465ee728b)
Start importing Assets/4_Sound/Blast 5.mp3 using Guid(354655e9dabc2c84ba1396dcc4644eb2) Importer(815301076,1909f56bfc062723c751e8b465ee728b)  -> (artifact id: '27db2fb50352fed55704fcfa9a445ddb') in 0.022026 seconds
Number of updated asset objects reloaded before import = 0
Number of asset objects unloaded after import = 2
========================================================================
Received Import Request.
  Time since last request: 0.998492 seconds.
  path: Assets/4_Sound/Coin 3.mp3
  artifactKey: Guid(a2fd50236f73dc349827db29060a5cd9) Importer(815301076,1909f56bfc062723c751e8b465ee728b)
Start importing Assets/4_Sound/Coin 3.mp3 using Guid(a2fd50236f73dc349827db29060a5cd9) Importer(815301076,1909f56bfc062723c751e8b465ee728b)  -> (artifact id: '2dc5b49cefd467faa195da01ecc5413c') in 0.007204 seconds
Number of updated asset objects reloaded before import = 0
Number of asset objects unloaded after import = 2
========================================================================
Received Import Request.
  Time since last request: 0.004491 seconds.
  path: Assets/4_Sound/Coin 2.mp3
  artifactKey: Guid(c085719bd0419e048961e696226d9805) Importer(815301076,1909f56bfc062723c751e8b465ee728b)
Start importing Assets/4_Sound/Coin 2.mp3 using Guid(c085719bd0419e048961e696226d9805) Importer(815301076,1909f56bfc062723c751e8b465ee728b)  -> (artifact id: '22cc788db78568497dc832cff2abdaaa') in 0.005843 seconds
Number of updated asset objects reloaded before import = 0
Number of asset objects unloaded after import = 2
========================================================================
Received Import Request.
  Time since last request: 0.000012 seconds.
  path: Assets/4_Sound/forceField_001.ogg
  artifactKey: Guid(aba93c5ed6d0fb54f8b94a5f608b701f) Importer(815301076,1909f56bfc062723c751e8b465ee728b)
Start importing Assets/4_Sound/forceField_001.ogg using Guid(aba93c5ed6d0fb54f8b94a5f608b701f) Importer(815301076,1909f56bfc062723c751e8b465ee728b)  -> (artifact id: '0904f0e8786d64106411480f3ed5dee2') in 0.006045 seconds
Number of updated asset objects reloaded before import = 0
Number of asset objects unloaded after import = 2
========================================================================
Received Import Request.
  Time since last request: 0.000022 seconds.
  path: Assets/4_Sound/impactMetal_004.ogg
  artifactKey: Guid(be46aa2969768fa41b5bd38909746482) Importer(815301076,1909f56bfc062723c751e8b465ee728b)
Start importing Assets/4_Sound/impactMetal_004.ogg using Guid(be46aa2969768fa41b5bd38909746482) Importer(815301076,1909f56bfc062723c751e8b465ee728b)  -> (artifact id: '5786fe7cdbdfc5795e5e744a8938ef8c') in 0.006344 seconds
Number of updated asset objects reloaded before import = 0
Number of asset objects unloaded after import = 2
========================================================================
Received Import Request.
  Time since last request: 0.000021 seconds.
  path: Assets/4_Sound/forceField_004.ogg
  artifactKey: Guid(e401e421f34eb2e49b251a2ecef25bcd) Importer(815301076,1909f56bfc062723c751e8b465ee728b)
Start importing Assets/4_Sound/forceField_004.ogg using Guid(e401e421f34eb2e49b251a2ecef25bcd) Importer(815301076,1909f56bfc062723c751e8b465ee728b)  -> (artifact id: 'f598eb191aba6941f54dd0a096b927d0') in 0.007158 seconds
Number of updated asset objects reloaded before import = 0
Number of asset objects unloaded after import = 2
========================================================================
Received Import Request.
  Time since last request: 0.000398 seconds.
  path: Assets/4_Sound/Hit.mp3
  artifactKey: Guid(98416b30a1e7a944083a5f300d7e0d17) Importer(815301076,1909f56bfc062723c751e8b465ee728b)
Start importing Assets/4_Sound/Hit.mp3 using Guid(98416b30a1e7a944083a5f300d7e0d17) Importer(815301076,1909f56bfc062723c751e8b465ee728b)  -> (artifact id: '90651404d89502c4d587248fee7c19fd') in 0.004709 seconds
Number of updated asset objects reloaded before import = 0
Number of asset objects unloaded after import = 2
========================================================================
Received Import Request.
  Time since last request: 0.000513 seconds.
  path: Assets/4_Sound/computerNoise_003.ogg
  artifactKey: Guid(5b1bc647f7dce2b4a87c575b5a6b2183) Importer(815301076,1909f56bfc062723c751e8b465ee728b)
Start importing Assets/4_Sound/computerNoise_003.ogg using Guid(5b1bc647f7dce2b4a87c575b5a6b2183) Importer(815301076,1909f56bfc062723c751e8b465ee728b)  -> (artifact id: 'db9d8c1a2878495174658be19517b5f8') in 0.008959 seconds
Number of updated asset objects reloaded before import = 0
Number of asset objects unloaded after import = 2
========================================================================
Received Import Request.
  Time since last request: 0.000176 seconds.
  path: Assets/4_Sound/Fail2.mp3
  artifactKey: Guid(deec81982c9551744be23c2ec59d2fd4) Importer(815301076,1909f56bfc062723c751e8b465ee728b)
Start importing Assets/4_Sound/Fail2.mp3 using Guid(deec81982c9551744be23c2ec59d2fd4) Importer(815301076,1909f56bfc062723c751e8b465ee728b)  -> (artifact id: '9d2e91fab90a98f49885051c9190d2b5') in 0.006159 seconds
Number of updated asset objects reloaded before import = 0
Number of asset objects unloaded after import = 2
========================================================================
Received Import Request.
  Time since last request: 0.000314 seconds.
  path: Assets/4_Sound/ChumBeong.mp3
  artifactKey: Guid(f6f8a89d376cd71428fa095e3b140ea4) Importer(815301076,1909f56bfc062723c751e8b465ee728b)
Start importing Assets/4_Sound/ChumBeong.mp3 using Guid(f6f8a89d376cd71428fa095e3b140ea4) Importer(815301076,1909f56bfc062723c751e8b465ee728b)  -> (artifact id: '3463aa34da93d3fb1fdddca2aad6c4c9') in 0.005526 seconds
Number of updated asset objects reloaded before import = 0
Number of asset objects unloaded after import = 2
========================================================================
Received Import Request.
  Time since last request: 0.000155 seconds.
  path: Assets/4_Sound/InGameBGM2.mp3
  artifactKey: Guid(5768bf92621b49f4a98a98d36fd6db1d) Importer(815301076,1909f56bfc062723c751e8b465ee728b)
Start importing Assets/4_Sound/InGameBGM2.mp3 using Guid(5768bf92621b49f4a98a98d36fd6db1d) Importer(815301076,1909f56bfc062723c751e8b465ee728b)  -> (artifact id: '077aad48f240507ddb0ac2da75d751a8') in 0.005630 seconds
Number of updated asset objects reloaded before import = 0
Number of asset objects unloaded after import = 2
========================================================================
Received Import Request.
  Time since last request: 0.000021 seconds.
  path: Assets/2_Prefabs/Effect.prefab
  artifactKey: Guid(b225bdf7534cd2d499b4186a3d900792) Importer(815301076,1909f56bfc062723c751e8b465ee728b)
Start importing Assets/2_Prefabs/Effect.prefab using Guid(b225bdf7534cd2d499b4186a3d900792) Importer(815301076,1909f56bfc062723c751e8b465ee728b)  -> (artifact id: '5f9432defc58591fad938cd0ff6ae00c') in 0.010555 seconds
Number of updated asset objects reloaded before import = 0
Number of asset objects unloaded after import = 94
========================================================================
Received Import Request.
  Time since last request: 0.000012 seconds.
  path: Assets/4_Sound/Blast 6.mp3
  artifactKey: Guid(14c0d52d8c7a3414dab5dfb2e8c57bbf) Importer(815301076,1909f56bfc062723c751e8b465ee728b)
Start importing Assets/4_Sound/Blast 6.mp3 using Guid(14c0d52d8c7a3414dab5dfb2e8c57bbf) Importer(815301076,1909f56bfc062723c751e8b465ee728b)  -> (artifact id: 'd69af1d38bbe31a6f6c7bb481e53c522') in 0.005653 seconds
Number of updated asset objects reloaded before import = 0
Number of asset objects unloaded after import = 2
========================================================================
Received Import Request.
  Time since last request: 8.481166 seconds.
  path: Assets/2_Prefabs/Moving Enemy Prefabs/SpaceShip01.prefab
  artifactKey: Guid(2e2d3d144240b784abb688b18dfc956e) Importer(815301076,1909f56bfc062723c751e8b465ee728b)
Start importing Assets/2_Prefabs/Moving Enemy Prefabs/SpaceShip01.prefab using Guid(2e2d3d144240b784abb688b18dfc956e) Importer(815301076,1909f56bfc062723c751e8b465ee728b)  -> (artifact id: '9c54b69cbb991aa451d833b40bc8b1e0') in 0.008542 seconds
Number of updated asset objects reloaded before import = 0
Number of asset objects unloaded after import = 21
========================================================================
Received Import Request.
  Time since last request: 22.148022 seconds.
  path: Assets/2_Prefabs/Terrain Prefabs/Ground03.prefab
  artifactKey: Guid(13b938ecba9ab7046a2b77763dc0e3f5) Importer(815301076,1909f56bfc062723c751e8b465ee728b)
Start importing Assets/2_Prefabs/Terrain Prefabs/Ground03.prefab using Guid(13b938ecba9ab7046a2b77763dc0e3f5) Importer(815301076,1909f56bfc062723c751e8b465ee728b)  -> (artifact id: '3a92b9f58eb07b0478ea27e0dad807e1') in 0.015445 seconds
Number of updated asset objects reloaded before import = 0
Number of asset objects unloaded after import = 56
========================================================================
Received Import Request.
  Time since last request: 0.000016 seconds.
  path: Assets/2_Prefabs/Terrain Prefabs/Ground11.prefab
  artifactKey: Guid(16e9054c7697998489a6900b18ec69f3) Importer(815301076,1909f56bfc062723c751e8b465ee728b)
Start importing Assets/2_Prefabs/Terrain Prefabs/Ground11.prefab using Guid(16e9054c7697998489a6900b18ec69f3) Importer(815301076,1909f56bfc062723c751e8b465ee728b)  -> (artifact id: 'a6d881d8c397c87478953b9952b78b52') in 0.040893 seconds
Number of updated asset objects reloaded before import = 0
Number of asset objects unloaded after import = 124
========================================================================
Received Import Request.
  Time since last request: 0.000013 seconds.
  path: Assets/2_Prefabs/Terrain Prefabs/Road05.prefab
  artifactKey: Guid(d8bffd685b2e0f944a1e691efe4fd90b) Importer(815301076,1909f56bfc062723c751e8b465ee728b)
Start importing Assets/2_Prefabs/Terrain Prefabs/Road05.prefab using Guid(d8bffd685b2e0f944a1e691efe4fd90b) Importer(815301076,1909f56bfc062723c751e8b465ee728b)  -> (artifact id: 'c607e08cb93bb60cd3fae09500da5efd') in 0.011606 seconds
Number of updated asset objects reloaded before import = 0
Number of asset objects unloaded after import = 41
========================================================================
Received Import Request.
  Time since last request: 0.000014 seconds.
  path: Assets/2_Prefabs/Terrain Prefabs/Lava01.prefab
  artifactKey: Guid(c1b26fd4432354a4c8657e881913bd06) Importer(815301076,1909f56bfc062723c751e8b465ee728b)
Start importing Assets/2_Prefabs/Terrain Prefabs/Lava01.prefab using Guid(c1b26fd4432354a4c8657e881913bd06) Importer(815301076,1909f56bfc062723c751e8b465ee728b)  -> (artifact id: 'a0bf5e08ae3e6933df74c5e175ddd7f7') in 0.022955 seconds
Number of updated asset objects reloaded before import = 0
Number of asset objects unloaded after import = 19
Editor requested this worker to shutdown with reason: Scaling down because of idle timeout
TcpMessagingSession - receive error: operation aborted. errorcode: 995, details: 스레드 종료 또는 응용 프로그램 요청 때문에 I/O 작업이 취소되었습니다.
AssetImportWorker is now disconnected from the server
Process exiting
Exiting without the bug reporter. Application will terminate with return code 0