Using pre-set license
Built from '2022.3/staging' branch; Version is '2022.3.13f1 (5f90a5ebde0f) revision 6262949'; Using compiler version '192829333'; Build Type 'Release'
OS: 'Windows 11  (10.0.22631) 64bit Core' Language: 'ko' Physical Memory: 32470 MB
BatchMode: 1, IsHumanControllingUs: 0, StartBugReporterOnCrash: 0, Is64bit: 1, IsPro: 1

COMMAND LINE ARGUMENTS:
C:\Program Files\Unity 2022.3.13f1\Editor\Unity.exe
-adb2
-batchMode
-noUpm
-name
AssetImportWorker7
-projectPath
C:/Users/user/Documents/GitHub/Project_G/practice_mojak_orbit
-logFile
Logs/AssetImportWorker7.log
-srvPort
58193
Successfully changed project path to: C:/Users/user/Documents/GitHub/Project_G/practice_mojak_orbit
C:/Users/user/Documents/GitHub/Project_G/practice_mojak_orbit
[UnityMemory] Configuration Parameters - Can be set up in boot.config
    "memorysetup-bucket-allocator-granularity=16"
    "memorysetup-bucket-allocator-bucket-count=8"
    "memorysetup-bucket-allocator-block-size=33554432"
    "memorysetup-bucket-allocator-block-count=8"
    "memorysetup-main-allocator-block-size=16777216"
    "memorysetup-thread-allocator-block-size=16777216"
    "memorysetup-gfx-main-allocator-block-size=16777216"
    "memorysetup-gfx-thread-allocator-block-size=16777216"
    "memorysetup-cache-allocator-block-size=4194304"
    "memorysetup-typetree-allocator-block-size=2097152"
    "memorysetup-profiler-bucket-allocator-granularity=16"
    "memorysetup-profiler-bucket-allocator-bucket-count=8"
    "memorysetup-profiler-bucket-allocator-block-size=33554432"
    "memorysetup-profiler-bucket-allocator-block-count=8"
    "memorysetup-profiler-allocator-block-size=16777216"
    "memorysetup-profiler-editor-allocator-block-size=1048576"
    "memorysetup-temp-allocator-size-main=16777216"
    "memorysetup-job-temp-allocator-block-size=2097152"
    "memorysetup-job-temp-allocator-block-size-background=1048576"
    "memorysetup-job-temp-allocator-reduction-small-platforms=262144"
    "memorysetup-allocator-temp-initial-block-size-main=262144"
    "memorysetup-allocator-temp-initial-block-size-worker=262144"
    "memorysetup-temp-allocator-size-background-worker=32768"
    "memorysetup-temp-allocator-size-job-worker=262144"
    "memorysetup-temp-allocator-size-preload-manager=33554432"
    "memorysetup-temp-allocator-size-nav-mesh-worker=65536"
    "memorysetup-temp-allocator-size-audio-worker=65536"
    "memorysetup-temp-allocator-size-cloud-worker=32768"
    "memorysetup-temp-allocator-size-gi-baking-worker=262144"
    "memorysetup-temp-allocator-size-gfx=262144"
Player connection [13600] Host "[IP] 192.168.219.102 [Port] 0 [Flags] 2 [Guid] 1467686593 [EditorId] 1467686593 [Version] 1048832 [Id] WindowsEditor(7,DESKTOP-6U2F1F0) [Debug] 1 [PackageName] WindowsEditor [ProjectName] Editor" joined multi-casting on [225.0.0.222:54997]...

Player connection [13600] Host "[IP] 192.168.219.102 [Port] 0 [Flags] 2 [Guid] 1467686593 [EditorId] 1467686593 [Version] 1048832 [Id] WindowsEditor(7,DESKTOP-6U2F1F0) [Debug] 1 [PackageName] WindowsEditor [ProjectName] Editor" joined alternative multi-casting on [225.0.0.222:34997]...

[Physics::Module] Initialized MultithreadedJobDispatcher with 15 workers.
Refreshing native plugins compatible for Editor in 22.24 ms, found 3 plugins.
Preloading 0 native plugins for Editor in 0.00 ms.
Initialize engine version: 2022.3.13f1 (5f90a5ebde0f)
[Subsystems] Discovering subsystems at path C:/Program Files/Unity 2022.3.13f1/Editor/Data/Resources/UnitySubsystems
[Subsystems] Discovering subsystems at path C:/Users/user/Documents/GitHub/Project_G/practice_mojak_orbit/Assets
GfxDevice: creating device client; threaded=0; jobified=0
Direct3D:
    Version:  Direct3D 11.0 [level 11.1]
    Renderer: NVIDIA GeForce RTX 4060 Laptop GPU (ID=0x28a0)
    Vendor:   NVIDIA
    VRAM:     7971 MB
    Driver:   31.0.15.2892
Initialize mono
Mono path[0] = 'C:/Program Files/Unity 2022.3.13f1/Editor/Data/Managed'
Mono path[1] = 'C:/Program Files/Unity 2022.3.13f1/Editor/Data/MonoBleedingEdge/lib/mono/unityjit-win32'
Mono config path = 'C:/Program Files/Unity 2022.3.13f1/Editor/Data/MonoBleedingEdge/etc'
Using monoOptions --debugger-agent=transport=dt_socket,embedding=1,server=y,suspend=n,address=127.0.0.1:56780
Begin MonoManager ReloadAssembly
Registering precompiled unity dll's ...
Register platform support module: C:/Program Files/Unity 2022.3.13f1/Editor/Data/PlaybackEngines/AndroidPlayer/UnityEditor.Android.Extensions.dll
Register platform support module: C:/Program Files/Unity 2022.3.13f1/Editor/Data/PlaybackEngines/WindowsStandaloneSupport/UnityEditor.WindowsStandalone.Extensions.dll
Registered in 0.003499 seconds.
- Loaded All Assemblies, in  0.260 seconds
Native extension for WindowsStandalone target not found
Native extension for Android target not found
Mono: successfully reloaded assembly
- Finished resetting the current domain, in  0.222 seconds
Domain Reload Profiling: 480ms
	BeginReloadAssembly (74ms)
		ExecutionOrderSort (0ms)
		DisableScriptedObjects (0ms)
		BackupInstance (0ms)
		ReleaseScriptingObjects (0ms)
		CreateAndSetChildDomain (1ms)
	RebuildCommonClasses (25ms)
	RebuildNativeTypeToScriptingClass (8ms)
	initialDomainReloadingComplete (45ms)
	LoadAllAssembliesAndSetupDomain (105ms)
		LoadAssemblies (72ms)
		RebuildTransferFunctionScriptingTraits (0ms)
		AnalyzeDomain (104ms)
			TypeCache.Refresh (102ms)
				TypeCache.ScanAssembly (92ms)
			ScanForSourceGeneratedMonoScriptInfo (0ms)
			ResolveRequiredComponents (0ms)
	FinalizeReload (222ms)
		ReleaseScriptCaches (0ms)
		RebuildScriptCaches (0ms)
		SetupLoadedEditorAssemblies (176ms)
			LogAssemblyErrors (0ms)
			InitializePlatformSupportModulesInManaged (68ms)
			SetLoadedEditorAssemblies (3ms)
			RefreshPlugins (0ms)
			BeforeProcessingInitializeOnLoad (1ms)
			ProcessInitializeOnLoadAttributes (70ms)
			ProcessInitializeOnLoadMethodAttributes (34ms)
			AfterProcessingInitializeOnLoad (0ms)
			EditorAssembliesLoaded (0ms)
		ExecutionOrderSort2 (0ms)
		AwakeInstancesAfterBackupRestoration (0ms)
========================================================================
Worker process is ready to serve import requests
Begin MonoManager ReloadAssembly
Assembly 'Assets/ExternalDependencyManager/Editor/1.2.179/Google.IOSResolver.dll' will not be loaded due to errors:
Unable to resolve reference 'UnityEditor.iOS.Extensions.Xcode'. Is the assembly missing or incompatible with the current platform?
Reference validation can be disabled in the Plugin Inspector.
- Loaded All Assemblies, in  0.599 seconds
Refreshing native plugins compatible for Editor in 10.42 ms, found 3 plugins.
Native extension for WindowsStandalone target not found
Native extension for Android target not found
Package Manager log level set to [2]
[Package Manager] Server::EnsureServerProcessIsRunning -- launch failed, reason: Unity was launched with the -noUpm command-line argument
[Package Manager] UpmClient::Send -- Unable to send message (not connected to UPM process).
[Package Manager] Cannot connect to Unity Package Manager local server
Mono: successfully reloaded assembly
- Finished resetting the current domain, in  0.509 seconds
Domain Reload Profiling: 1104ms
	BeginReloadAssembly (137ms)
		ExecutionOrderSort (0ms)
		DisableScriptedObjects (3ms)
		BackupInstance (0ms)
		ReleaseScriptingObjects (0ms)
		CreateAndSetChildDomain (17ms)
	RebuildCommonClasses (28ms)
	RebuildNativeTypeToScriptingClass (14ms)
	initialDomainReloadingComplete (43ms)
	LoadAllAssembliesAndSetupDomain (373ms)
		LoadAssemblies (298ms)
		RebuildTransferFunctionScriptingTraits (0ms)
		AnalyzeDomain (157ms)
			TypeCache.Refresh (135ms)
				TypeCache.ScanAssembly (122ms)
			ScanForSourceGeneratedMonoScriptInfo (12ms)
			ResolveRequiredComponents (9ms)
	FinalizeReload (510ms)
		ReleaseScriptCaches (0ms)
		RebuildScriptCaches (0ms)
		SetupLoadedEditorAssemblies (388ms)
			LogAssemblyErrors (0ms)
			InitializePlatformSupportModulesInManaged (24ms)
			SetLoadedEditorAssemblies (2ms)
			RefreshPlugins (0ms)
			BeforeProcessingInitializeOnLoad (53ms)
			ProcessInitializeOnLoadAttributes (284ms)
			ProcessInitializeOnLoadMethodAttributes (17ms)
			AfterProcessingInitializeOnLoad (8ms)
			EditorAssembliesLoaded (0ms)
		ExecutionOrderSort2 (0ms)
		AwakeInstancesAfterBackupRestoration (8ms)
Launched and connected shader compiler UnityShaderCompiler.exe after 0.04 seconds
Refreshing native plugins compatible for Editor in 7.18 ms, found 3 plugins.
Preloading 0 native plugins for Editor in 0.00 ms.
Unloading 3275 Unused Serialized files (Serialized files now loaded: 0)
Unloading 60 unused Assets / (68.1 KB). Loaded Objects now: 3732.
Memory consumption went from 138.2 MB to 138.1 MB.
Total: 2.897200 ms (FindLiveObjects: 0.161400 ms CreateObjectMapping: 0.076700 ms MarkObjects: 2.552700 ms  DeleteObjects: 0.105100 ms)

AssetImportParameters requested are different than current active one (requested -> active):
  custom:container-demuxer-ogg: 62fdf1f143b41e24485cea50d1cbac27 -> 
  custom:video-codec-MediaFoundation-h265: 746d11721c4dcdbdad8f713fa42b33f4 -> 
  custom:video-decoder-ogg-theora: a1e56fd34408186e4bbccfd4996cb3dc -> 
  custom:framework-win-MediaFoundation: 216162199b28c13a410421893ffa2e32 -> 
  custom:CustomObjectIndexerAttribute: 756ad292c208cfabdd7b50bc23989ffe -> 
  custom:container-demuxer-webm: 4f35f7cbe854078d1ac9338744f61a02 -> 
  custom:container-muxer-webm: aa71ff27fc2769a1b78a27578f13a17b -> 
  custom:video-decoder-webm-vp8: 9c59270c3fd7afecdb556c50c9e8de78 -> 
  custom:SearchIndexIgnoredProperties: e643bd26f0fe6173181afceb89e7c659 -> 
  custom:AudioImporter_EditorPlatform: d09bf68614088b80899f8185d706f6e7 -> 
  custom:video-encoder-webm-vp8: eb34c28f22e8b96e1ab97ce403110664 -> 
  custom:audio-decoder-ogg-vorbis: bf7c407c2cedff20999df2af8eb42d56 -> 
  custom:audio-encoder-webm-vorbis: bf7c407c2cedff20999df2af8eb42d56 -> 
========================================================================
Received Import Request.
  Time since last request: 977118.004878 seconds.
  path: Assets/2_Prefabs/Terrain Prefabs/Ground06.prefab
  artifactKey: Guid(d64fed4fc1c19ee44aa9d4e515670184) Importer(815301076,1909f56bfc062723c751e8b465ee728b)
Start importing Assets/2_Prefabs/Terrain Prefabs/Ground06.prefab using Guid(d64fed4fc1c19ee44aa9d4e515670184) Importer(815301076,1909f56bfc062723c751e8b465ee728b)  -> (artifact id: '2366d8364394bf6cdb3c2af23e43c770') in 0.111362 seconds
Number of updated asset objects reloaded before import = 0
Number of asset objects unloaded after import = 49
========================================================================
Received Import Request.
  Time since last request: 170.871530 seconds.
  path: Assets/2_Prefabs/Terrain Prefabs/Road02.prefab
  artifactKey: Guid(59b0b544876ba2c4388e61370ed1e1c3) Importer(815301076,1909f56bfc062723c751e8b465ee728b)
Start importing Assets/2_Prefabs/Terrain Prefabs/Road02.prefab using Guid(59b0b544876ba2c4388e61370ed1e1c3) Importer(815301076,1909f56bfc062723c751e8b465ee728b)  -> (artifact id: '00ad1c09e4c5b7d40c955518ce41b3f7') in 0.011820 seconds
Number of updated asset objects reloaded before import = 0
Number of asset objects unloaded after import = 85
========================================================================
Received Import Request.
  Time since last request: 0.833665 seconds.
  path: Assets/2_Prefabs/Terrain Prefabs/Road03.prefab
  artifactKey: Guid(14d4b68a6e04dc8478c7c44b36aa6541) Importer(815301076,1909f56bfc062723c751e8b465ee728b)
Start importing Assets/2_Prefabs/Terrain Prefabs/Road03.prefab using Guid(14d4b68a6e04dc8478c7c44b36aa6541) Importer(815301076,1909f56bfc062723c751e8b465ee728b)  -> (artifact id: 'd593f20008dba2286919631512cdaa80') in 0.011163 seconds
Number of updated asset objects reloaded before import = 0
Number of asset objects unloaded after import = 99
========================================================================
Received Import Request.
  Time since last request: 0.092194 seconds.
  path: Assets/2_Prefabs/Terrain Prefabs/Road02.prefab
  artifactKey: Guid(59b0b544876ba2c4388e61370ed1e1c3) Importer(815301076,1909f56bfc062723c751e8b465ee728b)
Start importing Assets/2_Prefabs/Terrain Prefabs/Road02.prefab using Guid(59b0b544876ba2c4388e61370ed1e1c3) Importer(815301076,1909f56bfc062723c751e8b465ee728b)  -> (artifact id: '4026150be7f2ce8ef22b689ec0738194') in 0.008345 seconds
Number of updated asset objects reloaded before import = 0
Number of asset objects unloaded after import = 93
========================================================================
Received Import Request.
  Time since last request: 0.000011 seconds.
  path: Assets/2_Prefabs/Terrain Prefabs/Road04.prefab
  artifactKey: Guid(63bd165cf3e445844bdd6149b240849c) Importer(815301076,1909f56bfc062723c751e8b465ee728b)
Start importing Assets/2_Prefabs/Terrain Prefabs/Road04.prefab using Guid(63bd165cf3e445844bdd6149b240849c) Importer(815301076,1909f56bfc062723c751e8b465ee728b)  -> (artifact id: '29284e5786d7bd95ca3e050c10aeb212') in 0.010361 seconds
Number of updated asset objects reloaded before import = 0
Number of asset objects unloaded after import = 111
========================================================================
Received Import Request.
  Time since last request: 0.000013 seconds.
  path: Assets/2_Prefabs/Terrain Prefabs/Road05.prefab
  artifactKey: Guid(d8bffd685b2e0f944a1e691efe4fd90b) Importer(815301076,1909f56bfc062723c751e8b465ee728b)
Start importing Assets/2_Prefabs/Terrain Prefabs/Road05.prefab using Guid(d8bffd685b2e0f944a1e691efe4fd90b) Importer(815301076,1909f56bfc062723c751e8b465ee728b)  -> (artifact id: '050fd802e9d98eb9fdd1497690266a4c') in 0.011781 seconds
Number of updated asset objects reloaded before import = 0
Number of asset objects unloaded after import = 57
========================================================================
Received Import Request.
  Time since last request: 4.407388 seconds.
  path: Assets/2_Prefabs/Terrain Prefabs/Road03.prefab
  artifactKey: Guid(14d4b68a6e04dc8478c7c44b36aa6541) Importer(815301076,1909f56bfc062723c751e8b465ee728b)
Start importing Assets/2_Prefabs/Terrain Prefabs/Road03.prefab using Guid(14d4b68a6e04dc8478c7c44b36aa6541) Importer(815301076,1909f56bfc062723c751e8b465ee728b)  -> (artifact id: 'beb381fdc3802ff0c31d9b7d4e0a905f') in 0.009933 seconds
Number of updated asset objects reloaded before import = 0
Number of asset objects unloaded after import = 111
========================================================================
Received Import Request.
  Time since last request: 0.000024 seconds.
  path: Assets/2_Prefabs/Terrain Prefabs/Road05.prefab
  artifactKey: Guid(d8bffd685b2e0f944a1e691efe4fd90b) Importer(815301076,1909f56bfc062723c751e8b465ee728b)
Start importing Assets/2_Prefabs/Terrain Prefabs/Road05.prefab using Guid(d8bffd685b2e0f944a1e691efe4fd90b) Importer(815301076,1909f56bfc062723c751e8b465ee728b)  -> (artifact id: '3698802be226054c134f0f57d7f8453b') in 0.006807 seconds
Number of updated asset objects reloaded before import = 0
Number of asset objects unloaded after import = 57
========================================================================
Received Import Request.
  Time since last request: 9.835294 seconds.
  path: Assets/2_Prefabs/Terrain Prefabs/Road03.prefab
  artifactKey: Guid(14d4b68a6e04dc8478c7c44b36aa6541) Importer(815301076,1909f56bfc062723c751e8b465ee728b)
Start importing Assets/2_Prefabs/Terrain Prefabs/Road03.prefab using Guid(14d4b68a6e04dc8478c7c44b36aa6541) Importer(815301076,1909f56bfc062723c751e8b465ee728b)  -> (artifact id: 'a5fec2df0f83d106a234d4dadde46bfd') in 0.015543 seconds
Number of updated asset objects reloaded before import = 0
Number of asset objects unloaded after import = 99
========================================================================
Received Import Request.
  Time since last request: 0.000029 seconds.
  path: Assets/2_Prefabs/Terrain Prefabs/Road05.prefab
  artifactKey: Guid(d8bffd685b2e0f944a1e691efe4fd90b) Importer(815301076,1909f56bfc062723c751e8b465ee728b)
Start importing Assets/2_Prefabs/Terrain Prefabs/Road05.prefab using Guid(d8bffd685b2e0f944a1e691efe4fd90b) Importer(815301076,1909f56bfc062723c751e8b465ee728b)  -> (artifact id: '1c5aba93cc859a0c601b4f38830479d2') in 0.007941 seconds
Number of updated asset objects reloaded before import = 0
Number of asset objects unloaded after import = 49
========================================================================
Received Import Request.
  Time since last request: 2.798513 seconds.
  path: Assets/2_Prefabs/Terrain Prefabs/Road03.prefab
  artifactKey: Guid(14d4b68a6e04dc8478c7c44b36aa6541) Importer(815301076,1909f56bfc062723c751e8b465ee728b)
Start importing Assets/2_Prefabs/Terrain Prefabs/Road03.prefab using Guid(14d4b68a6e04dc8478c7c44b36aa6541) Importer(815301076,1909f56bfc062723c751e8b465ee728b)  -> (artifact id: '0359c6d1b5b3c6cf56e728556695cc7e') in 0.012318 seconds
Number of updated asset objects reloaded before import = 0
Number of asset objects unloaded after import = 99
========================================================================
Received Import Request.
  Time since last request: 0.000011 seconds.
  path: Assets/2_Prefabs/Terrain Prefabs/Road05.prefab
  artifactKey: Guid(d8bffd685b2e0f944a1e691efe4fd90b) Importer(815301076,1909f56bfc062723c751e8b465ee728b)
Start importing Assets/2_Prefabs/Terrain Prefabs/Road05.prefab using Guid(d8bffd685b2e0f944a1e691efe4fd90b) Importer(815301076,1909f56bfc062723c751e8b465ee728b)  -> (artifact id: '92431eb9e0ee56306dc05755e9c4aab5') in 0.010649 seconds
Number of updated asset objects reloaded before import = 0
Number of asset objects unloaded after import = 49
========================================================================
Received Import Request.
  Time since last request: 1.390993 seconds.
  path: Assets/2_Prefabs/Terrain Prefabs/Road03.prefab
  artifactKey: Guid(14d4b68a6e04dc8478c7c44b36aa6541) Importer(815301076,1909f56bfc062723c751e8b465ee728b)
Start importing Assets/2_Prefabs/Terrain Prefabs/Road03.prefab using Guid(14d4b68a6e04dc8478c7c44b36aa6541) Importer(815301076,1909f56bfc062723c751e8b465ee728b)  -> (artifact id: 'e3aea905898aefabea9384a6848684d3') in 0.011184 seconds
Number of updated asset objects reloaded before import = 0
Number of asset objects unloaded after import = 99
========================================================================
Received Import Request.
  Time since last request: 0.000011 seconds.
  path: Assets/2_Prefabs/Terrain Prefabs/Road05.prefab
  artifactKey: Guid(d8bffd685b2e0f944a1e691efe4fd90b) Importer(815301076,1909f56bfc062723c751e8b465ee728b)
Start importing Assets/2_Prefabs/Terrain Prefabs/Road05.prefab using Guid(d8bffd685b2e0f944a1e691efe4fd90b) Importer(815301076,1909f56bfc062723c751e8b465ee728b)  -> (artifact id: 'fa6a2d5f39c4b4e6d02ed135b8fe90b4') in 0.007685 seconds
Number of updated asset objects reloaded before import = 0
Number of asset objects unloaded after import = 49
========================================================================
Received Import Request.
  Time since last request: 4.428839 seconds.
  path: Assets/2_Prefabs/Terrain Prefabs/Road03.prefab
  artifactKey: Guid(14d4b68a6e04dc8478c7c44b36aa6541) Importer(815301076,1909f56bfc062723c751e8b465ee728b)
Start importing Assets/2_Prefabs/Terrain Prefabs/Road03.prefab using Guid(14d4b68a6e04dc8478c7c44b36aa6541) Importer(815301076,1909f56bfc062723c751e8b465ee728b)  -> (artifact id: '7cb9ed37a02a9d25cdc47ffafc95ca83') in 0.013595 seconds
Number of updated asset objects reloaded before import = 0
Number of asset objects unloaded after import = 111
========================================================================
Received Import Request.
  Time since last request: 0.000010 seconds.
  path: Assets/2_Prefabs/Terrain Prefabs/Road05.prefab
  artifactKey: Guid(d8bffd685b2e0f944a1e691efe4fd90b) Importer(815301076,1909f56bfc062723c751e8b465ee728b)
Start importing Assets/2_Prefabs/Terrain Prefabs/Road05.prefab using Guid(d8bffd685b2e0f944a1e691efe4fd90b) Importer(815301076,1909f56bfc062723c751e8b465ee728b)  -> (artifact id: 'ef54ed776db13aa6ecc45986c3af439a') in 0.006874 seconds
Number of updated asset objects reloaded before import = 0
Number of asset objects unloaded after import = 57
========================================================================
Received Import Request.
  Time since last request: 3.811460 seconds.
  path: Assets/2_Prefabs/Terrain Prefabs/Road03.prefab
  artifactKey: Guid(14d4b68a6e04dc8478c7c44b36aa6541) Importer(815301076,1909f56bfc062723c751e8b465ee728b)
Start importing Assets/2_Prefabs/Terrain Prefabs/Road03.prefab using Guid(14d4b68a6e04dc8478c7c44b36aa6541) Importer(815301076,1909f56bfc062723c751e8b465ee728b)  -> (artifact id: 'eb65bd79d79ad0a77bfa20342ad5e79d') in 0.013621 seconds
Number of updated asset objects reloaded before import = 0
Number of asset objects unloaded after import = 111
========================================================================
Received Import Request.
  Time since last request: 0.000013 seconds.
  path: Assets/2_Prefabs/Terrain Prefabs/Road04.prefab
  artifactKey: Guid(63bd165cf3e445844bdd6149b240849c) Importer(815301076,1909f56bfc062723c751e8b465ee728b)
Start importing Assets/2_Prefabs/Terrain Prefabs/Road04.prefab using Guid(63bd165cf3e445844bdd6149b240849c) Importer(815301076,1909f56bfc062723c751e8b465ee728b)  -> (artifact id: '0afdaa39980a62b1c7567692015a1cfb') in 0.018452 seconds
Number of updated asset objects reloaded before import = 0
Number of asset objects unloaded after import = 111
========================================================================
Received Prepare
Begin MonoManager ReloadAssembly
Assembly 'Assets/ExternalDependencyManager/Editor/1.2.179/Google.IOSResolver.dll' will not be loaded due to errors:
Unable to resolve reference 'UnityEditor.iOS.Extensions.Xcode'. Is the assembly missing or incompatible with the current platform?
Reference validation can be disabled in the Plugin Inspector.
- Loaded All Assemblies, in  0.447 seconds
Refreshing native plugins compatible for Editor in 8.16 ms, found 3 plugins.
Native extension for WindowsStandalone target not found
Native extension for Android target not found
[Package Manager] Server::EnsureServerProcessIsRunning -- launch failed, reason: Unity was launched with the -noUpm command-line argument
[Package Manager] UpmClient::Send -- Unable to send message (not connected to UPM process).
[Package Manager] Cannot connect to Unity Package Manager local server
Mono: successfully reloaded assembly
- Finished resetting the current domain, in  0.784 seconds
Domain Reload Profiling: 1226ms
	BeginReloadAssembly (149ms)
		ExecutionOrderSort (0ms)
		DisableScriptedObjects (3ms)
		BackupInstance (0ms)
		ReleaseScriptingObjects (0ms)
		CreateAndSetChildDomain (29ms)
	RebuildCommonClasses (38ms)
	RebuildNativeTypeToScriptingClass (14ms)
	initialDomainReloadingComplete (35ms)
	LoadAllAssembliesAndSetupDomain (205ms)
		LoadAssemblies (282ms)
		RebuildTransferFunctionScriptingTraits (0ms)
		AnalyzeDomain (11ms)
			TypeCache.Refresh (5ms)
				TypeCache.ScanAssembly (0ms)
			ScanForSourceGeneratedMonoScriptInfo (0ms)
			ResolveRequiredComponents (5ms)
	FinalizeReload (785ms)
		ReleaseScriptCaches (0ms)
		RebuildScriptCaches (0ms)
		SetupLoadedEditorAssemblies (356ms)
			LogAssemblyErrors (0ms)
			InitializePlatformSupportModulesInManaged (23ms)
			SetLoadedEditorAssemblies (4ms)
			RefreshPlugins (0ms)
			BeforeProcessingInitializeOnLoad (47ms)
			ProcessInitializeOnLoadAttributes (256ms)
			ProcessInitializeOnLoadMethodAttributes (20ms)
			AfterProcessingInitializeOnLoad (8ms)
			EditorAssembliesLoaded (0ms)
		ExecutionOrderSort2 (0ms)
		AwakeInstancesAfterBackupRestoration (6ms)
Refreshing native plugins compatible for Editor in 11.12 ms, found 3 plugins.
Preloading 0 native plugins for Editor in 0.00 ms.
Unloading 3253 Unused Serialized files (Serialized files now loaded: 0)
Unloading 51 unused Assets / (42.4 KB). Loaded Objects now: 3743.
Memory consumption went from 134.9 MB to 134.9 MB.
Total: 2.457700 ms (FindLiveObjects: 0.178100 ms CreateObjectMapping: 0.087200 ms MarkObjects: 2.130500 ms  DeleteObjects: 0.061000 ms)

Prepare: number of updated asset objects reloaded= 0
AssetImportParameters requested are different than current active one (requested -> active):
  custom:container-demuxer-ogg: 62fdf1f143b41e24485cea50d1cbac27 -> 
  custom:video-codec-MediaFoundation-h265: 746d11721c4dcdbdad8f713fa42b33f4 -> 
  custom:video-decoder-ogg-theora: a1e56fd34408186e4bbccfd4996cb3dc -> 
  custom:framework-win-MediaFoundation: 216162199b28c13a410421893ffa2e32 -> 
  custom:CustomObjectIndexerAttribute: 756ad292c208cfabdd7b50bc23989ffe -> 
  custom:container-demuxer-webm: 4f35f7cbe854078d1ac9338744f61a02 -> 
  custom:container-muxer-webm: aa71ff27fc2769a1b78a27578f13a17b -> 
  custom:video-decoder-webm-vp8: 9c59270c3fd7afecdb556c50c9e8de78 -> 
  custom:SearchIndexIgnoredProperties: e643bd26f0fe6173181afceb89e7c659 -> 
  custom:AudioImporter_EditorPlatform: d09bf68614088b80899f8185d706f6e7 -> 
  custom:video-encoder-webm-vp8: eb34c28f22e8b96e1ab97ce403110664 -> 
  custom:audio-decoder-ogg-vorbis: bf7c407c2cedff20999df2af8eb42d56 -> 
  custom:audio-encoder-webm-vorbis: bf7c407c2cedff20999df2af8eb42d56 -> 
