Using pre-set license
Built from '2022.3/staging' branch; Version is '2022.3.13f1 (5f90a5ebde0f) revision 6262949'; Using compiler version '192829333'; Build Type 'Release'
OS: 'Windows 11  (10.0.22631) 64bit Core' Language: 'ko' Physical Memory: 32470 MB
BatchMode: 1, IsHumanControllingUs: 0, StartBugReporterOnCrash: 0, Is64bit: 1, IsPro: 1

COMMAND LINE ARGUMENTS:
C:\Program Files\Unity 2022.3.13f1\Editor\Unity.exe
-adb2
-batchMode
-noUpm
-name
AssetImportWorker8
-projectPath
C:/Users/user/Documents/GitHub/Project_G/practice_mojak_orbit
-logFile
Logs/AssetImportWorker8.log
-srvPort
58193
Successfully changed project path to: C:/Users/user/Documents/GitHub/Project_G/practice_mojak_orbit
C:/Users/user/Documents/GitHub/Project_G/practice_mojak_orbit
[UnityMemory] Configuration Parameters - Can be set up in boot.config
    "memorysetup-bucket-allocator-granularity=16"
    "memorysetup-bucket-allocator-bucket-count=8"
    "memorysetup-bucket-allocator-block-size=33554432"
    "memorysetup-bucket-allocator-block-count=8"
    "memorysetup-main-allocator-block-size=16777216"
    "memorysetup-thread-allocator-block-size=16777216"
    "memorysetup-gfx-main-allocator-block-size=16777216"
    "memorysetup-gfx-thread-allocator-block-size=16777216"
    "memorysetup-cache-allocator-block-size=4194304"
    "memorysetup-typetree-allocator-block-size=2097152"
    "memorysetup-profiler-bucket-allocator-granularity=16"
    "memorysetup-profiler-bucket-allocator-bucket-count=8"
    "memorysetup-profiler-bucket-allocator-block-size=33554432"
    "memorysetup-profiler-bucket-allocator-block-count=8"
    "memorysetup-profiler-allocator-block-size=16777216"
    "memorysetup-profiler-editor-allocator-block-size=1048576"
    "memorysetup-temp-allocator-size-main=16777216"
    "memorysetup-job-temp-allocator-block-size=2097152"
    "memorysetup-job-temp-allocator-block-size-background=1048576"
    "memorysetup-job-temp-allocator-reduction-small-platforms=262144"
    "memorysetup-allocator-temp-initial-block-size-main=262144"
    "memorysetup-allocator-temp-initial-block-size-worker=262144"
    "memorysetup-temp-allocator-size-background-worker=32768"
    "memorysetup-temp-allocator-size-job-worker=262144"
    "memorysetup-temp-allocator-size-preload-manager=33554432"
    "memorysetup-temp-allocator-size-nav-mesh-worker=65536"
    "memorysetup-temp-allocator-size-audio-worker=65536"
    "memorysetup-temp-allocator-size-cloud-worker=32768"
    "memorysetup-temp-allocator-size-gi-baking-worker=262144"
    "memorysetup-temp-allocator-size-gfx=262144"
Player connection [17456] Host "[IP] 192.168.219.102 [Port] 0 [Flags] 2 [Guid] 884572667 [EditorId] 884572667 [Version] 1048832 [Id] WindowsEditor(7,DESKTOP-6U2F1F0) [Debug] 1 [PackageName] WindowsEditor [ProjectName] Editor" joined multi-casting on [225.0.0.222:54997]...

Player connection [17456] Host "[IP] 192.168.219.102 [Port] 0 [Flags] 2 [Guid] 884572667 [EditorId] 884572667 [Version] 1048832 [Id] WindowsEditor(7,DESKTOP-6U2F1F0) [Debug] 1 [PackageName] WindowsEditor [ProjectName] Editor" joined alternative multi-casting on [225.0.0.222:34997]...

[Physics::Module] Initialized MultithreadedJobDispatcher with 15 workers.
Refreshing native plugins compatible for Editor in 27.47 ms, found 3 plugins.
Preloading 0 native plugins for Editor in 0.00 ms.
Initialize engine version: 2022.3.13f1 (5f90a5ebde0f)
[Subsystems] Discovering subsystems at path C:/Program Files/Unity 2022.3.13f1/Editor/Data/Resources/UnitySubsystems
[Subsystems] Discovering subsystems at path C:/Users/user/Documents/GitHub/Project_G/practice_mojak_orbit/Assets
GfxDevice: creating device client; threaded=0; jobified=0
Direct3D:
    Version:  Direct3D 11.0 [level 11.1]
    Renderer: NVIDIA GeForce RTX 4060 Laptop GPU (ID=0x28a0)
    Vendor:   NVIDIA
    VRAM:     7971 MB
    Driver:   31.0.15.2892
Initialize mono
Mono path[0] = 'C:/Program Files/Unity 2022.3.13f1/Editor/Data/Managed'
Mono path[1] = 'C:/Program Files/Unity 2022.3.13f1/Editor/Data/MonoBleedingEdge/lib/mono/unityjit-win32'
Mono config path = 'C:/Program Files/Unity 2022.3.13f1/Editor/Data/MonoBleedingEdge/etc'
Using monoOptions --debugger-agent=transport=dt_socket,embedding=1,server=y,suspend=n,address=127.0.0.1:56568
Begin MonoManager ReloadAssembly
Registering precompiled unity dll's ...
Register platform support module: C:/Program Files/Unity 2022.3.13f1/Editor/Data/PlaybackEngines/AndroidPlayer/UnityEditor.Android.Extensions.dll
Register platform support module: C:/Program Files/Unity 2022.3.13f1/Editor/Data/PlaybackEngines/WindowsStandaloneSupport/UnityEditor.WindowsStandalone.Extensions.dll
Registered in 0.005409 seconds.
- Loaded All Assemblies, in  0.306 seconds
Native extension for WindowsStandalone target not found
Native extension for Android target not found
Mono: successfully reloaded assembly
- Finished resetting the current domain, in  0.257 seconds
Domain Reload Profiling: 559ms
	BeginReloadAssembly (99ms)
		ExecutionOrderSort (0ms)
		DisableScriptedObjects (0ms)
		BackupInstance (0ms)
		ReleaseScriptingObjects (0ms)
		CreateAndSetChildDomain (1ms)
	RebuildCommonClasses (28ms)
	RebuildNativeTypeToScriptingClass (8ms)
	initialDomainReloadingComplete (51ms)
	LoadAllAssembliesAndSetupDomain (117ms)
		LoadAssemblies (93ms)
		RebuildTransferFunctionScriptingTraits (0ms)
		AnalyzeDomain (114ms)
			TypeCache.Refresh (113ms)
				TypeCache.ScanAssembly (103ms)
			ScanForSourceGeneratedMonoScriptInfo (0ms)
			ResolveRequiredComponents (0ms)
	FinalizeReload (257ms)
		ReleaseScriptCaches (0ms)
		RebuildScriptCaches (0ms)
		SetupLoadedEditorAssemblies (208ms)
			LogAssemblyErrors (0ms)
			InitializePlatformSupportModulesInManaged (79ms)
			SetLoadedEditorAssemblies (3ms)
			RefreshPlugins (0ms)
			BeforeProcessingInitializeOnLoad (2ms)
			ProcessInitializeOnLoadAttributes (81ms)
			ProcessInitializeOnLoadMethodAttributes (42ms)
			AfterProcessingInitializeOnLoad (0ms)
			EditorAssembliesLoaded (0ms)
		ExecutionOrderSort2 (0ms)
		AwakeInstancesAfterBackupRestoration (0ms)
========================================================================
Worker process is ready to serve import requests
Begin MonoManager ReloadAssembly
Assembly 'Assets/ExternalDependencyManager/Editor/1.2.179/Google.IOSResolver.dll' will not be loaded due to errors:
Unable to resolve reference 'UnityEditor.iOS.Extensions.Xcode'. Is the assembly missing or incompatible with the current platform?
Reference validation can be disabled in the Plugin Inspector.
- Loaded All Assemblies, in  0.659 seconds
Refreshing native plugins compatible for Editor in 9.71 ms, found 3 plugins.
Native extension for WindowsStandalone target not found
Native extension for Android target not found
Package Manager log level set to [2]
[Package Manager] Server::EnsureServerProcessIsRunning -- launch failed, reason: Unity was launched with the -noUpm command-line argument
[Package Manager] UpmClient::Send -- Unable to send message (not connected to UPM process).
[Package Manager] Cannot connect to Unity Package Manager local server
Mono: successfully reloaded assembly
- Finished resetting the current domain, in  0.478 seconds
Domain Reload Profiling: 1131ms
	BeginReloadAssembly (134ms)
		ExecutionOrderSort (0ms)
		DisableScriptedObjects (5ms)
		BackupInstance (0ms)
		ReleaseScriptingObjects (0ms)
		CreateAndSetChildDomain (17ms)
	RebuildCommonClasses (31ms)
	RebuildNativeTypeToScriptingClass (8ms)
	initialDomainReloadingComplete (43ms)
	LoadAllAssembliesAndSetupDomain (438ms)
		LoadAssemblies (337ms)
		RebuildTransferFunctionScriptingTraits (0ms)
		AnalyzeDomain (183ms)
			TypeCache.Refresh (160ms)
				TypeCache.ScanAssembly (141ms)
			ScanForSourceGeneratedMonoScriptInfo (17ms)
			ResolveRequiredComponents (5ms)
	FinalizeReload (479ms)
		ReleaseScriptCaches (0ms)
		RebuildScriptCaches (0ms)
		SetupLoadedEditorAssemblies (328ms)
			LogAssemblyErrors (0ms)
			InitializePlatformSupportModulesInManaged (17ms)
			SetLoadedEditorAssemblies (2ms)
			RefreshPlugins (0ms)
			BeforeProcessingInitializeOnLoad (43ms)
			ProcessInitializeOnLoadAttributes (245ms)
			ProcessInitializeOnLoadMethodAttributes (16ms)
			AfterProcessingInitializeOnLoad (6ms)
			EditorAssembliesLoaded (0ms)
		ExecutionOrderSort2 (0ms)
		AwakeInstancesAfterBackupRestoration (5ms)
Launched and connected shader compiler UnityShaderCompiler.exe after 0.04 seconds
Refreshing native plugins compatible for Editor in 8.48 ms, found 3 plugins.
Preloading 0 native plugins for Editor in 0.00 ms.
Unloading 3275 Unused Serialized files (Serialized files now loaded: 0)
Unloading 60 unused Assets / (68.1 KB). Loaded Objects now: 3732.
Memory consumption went from 138.1 MB to 138.0 MB.
Total: 3.319300 ms (FindLiveObjects: 0.165800 ms CreateObjectMapping: 0.071500 ms MarkObjects: 2.977200 ms  DeleteObjects: 0.102800 ms)

AssetImportParameters requested are different than current active one (requested -> active):
  custom:container-demuxer-ogg: 62fdf1f143b41e24485cea50d1cbac27 -> 
  custom:video-codec-MediaFoundation-h265: 746d11721c4dcdbdad8f713fa42b33f4 -> 
  custom:video-decoder-ogg-theora: a1e56fd34408186e4bbccfd4996cb3dc -> 
  custom:framework-win-MediaFoundation: 216162199b28c13a410421893ffa2e32 -> 
  custom:CustomObjectIndexerAttribute: 756ad292c208cfabdd7b50bc23989ffe -> 
  custom:container-demuxer-webm: 4f35f7cbe854078d1ac9338744f61a02 -> 
  custom:container-muxer-webm: aa71ff27fc2769a1b78a27578f13a17b -> 
  custom:video-decoder-webm-vp8: 9c59270c3fd7afecdb556c50c9e8de78 -> 
  custom:SearchIndexIgnoredProperties: e643bd26f0fe6173181afceb89e7c659 -> 
  custom:AudioImporter_EditorPlatform: d09bf68614088b80899f8185d706f6e7 -> 
  custom:video-encoder-webm-vp8: eb34c28f22e8b96e1ab97ce403110664 -> 
  custom:audio-decoder-ogg-vorbis: bf7c407c2cedff20999df2af8eb42d56 -> 
  custom:audio-encoder-webm-vorbis: bf7c407c2cedff20999df2af8eb42d56 -> 
========================================================================
Received Import Request.
  Time since last request: 977095.286218 seconds.
  path: Assets/2_Prefabs/Moving Enemy Prefabs
  artifactKey: Guid(f690a558cd88ef64182c22d21aae1682) Importer(815301076,1909f56bfc062723c751e8b465ee728b)
Start importing Assets/2_Prefabs/Moving Enemy Prefabs using Guid(f690a558cd88ef64182c22d21aae1682) Importer(815301076,1909f56bfc062723c751e8b465ee728b)  -> (artifact id: '6ca2189568be447a9542cd92f00472a1') in 0.002605 seconds
Number of updated asset objects reloaded before import = 0
Number of asset objects unloaded after import = 0
========================================================================
Received Import Request.
  Time since last request: 0.554596 seconds.
  path: Assets/2_Prefabs/Moving Enemy Prefabs/craft_miner.prefab
  artifactKey: Guid(529a51aca3d297c438afe20d42e3e8bb) Importer(815301076,1909f56bfc062723c751e8b465ee728b)
Start importing Assets/2_Prefabs/Moving Enemy Prefabs/craft_miner.prefab using Guid(529a51aca3d297c438afe20d42e3e8bb) Importer(815301076,1909f56bfc062723c751e8b465ee728b)  -> (artifact id: '7cb4d8e0d08de1bca684010f3f06712b') in 0.082083 seconds
Number of updated asset objects reloaded before import = 0
Number of asset objects unloaded after import = 19
========================================================================
Received Import Request.
  Time since last request: 22.024770 seconds.
  path: Assets/2_Prefabs/Terrain Prefabs
  artifactKey: Guid(a0580aab3fbb515489f981089905d3bd) Importer(815301076,1909f56bfc062723c751e8b465ee728b)
Start importing Assets/2_Prefabs/Terrain Prefabs using Guid(a0580aab3fbb515489f981089905d3bd) Importer(815301076,1909f56bfc062723c751e8b465ee728b)  -> (artifact id: '0147f134d94129ca01c5acfd60ef59c9') in 0.000798 seconds
Number of updated asset objects reloaded before import = 0
Number of asset objects unloaded after import = 0
========================================================================
Received Import Request.
  Time since last request: 0.047826 seconds.
  path: Assets/2_Prefabs/Terrain Prefabs/Ground01.prefab
  artifactKey: Guid(52226ce80d8c07c488b1be8e9264493b) Importer(815301076,1909f56bfc062723c751e8b465ee728b)
Start importing Assets/2_Prefabs/Terrain Prefabs/Ground01.prefab using Guid(52226ce80d8c07c488b1be8e9264493b) Importer(815301076,1909f56bfc062723c751e8b465ee728b)  -> (artifact id: '4f708ad729d8778580682a4edc1fb285') in 0.009020 seconds
Number of updated asset objects reloaded before import = 0
Number of asset objects unloaded after import = 9
========================================================================
Received Import Request.
  Time since last request: 0.000011 seconds.
  path: Assets/2_Prefabs/Terrain Prefabs/Water01.prefab
  artifactKey: Guid(ee9d5afa8d15e5740baa39851b4c6532) Importer(815301076,1909f56bfc062723c751e8b465ee728b)
Start importing Assets/2_Prefabs/Terrain Prefabs/Water01.prefab using Guid(ee9d5afa8d15e5740baa39851b4c6532) Importer(815301076,1909f56bfc062723c751e8b465ee728b)  -> (artifact id: 'a1afeccd5aa74b33bd1d20da1759970e') in 0.010082 seconds
Number of updated asset objects reloaded before import = 0
Number of asset objects unloaded after import = 53
========================================================================
Received Import Request.
  Time since last request: 0.000014 seconds.
  path: Assets/2_Prefabs/Terrain Prefabs/Water04.prefab
  artifactKey: Guid(298572561e41d294aa3adf63be254944) Importer(815301076,1909f56bfc062723c751e8b465ee728b)
Start importing Assets/2_Prefabs/Terrain Prefabs/Water04.prefab using Guid(298572561e41d294aa3adf63be254944) Importer(815301076,1909f56bfc062723c751e8b465ee728b)  -> (artifact id: '6af8660c2b63208cbcfff5f923ecb0c9') in 0.033318 seconds
Number of updated asset objects reloaded before import = 0
Number of asset objects unloaded after import = 53
========================================================================
Received Import Request.
  Time since last request: 0.000014 seconds.
  path: Assets/2_Prefabs/Terrain Prefabs/Road01.prefab
  artifactKey: Guid(ce7697140fc04594196ce4d7bd2dd40b) Importer(815301076,1909f56bfc062723c751e8b465ee728b)
Start importing Assets/2_Prefabs/Terrain Prefabs/Road01.prefab using Guid(ce7697140fc04594196ce4d7bd2dd40b) Importer(815301076,1909f56bfc062723c751e8b465ee728b)  -> (artifact id: 'ee63c8535958c47e0148dcfb1ad47a75') in 0.015748 seconds
Number of updated asset objects reloaded before import = 0
Number of asset objects unloaded after import = 30
========================================================================
Received Import Request.
  Time since last request: 0.000015 seconds.
  path: Assets/2_Prefabs/Terrain Prefabs/Water03.prefab
  artifactKey: Guid(dc36921add500df4e96a72f0f4ad58a5) Importer(815301076,1909f56bfc062723c751e8b465ee728b)
Start importing Assets/2_Prefabs/Terrain Prefabs/Water03.prefab using Guid(dc36921add500df4e96a72f0f4ad58a5) Importer(815301076,1909f56bfc062723c751e8b465ee728b)  -> (artifact id: '9b4d53f21bb4b6cd6913ed62c75ecd1b') in 0.018801 seconds
Number of updated asset objects reloaded before import = 0
Number of asset objects unloaded after import = 47
========================================================================
Received Import Request.
  Time since last request: 0.000014 seconds.
  path: Assets/2_Prefabs/Terrain Prefabs/Road02.prefab
  artifactKey: Guid(59b0b544876ba2c4388e61370ed1e1c3) Importer(815301076,1909f56bfc062723c751e8b465ee728b)
Start importing Assets/2_Prefabs/Terrain Prefabs/Road02.prefab using Guid(59b0b544876ba2c4388e61370ed1e1c3) Importer(815301076,1909f56bfc062723c751e8b465ee728b)  -> (artifact id: '515a6d668abdd58f2cdb57e8f8e836a7') in 0.015139 seconds
Number of updated asset objects reloaded before import = 0
Number of asset objects unloaded after import = 77
========================================================================
Received Import Request.
  Time since last request: 14.464187 seconds.
  path: Assets/2_Prefabs/Terrain Prefabs/Ground02.prefab
  artifactKey: Guid(800cad5e2eeb88443b5a4f0ff8bd3dab) Importer(815301076,1909f56bfc062723c751e8b465ee728b)
Start importing Assets/2_Prefabs/Terrain Prefabs/Ground02.prefab using Guid(800cad5e2eeb88443b5a4f0ff8bd3dab) Importer(815301076,1909f56bfc062723c751e8b465ee728b)  -> (artifact id: 'b6ff6e4454930567b5a616c96a612687') in 0.017205 seconds
Number of updated asset objects reloaded before import = 0
Number of asset objects unloaded after import = 64
========================================================================
Received Import Request.
  Time since last request: 6.585914 seconds.
  path: Assets/2_Prefabs/Terrain Prefabs/Ground02.prefab
  artifactKey: Guid(800cad5e2eeb88443b5a4f0ff8bd3dab) Importer(815301076,1909f56bfc062723c751e8b465ee728b)
Start importing Assets/2_Prefabs/Terrain Prefabs/Ground02.prefab using Guid(800cad5e2eeb88443b5a4f0ff8bd3dab) Importer(815301076,1909f56bfc062723c751e8b465ee728b)  -> (artifact id: '67e926680fdf4ee5b9b0abcf3c38a401') in 0.015863 seconds
Number of updated asset objects reloaded before import = 0
Number of asset objects unloaded after import = 65
========================================================================
Received Import Request.
  Time since last request: 5.476744 seconds.
  path: Assets/2_Prefabs/Terrain Prefabs/Ground02.prefab
  artifactKey: Guid(800cad5e2eeb88443b5a4f0ff8bd3dab) Importer(815301076,1909f56bfc062723c751e8b465ee728b)
Start importing Assets/2_Prefabs/Terrain Prefabs/Ground02.prefab using Guid(800cad5e2eeb88443b5a4f0ff8bd3dab) Importer(815301076,1909f56bfc062723c751e8b465ee728b)  -> (artifact id: 'fbf244d15cad09b00a44cbacdadec732') in 0.020357 seconds
Number of updated asset objects reloaded before import = 0
Number of asset objects unloaded after import = 66
========================================================================
Received Import Request.
  Time since last request: 12.768787 seconds.
  path: Assets/2_Prefabs/Terrain Prefabs/Ground02.prefab
  artifactKey: Guid(800cad5e2eeb88443b5a4f0ff8bd3dab) Importer(815301076,1909f56bfc062723c751e8b465ee728b)
Start importing Assets/2_Prefabs/Terrain Prefabs/Ground02.prefab using Guid(800cad5e2eeb88443b5a4f0ff8bd3dab) Importer(815301076,1909f56bfc062723c751e8b465ee728b)  -> (artifact id: '0b5c48c128f67be398b2b72be847db9c') in 0.009213 seconds
Number of updated asset objects reloaded before import = 0
Number of asset objects unloaded after import = 66
========================================================================
Received Import Request.
  Time since last request: 4.465282 seconds.
  path: Assets/2_Prefabs/Terrain Prefabs/Ground02.prefab
  artifactKey: Guid(800cad5e2eeb88443b5a4f0ff8bd3dab) Importer(815301076,1909f56bfc062723c751e8b465ee728b)
Start importing Assets/2_Prefabs/Terrain Prefabs/Ground02.prefab using Guid(800cad5e2eeb88443b5a4f0ff8bd3dab) Importer(815301076,1909f56bfc062723c751e8b465ee728b)  -> (artifact id: '6c5ca8cefff571f0303270f7d3e968be') in 0.006897 seconds
Number of updated asset objects reloaded before import = 0
Number of asset objects unloaded after import = 66
========================================================================
Received Import Request.
  Time since last request: 2.617485 seconds.
  path: Assets/2_Prefabs/Terrain Prefabs/Ground02.prefab
  artifactKey: Guid(800cad5e2eeb88443b5a4f0ff8bd3dab) Importer(815301076,1909f56bfc062723c751e8b465ee728b)
Start importing Assets/2_Prefabs/Terrain Prefabs/Ground02.prefab using Guid(800cad5e2eeb88443b5a4f0ff8bd3dab) Importer(815301076,1909f56bfc062723c751e8b465ee728b)  -> (artifact id: '1633acabc07fb38b6b2fd65c2d5b2b56') in 0.007233 seconds
Number of updated asset objects reloaded before import = 0
Number of asset objects unloaded after import = 66
========================================================================
Received Import Request.
  Time since last request: 5.907946 seconds.
  path: Assets/2_Prefabs/Terrain Prefabs/Ground02.prefab
  artifactKey: Guid(800cad5e2eeb88443b5a4f0ff8bd3dab) Importer(815301076,1909f56bfc062723c751e8b465ee728b)
Start importing Assets/2_Prefabs/Terrain Prefabs/Ground02.prefab using Guid(800cad5e2eeb88443b5a4f0ff8bd3dab) Importer(815301076,1909f56bfc062723c751e8b465ee728b)  -> (artifact id: 'f1996b019497e48dc2214c2f4d9bcb8e') in 0.014009 seconds
Number of updated asset objects reloaded before import = 0
Number of asset objects unloaded after import = 66
========================================================================
Received Import Request.
  Time since last request: 1.412736 seconds.
  path: Assets/2_Prefabs/Terrain Prefabs/Ground02.prefab
  artifactKey: Guid(800cad5e2eeb88443b5a4f0ff8bd3dab) Importer(815301076,1909f56bfc062723c751e8b465ee728b)
Start importing Assets/2_Prefabs/Terrain Prefabs/Ground02.prefab using Guid(800cad5e2eeb88443b5a4f0ff8bd3dab) Importer(815301076,1909f56bfc062723c751e8b465ee728b)  -> (artifact id: '665bdf842893656a50aa4b16ba9b72c2') in 0.008009 seconds
Number of updated asset objects reloaded before import = 0
Number of asset objects unloaded after import = 70
========================================================================
Received Import Request.
  Time since last request: 6.459154 seconds.
  path: Assets/2_Prefabs/Terrain Prefabs/Ground02.prefab
  artifactKey: Guid(800cad5e2eeb88443b5a4f0ff8bd3dab) Importer(815301076,1909f56bfc062723c751e8b465ee728b)
Start importing Assets/2_Prefabs/Terrain Prefabs/Ground02.prefab using Guid(800cad5e2eeb88443b5a4f0ff8bd3dab) Importer(815301076,1909f56bfc062723c751e8b465ee728b)  -> (artifact id: 'b5a2a599d7bd6b7a67cb3ed40cb0fa40') in 0.008803 seconds
Number of updated asset objects reloaded before import = 0
Number of asset objects unloaded after import = 70
========================================================================
Received Import Request.
  Time since last request: 4.053152 seconds.
  path: Assets/2_Prefabs/Terrain Prefabs/Ground03.prefab
  artifactKey: Guid(13b938ecba9ab7046a2b77763dc0e3f5) Importer(815301076,1909f56bfc062723c751e8b465ee728b)
Start importing Assets/2_Prefabs/Terrain Prefabs/Ground03.prefab using Guid(13b938ecba9ab7046a2b77763dc0e3f5) Importer(815301076,1909f56bfc062723c751e8b465ee728b)  -> (artifact id: '2194da16473141e15a8f96a0ceedb5e5') in 0.009726 seconds
Number of updated asset objects reloaded before import = 0
Number of asset objects unloaded after import = 60
========================================================================
Received Import Request.
  Time since last request: 5.481898 seconds.
  path: Assets/2_Prefabs/Terrain Prefabs/Ground03.prefab
  artifactKey: Guid(13b938ecba9ab7046a2b77763dc0e3f5) Importer(815301076,1909f56bfc062723c751e8b465ee728b)
Start importing Assets/2_Prefabs/Terrain Prefabs/Ground03.prefab using Guid(13b938ecba9ab7046a2b77763dc0e3f5) Importer(815301076,1909f56bfc062723c751e8b465ee728b)  -> (artifact id: '3297ef9f8bd3cbd54fa6be8fd7245d9f') in 0.008421 seconds
Number of updated asset objects reloaded before import = 0
Number of asset objects unloaded after import = 64
========================================================================
Received Import Request.
  Time since last request: 4.442036 seconds.
  path: Assets/2_Prefabs/Terrain Prefabs/Ground03.prefab
  artifactKey: Guid(13b938ecba9ab7046a2b77763dc0e3f5) Importer(815301076,1909f56bfc062723c751e8b465ee728b)
Start importing Assets/2_Prefabs/Terrain Prefabs/Ground03.prefab using Guid(13b938ecba9ab7046a2b77763dc0e3f5) Importer(815301076,1909f56bfc062723c751e8b465ee728b)  -> (artifact id: '14c674c9bf1d625b315868608c5e766f') in 0.011141 seconds
Number of updated asset objects reloaded before import = 0
Number of asset objects unloaded after import = 64
========================================================================
Received Import Request.
  Time since last request: 7.653226 seconds.
  path: Assets/2_Prefabs/Terrain Prefabs/Ground04.prefab
  artifactKey: Guid(8b0a36cb62634ba4f8ea0e38cdcfc953) Importer(815301076,1909f56bfc062723c751e8b465ee728b)
Start importing Assets/2_Prefabs/Terrain Prefabs/Ground04.prefab using Guid(8b0a36cb62634ba4f8ea0e38cdcfc953) Importer(815301076,1909f56bfc062723c751e8b465ee728b)  -> (artifact id: '99422b5c74f2122b46087457eb4c0b53') in 0.012799 seconds
Number of updated asset objects reloaded before import = 0
Number of asset objects unloaded after import = 61
========================================================================
Received Import Request.
  Time since last request: 1.188986 seconds.
  path: Assets/2_Prefabs/Terrain Prefabs/Ground04.prefab
  artifactKey: Guid(8b0a36cb62634ba4f8ea0e38cdcfc953) Importer(815301076,1909f56bfc062723c751e8b465ee728b)
Start importing Assets/2_Prefabs/Terrain Prefabs/Ground04.prefab using Guid(8b0a36cb62634ba4f8ea0e38cdcfc953) Importer(815301076,1909f56bfc062723c751e8b465ee728b)  -> (artifact id: 'a96f7069ab2b0d76efbe58f43fb5ff51') in 0.009247 seconds
Number of updated asset objects reloaded before import = 0
Number of asset objects unloaded after import = 65
========================================================================
Received Import Request.
  Time since last request: 4.249714 seconds.
  path: Assets/2_Prefabs/Terrain Prefabs/Ground04.prefab
  artifactKey: Guid(8b0a36cb62634ba4f8ea0e38cdcfc953) Importer(815301076,1909f56bfc062723c751e8b465ee728b)
Start importing Assets/2_Prefabs/Terrain Prefabs/Ground04.prefab using Guid(8b0a36cb62634ba4f8ea0e38cdcfc953) Importer(815301076,1909f56bfc062723c751e8b465ee728b)  -> (artifact id: 'f9338655e4427d9263c9e8beabbcde2c') in 0.010363 seconds
Number of updated asset objects reloaded before import = 0
Number of asset objects unloaded after import = 65
========================================================================
Received Import Request.
  Time since last request: 4.848794 seconds.
  path: Assets/2_Prefabs/Terrain Prefabs/Ground05.prefab
  artifactKey: Guid(ee810d7e8f5a09b4c9f93e2b33b779f4) Importer(815301076,1909f56bfc062723c751e8b465ee728b)
Start importing Assets/2_Prefabs/Terrain Prefabs/Ground05.prefab using Guid(ee810d7e8f5a09b4c9f93e2b33b779f4) Importer(815301076,1909f56bfc062723c751e8b465ee728b)  -> (artifact id: 'ab13119776c266626406c70cc12fe8d5') in 0.009251 seconds
Number of updated asset objects reloaded before import = 0
Number of asset objects unloaded after import = 68
========================================================================
Received Import Request.
  Time since last request: 0.158165 seconds.
  path: Assets/2_Prefabs/Terrain Prefabs/Ground05.prefab
  artifactKey: Guid(ee810d7e8f5a09b4c9f93e2b33b779f4) Importer(815301076,1909f56bfc062723c751e8b465ee728b)
Start importing Assets/2_Prefabs/Terrain Prefabs/Ground05.prefab using Guid(ee810d7e8f5a09b4c9f93e2b33b779f4) Importer(815301076,1909f56bfc062723c751e8b465ee728b)  -> (artifact id: '25054ba8e6e1b39e89ccf8ccddd778a2') in 0.007338 seconds
Number of updated asset objects reloaded before import = 0
Number of asset objects unloaded after import = 72
========================================================================
Received Import Request.
  Time since last request: 2.633833 seconds.
  path: Assets/2_Prefabs/Terrain Prefabs/Ground05.prefab
  artifactKey: Guid(ee810d7e8f5a09b4c9f93e2b33b779f4) Importer(815301076,1909f56bfc062723c751e8b465ee728b)
Start importing Assets/2_Prefabs/Terrain Prefabs/Ground05.prefab using Guid(ee810d7e8f5a09b4c9f93e2b33b779f4) Importer(815301076,1909f56bfc062723c751e8b465ee728b)  -> (artifact id: 'f14d6ffb428f5e67a3fe8b2e344ab2ea') in 0.008918 seconds
Number of updated asset objects reloaded before import = 0
Number of asset objects unloaded after import = 72
========================================================================
Received Import Request.
  Time since last request: 2.424464 seconds.
  path: Assets/2_Prefabs/Terrain Prefabs/Ground06.prefab
  artifactKey: Guid(d64fed4fc1c19ee44aa9d4e515670184) Importer(815301076,1909f56bfc062723c751e8b465ee728b)
Start importing Assets/2_Prefabs/Terrain Prefabs/Ground06.prefab using Guid(d64fed4fc1c19ee44aa9d4e515670184) Importer(815301076,1909f56bfc062723c751e8b465ee728b)  -> (artifact id: '636dfdc54b5681877e807196867784d8') in 0.010909 seconds
Number of updated asset objects reloaded before import = 0
Number of asset objects unloaded after import = 53
========================================================================
Received Import Request.
  Time since last request: 0.177331 seconds.
  path: Assets/2_Prefabs/Terrain Prefabs/Ground06.prefab
  artifactKey: Guid(d64fed4fc1c19ee44aa9d4e515670184) Importer(815301076,1909f56bfc062723c751e8b465ee728b)
Start importing Assets/2_Prefabs/Terrain Prefabs/Ground06.prefab using Guid(d64fed4fc1c19ee44aa9d4e515670184) Importer(815301076,1909f56bfc062723c751e8b465ee728b)  -> (artifact id: '34e67c224274c08487911310f010586a') in 0.007928 seconds
Number of updated asset objects reloaded before import = 0
Number of asset objects unloaded after import = 57
========================================================================
Received Import Request.
  Time since last request: 4.227986 seconds.
  path: Assets/2_Prefabs/Terrain Prefabs/Ground06.prefab
  artifactKey: Guid(d64fed4fc1c19ee44aa9d4e515670184) Importer(815301076,1909f56bfc062723c751e8b465ee728b)
Start importing Assets/2_Prefabs/Terrain Prefabs/Ground06.prefab using Guid(d64fed4fc1c19ee44aa9d4e515670184) Importer(815301076,1909f56bfc062723c751e8b465ee728b)  -> (artifact id: 'be4b2cd565c804009d591375f541b763') in 0.006405 seconds
Number of updated asset objects reloaded before import = 0
Number of asset objects unloaded after import = 57
========================================================================
Received Import Request.
  Time since last request: 6.858576 seconds.
  path: Assets/2_Prefabs/Terrain Prefabs/Ground08.prefab
  artifactKey: Guid(4a87340b3f64f2e4bb195bfd625d7e40) Importer(815301076,1909f56bfc062723c751e8b465ee728b)
Start importing Assets/2_Prefabs/Terrain Prefabs/Ground08.prefab using Guid(4a87340b3f64f2e4bb195bfd625d7e40) Importer(815301076,1909f56bfc062723c751e8b465ee728b)  -> (artifact id: '7d05d3efc871ba5be42be99d53731934') in 0.014375 seconds
Number of updated asset objects reloaded before import = 0
Number of asset objects unloaded after import = 132
========================================================================
Received Import Request.
  Time since last request: 0.786173 seconds.
  path: Assets/2_Prefabs/Terrain Prefabs/Ground08.prefab
  artifactKey: Guid(4a87340b3f64f2e4bb195bfd625d7e40) Importer(815301076,1909f56bfc062723c751e8b465ee728b)
Start importing Assets/2_Prefabs/Terrain Prefabs/Ground08.prefab using Guid(4a87340b3f64f2e4bb195bfd625d7e40) Importer(815301076,1909f56bfc062723c751e8b465ee728b)  -> (artifact id: 'cb5a28b5278477266eae7e72356f8c62') in 0.017535 seconds
Number of updated asset objects reloaded before import = 0
Number of asset objects unloaded after import = 136
========================================================================
Received Import Request.
  Time since last request: 2.823745 seconds.
  path: Assets/2_Prefabs/Terrain Prefabs/Ground08.prefab
  artifactKey: Guid(4a87340b3f64f2e4bb195bfd625d7e40) Importer(815301076,1909f56bfc062723c751e8b465ee728b)
Start importing Assets/2_Prefabs/Terrain Prefabs/Ground08.prefab using Guid(4a87340b3f64f2e4bb195bfd625d7e40) Importer(815301076,1909f56bfc062723c751e8b465ee728b)  -> (artifact id: 'a6e94b4a8dcd41610bb9ea9bf9d3e71d') in 0.014528 seconds
Number of updated asset objects reloaded before import = 0
Number of asset objects unloaded after import = 136
========================================================================
Received Import Request.
  Time since last request: 6.254771 seconds.
  path: Assets/2_Prefabs/Terrain Prefabs/Ground09.prefab
  artifactKey: Guid(2e21f6f2b43f2a040a3b2f9937941639) Importer(815301076,1909f56bfc062723c751e8b465ee728b)
Start importing Assets/2_Prefabs/Terrain Prefabs/Ground09.prefab using Guid(2e21f6f2b43f2a040a3b2f9937941639) Importer(815301076,1909f56bfc062723c751e8b465ee728b)  -> (artifact id: 'fff87a08e54aa6df21c35e23c30576d7') in 0.010448 seconds
Number of updated asset objects reloaded before import = 0
Number of asset objects unloaded after import = 111
========================================================================
Received Import Request.
  Time since last request: 0.381428 seconds.
  path: Assets/2_Prefabs/Terrain Prefabs/Ground09.prefab
  artifactKey: Guid(2e21f6f2b43f2a040a3b2f9937941639) Importer(815301076,1909f56bfc062723c751e8b465ee728b)
Start importing Assets/2_Prefabs/Terrain Prefabs/Ground09.prefab using Guid(2e21f6f2b43f2a040a3b2f9937941639) Importer(815301076,1909f56bfc062723c751e8b465ee728b)  -> (artifact id: '340e327a46c33fd535ef583ad3c3589f') in 0.015185 seconds
Number of updated asset objects reloaded before import = 0
Number of asset objects unloaded after import = 115
========================================================================
Received Import Request.
  Time since last request: 2.403375 seconds.
  path: Assets/2_Prefabs/Terrain Prefabs/Ground09.prefab
  artifactKey: Guid(2e21f6f2b43f2a040a3b2f9937941639) Importer(815301076,1909f56bfc062723c751e8b465ee728b)
Start importing Assets/2_Prefabs/Terrain Prefabs/Ground09.prefab using Guid(2e21f6f2b43f2a040a3b2f9937941639) Importer(815301076,1909f56bfc062723c751e8b465ee728b)  -> (artifact id: '13002da04c92a2210c8368f7abbb9135') in 0.010667 seconds
Number of updated asset objects reloaded before import = 0
Number of asset objects unloaded after import = 115
========================================================================
Received Import Request.
  Time since last request: 1.837745 seconds.
  path: Assets/2_Prefabs/Terrain Prefabs/Ground10.prefab
  artifactKey: Guid(359fac379c85d204e93c104cbd913fc0) Importer(815301076,1909f56bfc062723c751e8b465ee728b)
Start importing Assets/2_Prefabs/Terrain Prefabs/Ground10.prefab using Guid(359fac379c85d204e93c104cbd913fc0) Importer(815301076,1909f56bfc062723c751e8b465ee728b)  -> (artifact id: '9573d0a671145618b4e7d30c5765433c') in 0.010829 seconds
Number of updated asset objects reloaded before import = 0
Number of asset objects unloaded after import = 46
========================================================================
Received Import Request.
  Time since last request: 0.372143 seconds.
  path: Assets/2_Prefabs/Terrain Prefabs/Ground10.prefab
  artifactKey: Guid(359fac379c85d204e93c104cbd913fc0) Importer(815301076,1909f56bfc062723c751e8b465ee728b)
Start importing Assets/2_Prefabs/Terrain Prefabs/Ground10.prefab using Guid(359fac379c85d204e93c104cbd913fc0) Importer(815301076,1909f56bfc062723c751e8b465ee728b)  -> (artifact id: '6217eaf570b94c4bdd1cb8b6dc6753ad') in 0.009892 seconds
Number of updated asset objects reloaded before import = 0
Number of asset objects unloaded after import = 50
========================================================================
Received Import Request.
  Time since last request: 2.399643 seconds.
  path: Assets/2_Prefabs/Terrain Prefabs/Ground10.prefab
  artifactKey: Guid(359fac379c85d204e93c104cbd913fc0) Importer(815301076,1909f56bfc062723c751e8b465ee728b)
Start importing Assets/2_Prefabs/Terrain Prefabs/Ground10.prefab using Guid(359fac379c85d204e93c104cbd913fc0) Importer(815301076,1909f56bfc062723c751e8b465ee728b)  -> (artifact id: 'b1e543fa13bbc9cf0ce5d8a8321321ef') in 0.011931 seconds
Number of updated asset objects reloaded before import = 0
Number of asset objects unloaded after import = 50
========================================================================
Received Import Request.
  Time since last request: 2.210796 seconds.
  path: Assets/2_Prefabs/Terrain Prefabs/Ground11.prefab
  artifactKey: Guid(16e9054c7697998489a6900b18ec69f3) Importer(815301076,1909f56bfc062723c751e8b465ee728b)
Start importing Assets/2_Prefabs/Terrain Prefabs/Ground11.prefab using Guid(16e9054c7697998489a6900b18ec69f3) Importer(815301076,1909f56bfc062723c751e8b465ee728b)  -> (artifact id: '233f57f39e192d717779c20ac10e9767') in 0.009940 seconds
Number of updated asset objects reloaded before import = 0
Number of asset objects unloaded after import = 128
========================================================================
Received Import Request.
  Time since last request: 0.180379 seconds.
  path: Assets/2_Prefabs/Terrain Prefabs/Ground11.prefab
  artifactKey: Guid(16e9054c7697998489a6900b18ec69f3) Importer(815301076,1909f56bfc062723c751e8b465ee728b)
Start importing Assets/2_Prefabs/Terrain Prefabs/Ground11.prefab using Guid(16e9054c7697998489a6900b18ec69f3) Importer(815301076,1909f56bfc062723c751e8b465ee728b)  -> (artifact id: 'c8f68d53b2ea90204562ae639cdbd51d') in 0.015812 seconds
Number of updated asset objects reloaded before import = 0
Number of asset objects unloaded after import = 132
========================================================================
Received Import Request.
  Time since last request: 2.208723 seconds.
  path: Assets/2_Prefabs/Terrain Prefabs/Ground11.prefab
  artifactKey: Guid(16e9054c7697998489a6900b18ec69f3) Importer(815301076,1909f56bfc062723c751e8b465ee728b)
Start importing Assets/2_Prefabs/Terrain Prefabs/Ground11.prefab using Guid(16e9054c7697998489a6900b18ec69f3) Importer(815301076,1909f56bfc062723c751e8b465ee728b)  -> (artifact id: '14f5dfe27893b719f8233c752f163827') in 0.013640 seconds
Number of updated asset objects reloaded before import = 0
Number of asset objects unloaded after import = 132
========================================================================
Received Import Request.
  Time since last request: 10.510597 seconds.
  path: Assets/2_Prefabs/Terrain Prefabs/Ground11.prefab
  artifactKey: Guid(16e9054c7697998489a6900b18ec69f3) Importer(815301076,1909f56bfc062723c751e8b465ee728b)
Start importing Assets/2_Prefabs/Terrain Prefabs/Ground11.prefab using Guid(16e9054c7697998489a6900b18ec69f3) Importer(815301076,1909f56bfc062723c751e8b465ee728b)  -> (artifact id: '8fe431b819927666fd18b623dce93a56') in 0.011735 seconds
Number of updated asset objects reloaded before import = 0
Number of asset objects unloaded after import = 124
========================================================================
Received Import Request.
  Time since last request: 0.988132 seconds.
  path: Assets/1_Scenes/SampleScene.unity
  artifactKey: Guid(9fc0d4010bbf28b4594072e72b8655ab) Importer(815301076,1909f56bfc062723c751e8b465ee728b)
Start importing Assets/1_Scenes/SampleScene.unity using Guid(9fc0d4010bbf28b4594072e72b8655ab) Importer(815301076,1909f56bfc062723c751e8b465ee728b)  -> (artifact id: 'de2d2c0f3f91b12d890640bac73f374b') in 0.000652 seconds
Number of updated asset objects reloaded before import = 0
Number of asset objects unloaded after import = 0
========================================================================
Received Import Request.
  Time since last request: 28.548924 seconds.
  path: Assets/2_Prefabs/Terrain Prefabs/Road01.prefab
  artifactKey: Guid(ce7697140fc04594196ce4d7bd2dd40b) Importer(815301076,1909f56bfc062723c751e8b465ee728b)
Start importing Assets/2_Prefabs/Terrain Prefabs/Road01.prefab using Guid(ce7697140fc04594196ce4d7bd2dd40b) Importer(815301076,1909f56bfc062723c751e8b465ee728b)  -> (artifact id: '6e11b63cfc09df9a4513e10c0cd73d3f') in 0.010291 seconds
Number of updated asset objects reloaded before import = 0
Number of asset objects unloaded after import = 34
========================================================================
Received Import Request.
  Time since last request: 0.835980 seconds.
  path: Assets/2_Prefabs/Terrain Prefabs/Road04.prefab
  artifactKey: Guid(63bd165cf3e445844bdd6149b240849c) Importer(815301076,1909f56bfc062723c751e8b465ee728b)
Start importing Assets/2_Prefabs/Terrain Prefabs/Road04.prefab using Guid(63bd165cf3e445844bdd6149b240849c) Importer(815301076,1909f56bfc062723c751e8b465ee728b)  -> (artifact id: 'a209101d120106301db4402e6b0f79ad') in 0.010876 seconds
Number of updated asset objects reloaded before import = 0
Number of asset objects unloaded after import = 99
========================================================================
Received Import Request.
  Time since last request: 0.000013 seconds.
  path: Assets/2_Prefabs/Terrain Prefabs/Road05.prefab
  artifactKey: Guid(d8bffd685b2e0f944a1e691efe4fd90b) Importer(815301076,1909f56bfc062723c751e8b465ee728b)
Start importing Assets/2_Prefabs/Terrain Prefabs/Road05.prefab using Guid(d8bffd685b2e0f944a1e691efe4fd90b) Importer(815301076,1909f56bfc062723c751e8b465ee728b)  -> (artifact id: '83fd062e84bb666e03a2c7ef7eed5a7d') in 0.010683 seconds
Number of updated asset objects reloaded before import = 0
Number of asset objects unloaded after import = 49
========================================================================
Received Import Request.
  Time since last request: 0.080509 seconds.
  path: Assets/2_Prefabs/Terrain Prefabs/Road01.prefab
  artifactKey: Guid(ce7697140fc04594196ce4d7bd2dd40b) Importer(815301076,1909f56bfc062723c751e8b465ee728b)
Start importing Assets/2_Prefabs/Terrain Prefabs/Road01.prefab using Guid(ce7697140fc04594196ce4d7bd2dd40b) Importer(815301076,1909f56bfc062723c751e8b465ee728b)  -> (artifact id: '2a3f4fafc25423cd9f04568130eedc8e') in 0.006644 seconds
Number of updated asset objects reloaded before import = 0
Number of asset objects unloaded after import = 38
========================================================================
Received Import Request.
  Time since last request: 0.000015 seconds.
  path: Assets/2_Prefabs/Terrain Prefabs/Road03.prefab
  artifactKey: Guid(14d4b68a6e04dc8478c7c44b36aa6541) Importer(815301076,1909f56bfc062723c751e8b465ee728b)
Start importing Assets/2_Prefabs/Terrain Prefabs/Road03.prefab using Guid(14d4b68a6e04dc8478c7c44b36aa6541) Importer(815301076,1909f56bfc062723c751e8b465ee728b)  -> (artifact id: 'f97e2f4e0fb9f6e5616e616d46a918a8') in 0.012693 seconds
Number of updated asset objects reloaded before import = 0
Number of asset objects unloaded after import = 111
========================================================================
Received Import Request.
  Time since last request: 4.418694 seconds.
  path: Assets/2_Prefabs/Terrain Prefabs/Road01.prefab
  artifactKey: Guid(ce7697140fc04594196ce4d7bd2dd40b) Importer(815301076,1909f56bfc062723c751e8b465ee728b)
Start importing Assets/2_Prefabs/Terrain Prefabs/Road01.prefab using Guid(ce7697140fc04594196ce4d7bd2dd40b) Importer(815301076,1909f56bfc062723c751e8b465ee728b)  -> (artifact id: '16546df311ec74dd507f8c32a3d1cb06') in 0.008075 seconds
Number of updated asset objects reloaded before import = 0
Number of asset objects unloaded after import = 38
========================================================================
Received Import Request.
  Time since last request: 0.000011 seconds.
  path: Assets/2_Prefabs/Terrain Prefabs/Road04.prefab
  artifactKey: Guid(63bd165cf3e445844bdd6149b240849c) Importer(815301076,1909f56bfc062723c751e8b465ee728b)
Start importing Assets/2_Prefabs/Terrain Prefabs/Road04.prefab using Guid(63bd165cf3e445844bdd6149b240849c) Importer(815301076,1909f56bfc062723c751e8b465ee728b)  -> (artifact id: '73fd72fbafa455dd2062bb68070cb80f') in 0.009874 seconds
Number of updated asset objects reloaded before import = 0
Number of asset objects unloaded after import = 111
========================================================================
Received Import Request.
  Time since last request: 9.833987 seconds.
  path: Assets/2_Prefabs/Terrain Prefabs/Road01.prefab
  artifactKey: Guid(ce7697140fc04594196ce4d7bd2dd40b) Importer(815301076,1909f56bfc062723c751e8b465ee728b)
Start importing Assets/2_Prefabs/Terrain Prefabs/Road01.prefab using Guid(ce7697140fc04594196ce4d7bd2dd40b) Importer(815301076,1909f56bfc062723c751e8b465ee728b)  -> (artifact id: 'a9a3e01037e8ea490e63c72754ad5f44') in 0.008816 seconds
Number of updated asset objects reloaded before import = 0
Number of asset objects unloaded after import = 34
========================================================================
Received Import Request.
  Time since last request: 0.000022 seconds.
  path: Assets/2_Prefabs/Terrain Prefabs/Road04.prefab
  artifactKey: Guid(63bd165cf3e445844bdd6149b240849c) Importer(815301076,1909f56bfc062723c751e8b465ee728b)
Start importing Assets/2_Prefabs/Terrain Prefabs/Road04.prefab using Guid(63bd165cf3e445844bdd6149b240849c) Importer(815301076,1909f56bfc062723c751e8b465ee728b)  -> (artifact id: '5f4e72b774ee382f0daa26410beba8a8') in 0.010173 seconds
Number of updated asset objects reloaded before import = 0
Number of asset objects unloaded after import = 99
========================================================================
Received Import Request.
  Time since last request: 2.803856 seconds.
  path: Assets/2_Prefabs/Terrain Prefabs/Road01.prefab
  artifactKey: Guid(ce7697140fc04594196ce4d7bd2dd40b) Importer(815301076,1909f56bfc062723c751e8b465ee728b)
Start importing Assets/2_Prefabs/Terrain Prefabs/Road01.prefab using Guid(ce7697140fc04594196ce4d7bd2dd40b) Importer(815301076,1909f56bfc062723c751e8b465ee728b)  -> (artifact id: 'c6bf86a8e2735c1d4c530a52ec309312') in 0.010369 seconds
Number of updated asset objects reloaded before import = 0
Number of asset objects unloaded after import = 34
========================================================================
Received Import Request.
  Time since last request: 0.000012 seconds.
  path: Assets/2_Prefabs/Terrain Prefabs/Road04.prefab
  artifactKey: Guid(63bd165cf3e445844bdd6149b240849c) Importer(815301076,1909f56bfc062723c751e8b465ee728b)
Start importing Assets/2_Prefabs/Terrain Prefabs/Road04.prefab using Guid(63bd165cf3e445844bdd6149b240849c) Importer(815301076,1909f56bfc062723c751e8b465ee728b)  -> (artifact id: '215044bca13eb1ef527df570bd4cc64d') in 0.008506 seconds
Number of updated asset objects reloaded before import = 0
Number of asset objects unloaded after import = 99
========================================================================
Received Import Request.
  Time since last request: 1.395216 seconds.
  path: Assets/2_Prefabs/Terrain Prefabs/Road01.prefab
  artifactKey: Guid(ce7697140fc04594196ce4d7bd2dd40b) Importer(815301076,1909f56bfc062723c751e8b465ee728b)
Start importing Assets/2_Prefabs/Terrain Prefabs/Road01.prefab using Guid(ce7697140fc04594196ce4d7bd2dd40b) Importer(815301076,1909f56bfc062723c751e8b465ee728b)  -> (artifact id: '687b57861e998828a607dc37ce475118') in 0.011192 seconds
Number of updated asset objects reloaded before import = 0
Number of asset objects unloaded after import = 34
========================================================================
Received Import Request.
  Time since last request: 0.000017 seconds.
  path: Assets/2_Prefabs/Terrain Prefabs/Road04.prefab
  artifactKey: Guid(63bd165cf3e445844bdd6149b240849c) Importer(815301076,1909f56bfc062723c751e8b465ee728b)
Start importing Assets/2_Prefabs/Terrain Prefabs/Road04.prefab using Guid(63bd165cf3e445844bdd6149b240849c) Importer(815301076,1909f56bfc062723c751e8b465ee728b)  -> (artifact id: '4234db52118e216fc880426d11bfda00') in 0.009788 seconds
Number of updated asset objects reloaded before import = 0
Number of asset objects unloaded after import = 99
========================================================================
Received Import Request.
  Time since last request: 4.426598 seconds.
  path: Assets/2_Prefabs/Terrain Prefabs/Road01.prefab
  artifactKey: Guid(ce7697140fc04594196ce4d7bd2dd40b) Importer(815301076,1909f56bfc062723c751e8b465ee728b)
Start importing Assets/2_Prefabs/Terrain Prefabs/Road01.prefab using Guid(ce7697140fc04594196ce4d7bd2dd40b) Importer(815301076,1909f56bfc062723c751e8b465ee728b)  -> (artifact id: 'a1c15695527749a9c7fe9fdd33d3ac1e') in 0.011056 seconds
Number of updated asset objects reloaded before import = 0
Number of asset objects unloaded after import = 38
========================================================================
Received Import Request.
  Time since last request: 0.000013 seconds.
  path: Assets/2_Prefabs/Terrain Prefabs/Road04.prefab
  artifactKey: Guid(63bd165cf3e445844bdd6149b240849c) Importer(815301076,1909f56bfc062723c751e8b465ee728b)
Start importing Assets/2_Prefabs/Terrain Prefabs/Road04.prefab using Guid(63bd165cf3e445844bdd6149b240849c) Importer(815301076,1909f56bfc062723c751e8b465ee728b)  -> (artifact id: 'dcdf947dec983ca91c5fc04b622f0ed8') in 0.010817 seconds
Number of updated asset objects reloaded before import = 0
Number of asset objects unloaded after import = 111
========================================================================
Received Import Request.
  Time since last request: 3.810319 seconds.
  path: Assets/2_Prefabs/Terrain Prefabs/Road01.prefab
  artifactKey: Guid(ce7697140fc04594196ce4d7bd2dd40b) Importer(815301076,1909f56bfc062723c751e8b465ee728b)
Start importing Assets/2_Prefabs/Terrain Prefabs/Road01.prefab using Guid(ce7697140fc04594196ce4d7bd2dd40b) Importer(815301076,1909f56bfc062723c751e8b465ee728b)  -> (artifact id: '7aeb2627d5dc31ae759941a67a32a34e') in 0.018528 seconds
Number of updated asset objects reloaded before import = 0
Number of asset objects unloaded after import = 38
========================================================================
Received Prepare
Begin MonoManager ReloadAssembly
Assembly 'Assets/ExternalDependencyManager/Editor/1.2.179/Google.IOSResolver.dll' will not be loaded due to errors:
Unable to resolve reference 'UnityEditor.iOS.Extensions.Xcode'. Is the assembly missing or incompatible with the current platform?
Reference validation can be disabled in the Plugin Inspector.
- Loaded All Assemblies, in  0.439 seconds
Refreshing native plugins compatible for Editor in 8.99 ms, found 3 plugins.
Native extension for WindowsStandalone target not found
Native extension for Android target not found
[Package Manager] Server::EnsureServerProcessIsRunning -- launch failed, reason: Unity was launched with the -noUpm command-line argument
[Package Manager] UpmClient::Send -- Unable to send message (not connected to UPM process).
[Package Manager] Cannot connect to Unity Package Manager local server
Mono: successfully reloaded assembly
- Finished resetting the current domain, in  0.786 seconds
Domain Reload Profiling: 1219ms
	BeginReloadAssembly (152ms)
		ExecutionOrderSort (0ms)
		DisableScriptedObjects (4ms)
		BackupInstance (0ms)
		ReleaseScriptingObjects (0ms)
		CreateAndSetChildDomain (30ms)
	RebuildCommonClasses (32ms)
	RebuildNativeTypeToScriptingClass (13ms)
	initialDomainReloadingComplete (33ms)
	LoadAllAssembliesAndSetupDomain (203ms)
		LoadAssemblies (277ms)
		RebuildTransferFunctionScriptingTraits (0ms)
		AnalyzeDomain (12ms)
			TypeCache.Refresh (5ms)
				TypeCache.ScanAssembly (0ms)
			ScanForSourceGeneratedMonoScriptInfo (0ms)
			ResolveRequiredComponents (5ms)
	FinalizeReload (786ms)
		ReleaseScriptCaches (0ms)
		RebuildScriptCaches (0ms)
		SetupLoadedEditorAssemblies (356ms)
			LogAssemblyErrors (0ms)
			InitializePlatformSupportModulesInManaged (18ms)
			SetLoadedEditorAssemblies (3ms)
			RefreshPlugins (0ms)
			BeforeProcessingInitializeOnLoad (46ms)
			ProcessInitializeOnLoadAttributes (261ms)
			ProcessInitializeOnLoadMethodAttributes (21ms)
			AfterProcessingInitializeOnLoad (7ms)
			EditorAssembliesLoaded (0ms)
		ExecutionOrderSort2 (0ms)
		AwakeInstancesAfterBackupRestoration (7ms)
Refreshing native plugins compatible for Editor in 11.08 ms, found 3 plugins.
Preloading 0 native plugins for Editor in 0.00 ms.
Unloading 3253 Unused Serialized files (Serialized files now loaded: 0)
Unloading 51 unused Assets / (42.3 KB). Loaded Objects now: 3743.
Memory consumption went from 134.9 MB to 134.8 MB.
Total: 2.443300 ms (FindLiveObjects: 0.186200 ms CreateObjectMapping: 0.085600 ms MarkObjects: 2.109500 ms  DeleteObjects: 0.060800 ms)

Prepare: number of updated asset objects reloaded= 0
AssetImportParameters requested are different than current active one (requested -> active):
  custom:container-demuxer-ogg: 62fdf1f143b41e24485cea50d1cbac27 -> 
  custom:video-codec-MediaFoundation-h265: 746d11721c4dcdbdad8f713fa42b33f4 -> 
  custom:video-decoder-ogg-theora: a1e56fd34408186e4bbccfd4996cb3dc -> 
  custom:framework-win-MediaFoundation: 216162199b28c13a410421893ffa2e32 -> 
  custom:CustomObjectIndexerAttribute: 756ad292c208cfabdd7b50bc23989ffe -> 
  custom:container-demuxer-webm: 4f35f7cbe854078d1ac9338744f61a02 -> 
  custom:container-muxer-webm: aa71ff27fc2769a1b78a27578f13a17b -> 
  custom:video-decoder-webm-vp8: 9c59270c3fd7afecdb556c50c9e8de78 -> 
  custom:SearchIndexIgnoredProperties: e643bd26f0fe6173181afceb89e7c659 -> 
  custom:AudioImporter_EditorPlatform: d09bf68614088b80899f8185d706f6e7 -> 
  custom:video-encoder-webm-vp8: eb34c28f22e8b96e1ab97ce403110664 -> 
  custom:audio-decoder-ogg-vorbis: bf7c407c2cedff20999df2af8eb42d56 -> 
  custom:audio-encoder-webm-vorbis: bf7c407c2cedff20999df2af8eb42d56 -> 
Editor requested this worker to shutdown with reason: Scaling down because of idle timeout
TcpMessagingSession - receive error: operation aborted. errorcode: 995, details:        I/O  .
AssetImportWorker is now disconnected from the server
Process exiting
Exiting without the bug reporter. Application will terminate with return code 0