Using pre-set license
Built from '2022.3/staging' branch; Version is '2022.3.13f1 (5f90a5ebde0f) revision 6262949'; Using compiler version '192829333'; Build Type 'Release'
OS: 'Windows 10  (10.0.19045) 64bit Core' Language: 'ko' Physical Memory: 16317 MB
BatchMode: 1, IsHumanControllingUs: 0, StartBugReporterOnCrash: 0, Is64bit: 1, IsPro: 1

COMMAND LINE ARGUMENTS:
D:\2022.3.13f1\Editor\Unity.exe
-adb2
-batchMode
-noUpm
-name
AssetImportWorker2
-projectPath
C:/Users/user/Documents/GitHub/Project_G/practice_mojak_orbit
-logFile
Logs/AssetImportWorker2.log
-srvPort
63970
Successfully changed project path to: C:/Users/user/Documents/GitHub/Project_G/practice_mojak_orbit
C:/Users/user/Documents/GitHub/Project_G/practice_mojak_orbit
[UnityMemory] Configuration Parameters - Can be set up in boot.config
    "memorysetup-bucket-allocator-granularity=16"
    "memorysetup-bucket-allocator-bucket-count=8"
    "memorysetup-bucket-allocator-block-size=33554432"
    "memorysetup-bucket-allocator-block-count=8"
    "memorysetup-main-allocator-block-size=16777216"
    "memorysetup-thread-allocator-block-size=16777216"
    "memorysetup-gfx-main-allocator-block-size=16777216"
    "memorysetup-gfx-thread-allocator-block-size=16777216"
    "memorysetup-cache-allocator-block-size=4194304"
    "memorysetup-typetree-allocator-block-size=2097152"
    "memorysetup-profiler-bucket-allocator-granularity=16"
    "memorysetup-profiler-bucket-allocator-bucket-count=8"
    "memorysetup-profiler-bucket-allocator-block-size=33554432"
    "memorysetup-profiler-bucket-allocator-block-count=8"
    "memorysetup-profiler-allocator-block-size=16777216"
    "memorysetup-profiler-editor-allocator-block-size=1048576"
    "memorysetup-temp-allocator-size-main=16777216"
    "memorysetup-job-temp-allocator-block-size=2097152"
    "memorysetup-job-temp-allocator-block-size-background=1048576"
    "memorysetup-job-temp-allocator-reduction-small-platforms=262144"
    "memorysetup-allocator-temp-initial-block-size-main=262144"
    "memorysetup-allocator-temp-initial-block-size-worker=262144"
    "memorysetup-temp-allocator-size-background-worker=32768"
    "memorysetup-temp-allocator-size-job-worker=262144"
    "memorysetup-temp-allocator-size-preload-manager=33554432"
    "memorysetup-temp-allocator-size-nav-mesh-worker=65536"
    "memorysetup-temp-allocator-size-audio-worker=65536"
    "memorysetup-temp-allocator-size-cloud-worker=32768"
    "memorysetup-temp-allocator-size-gi-baking-worker=262144"
    "memorysetup-temp-allocator-size-gfx=262144"
Player connection [19392] Host "[IP] 192.168.35.177 [Port] 0 [Flags] 2 [Guid] 3863157693 [EditorId] 3863157693 [Version] 1048832 [Id] WindowsEditor(7,DESKTOP-3B6S9KP) [Debug] 1 [PackageName] WindowsEditor [ProjectName] Editor" joined multi-casting on [225.0.0.222:54997]...

Player connection [19392] Host "[IP] 192.168.35.177 [Port] 0 [Flags] 2 [Guid] 3863157693 [EditorId] 3863157693 [Version] 1048832 [Id] WindowsEditor(7,DESKTOP-3B6S9KP) [Debug] 1 [PackageName] WindowsEditor [ProjectName] Editor" joined alternative multi-casting on [225.0.0.222:34997]...

[Physics::Module] Initialized MultithreadedJobDispatcher with 5 workers.
Refreshing native plugins compatible for Editor in 91.94 ms, found 3 plugins.
Preloading 0 native plugins for Editor in 0.00 ms.
Initialize engine version: 2022.3.13f1 (5f90a5ebde0f)
[Subsystems] Discovering subsystems at path D:/2022.3.13f1/Editor/Data/Resources/UnitySubsystems
[Subsystems] Discovering subsystems at path C:/Users/user/Documents/GitHub/Project_G/practice_mojak_orbit/Assets
GfxDevice: creating device client; threaded=0; jobified=0
Direct3D:
    Version:  Direct3D 11.0 [level 11.1]
    Renderer: NVIDIA GeForce GTX 1650 SUPER (ID=0x2187)
    Vendor:   NVIDIA
    VRAM:     3943 MB
    Driver:   31.0.15.3623
Initialize mono
Mono path[0] = 'D:/2022.3.13f1/Editor/Data/Managed'
Mono path[1] = 'D:/2022.3.13f1/Editor/Data/MonoBleedingEdge/lib/mono/unityjit-win32'
Mono config path = 'D:/2022.3.13f1/Editor/Data/MonoBleedingEdge/etc'
Using monoOptions --debugger-agent=transport=dt_socket,embedding=1,server=y,suspend=n,address=127.0.0.1:56784
Begin MonoManager ReloadAssembly
Registering precompiled unity dll's ...
Register platform support module: D:/2022.3.13f1/Editor/Data/PlaybackEngines/AndroidPlayer/UnityEditor.Android.Extensions.dll
Register platform support module: D:/2022.3.13f1/Editor/Data/PlaybackEngines/WindowsStandaloneSupport/UnityEditor.WindowsStandalone.Extensions.dll
Registered in 0.011010 seconds.
- Loaded All Assemblies, in  0.551 seconds
Native extension for WindowsStandalone target not found
Native extension for Android target not found
Android Extension - Scanning For ADB Devices 579 ms
Mono: successfully reloaded assembly
- Finished resetting the current domain, in  1.166 seconds
Domain Reload Profiling: 1716ms
	BeginReloadAssembly (193ms)
		ExecutionOrderSort (0ms)
		DisableScriptedObjects (0ms)
		BackupInstance (0ms)
		ReleaseScriptingObjects (0ms)
		CreateAndSetChildDomain (1ms)
	RebuildCommonClasses (50ms)
	RebuildNativeTypeToScriptingClass (16ms)
	initialDomainReloadingComplete (71ms)
	LoadAllAssembliesAndSetupDomain (219ms)
		LoadAssemblies (194ms)
		RebuildTransferFunctionScriptingTraits (0ms)
		AnalyzeDomain (215ms)
			TypeCache.Refresh (213ms)
				TypeCache.ScanAssembly (188ms)
			ScanForSourceGeneratedMonoScriptInfo (0ms)
			ResolveRequiredComponents (0ms)
	FinalizeReload (1167ms)
		ReleaseScriptCaches (0ms)
		RebuildScriptCaches (0ms)
		SetupLoadedEditorAssemblies (1091ms)
			LogAssemblyErrors (0ms)
			InitializePlatformSupportModulesInManaged (764ms)
			SetLoadedEditorAssemblies (10ms)
			RefreshPlugins (0ms)
			BeforeProcessingInitializeOnLoad (3ms)
			ProcessInitializeOnLoadAttributes (220ms)
			ProcessInitializeOnLoadMethodAttributes (93ms)
			AfterProcessingInitializeOnLoad (0ms)
			EditorAssembliesLoaded (0ms)
		ExecutionOrderSort2 (0ms)
		AwakeInstancesAfterBackupRestoration (0ms)
========================================================================
Worker process is ready to serve import requests
Begin MonoManager ReloadAssembly
Assembly 'Assets/ExternalDependencyManager/Editor/1.2.179/Google.IOSResolver.dll' will not be loaded due to errors:
Unable to resolve reference 'UnityEditor.iOS.Extensions.Xcode'. Is the assembly missing or incompatible with the current platform?
Reference validation can be disabled in the Plugin Inspector.
- Loaded All Assemblies, in  1.587 seconds
Refreshing native plugins compatible for Editor in 38.78 ms, found 3 plugins.
Native extension for WindowsStandalone target not found
Native extension for Android target not found
Package Manager log level set to [2]
[Package Manager] Server::EnsureServerProcessIsRunning -- launch failed, reason: Unity was launched with the -noUpm command-line argument
[Package Manager] UpmClient::Send -- Unable to send message (not connected to UPM process).
[Package Manager] Cannot connect to Unity Package Manager local server
Mono: successfully reloaded assembly
- Finished resetting the current domain, in  0.976 seconds
Domain Reload Profiling: 2555ms
	BeginReloadAssembly (349ms)
		ExecutionOrderSort (0ms)
		DisableScriptedObjects (24ms)
		BackupInstance (0ms)
		ReleaseScriptingObjects (0ms)
		CreateAndSetChildDomain (39ms)
	RebuildCommonClasses (65ms)
	RebuildNativeTypeToScriptingClass (20ms)
	initialDomainReloadingComplete (93ms)
	LoadAllAssembliesAndSetupDomain (1051ms)
		LoadAssemblies (920ms)
		RebuildTransferFunctionScriptingTraits (0ms)
		AnalyzeDomain (353ms)
			TypeCache.Refresh (309ms)
				TypeCache.ScanAssembly (274ms)
			ScanForSourceGeneratedMonoScriptInfo (28ms)
			ResolveRequiredComponents (14ms)
	FinalizeReload (977ms)
		ReleaseScriptCaches (0ms)
		RebuildScriptCaches (0ms)
		SetupLoadedEditorAssemblies (720ms)
			LogAssemblyErrors (0ms)
			InitializePlatformSupportModulesInManaged (43ms)
			SetLoadedEditorAssemblies (5ms)
			RefreshPlugins (0ms)
			BeforeProcessingInitializeOnLoad (153ms)
			ProcessInitializeOnLoadAttributes (477ms)
			ProcessInitializeOnLoadMethodAttributes (34ms)
			AfterProcessingInitializeOnLoad (6ms)
			EditorAssembliesLoaded (0ms)
		ExecutionOrderSort2 (0ms)
		AwakeInstancesAfterBackupRestoration (26ms)
Launched and connected shader compiler UnityShaderCompiler.exe after 0.12 seconds
Refreshing native plugins compatible for Editor in 48.20 ms, found 3 plugins.
Preloading 0 native plugins for Editor in 0.00 ms.
Unloading 3269 Unused Serialized files (Serialized files now loaded: 0)
Unloading 60 unused Assets / (68.3 KB). Loaded Objects now: 3725.
Memory consumption went from 134.8 MB to 134.8 MB.
Total: 5.147300 ms (FindLiveObjects: 0.447000 ms CreateObjectMapping: 0.459700 ms MarkObjects: 4.085700 ms  DeleteObjects: 0.153100 ms)

AssetImportParameters requested are different than current active one (requested -> active):
  custom:container-demuxer-ogg: 62fdf1f143b41e24485cea50d1cbac27 -> 
  custom:video-decoder-ogg-theora: a1e56fd34408186e4bbccfd4996cb3dc -> 
  custom:framework-win-MediaFoundation: 216162199b28c13a410421893ffa2e32 -> 
  custom:container-demuxer-webm: 4f35f7cbe854078d1ac9338744f61a02 -> 
  custom:container-muxer-webm: aa71ff27fc2769a1b78a27578f13a17b -> 
  custom:video-decoder-webm-vp8: 9c59270c3fd7afecdb556c50c9e8de78 -> 
  custom:AudioImporter_EditorPlatform: d09bf68614088b80899f8185d706f6e7 -> 
  custom:video-encoder-webm-vp8: eb34c28f22e8b96e1ab97ce403110664 -> 
  custom:audio-decoder-ogg-vorbis: bf7c407c2cedff20999df2af8eb42d56 -> 
  custom:audio-encoder-webm-vorbis: bf7c407c2cedff20999df2af8eb42d56 -> 
========================================================================
Received Import Request.
  Time since last request: 919.366018 seconds.
  path: Assets/characteCam.asset
  artifactKey: Guid(c6737735df757e1498deb9232790626f) Importer(815301076,1909f56bfc062723c751e8b465ee728b)
Start importing Assets/characteCam.asset using Guid(c6737735df757e1498deb9232790626f) Importer(815301076,1909f56bfc062723c751e8b465ee728b)  -> (artifact id: 'fdeab6ded88eed131b97079ce5ee2548') in 0.135262 seconds
Number of updated asset objects reloaded before import = 0
Number of asset objects unloaded after import = 2
========================================================================
Received Import Request.
  Time since last request: 0.000040 seconds.
  path: Assets/GachaEffect.renderTexture
  artifactKey: Guid(b2801ea8f2ab6e849a0061a3edc00c1a) Importer(815301076,1909f56bfc062723c751e8b465ee728b)
Start importing Assets/GachaEffect.renderTexture using Guid(b2801ea8f2ab6e849a0061a3edc00c1a) Importer(815301076,1909f56bfc062723c751e8b465ee728b)  -> (artifact id: '0f16a987aa5f168e1f2bf510d6c175c5') in 0.072756 seconds
Number of updated asset objects reloaded before import = 0
Number of asset objects unloaded after import = 2
========================================================================
Received Import Request.
  Time since last request: 0.000045 seconds.
  path: Assets/download_image_1716577191388.png
  artifactKey: Guid(3a21ada9025580e4d9d3932e66bbe9de) Importer(815301076,1909f56bfc062723c751e8b465ee728b)
Start importing Assets/download_image_1716577191388.png using Guid(3a21ada9025580e4d9d3932e66bbe9de) Importer(815301076,1909f56bfc062723c751e8b465ee728b)  -> (artifact id: 'b7622a989a7bdeb552d6a934f506a96f') in 0.118249 seconds
Number of updated asset objects reloaded before import = 0
Number of asset objects unloaded after import = 3
========================================================================
Received Import Request.
  Time since last request: 0.000030 seconds.
  path: Assets/craft_speederA.fbx
  artifactKey: Guid(3414ad1800c3cdc4ab9b1ee70bd9950b) Importer(815301076,1909f56bfc062723c751e8b465ee728b)
Start importing Assets/craft_speederA.fbx using Guid(3414ad1800c3cdc4ab9b1ee70bd9950b) Importer(815301076,1909f56bfc062723c751e8b465ee728b)  -> (artifact id: '2f6caf495c3cc8dbb62ee40eb5dc797a') in 0.447542 seconds
Number of updated asset objects reloaded before import = 0
Number of asset objects unloaded after import = 11
========================================================================
Received Import Request.
  Time since last request: 16.697856 seconds.
  path: Assets/1_Scenes/SampleScene.unity
  artifactKey: Guid(9fc0d4010bbf28b4594072e72b8655ab) Importer(815301076,1909f56bfc062723c751e8b465ee728b)
Start importing Assets/1_Scenes/SampleScene.unity using Guid(9fc0d4010bbf28b4594072e72b8655ab) Importer(815301076,1909f56bfc062723c751e8b465ee728b)  -> (artifact id: '93452eb46b228de6f3bd2e3f862b9b82') in 0.000746 seconds
Number of updated asset objects reloaded before import = 0
Number of asset objects unloaded after import = 0
========================================================================
Received Prepare
Refreshing native plugins compatible for Editor in 28.24 ms, found 3 plugins.
Preloading 0 native plugins for Editor in 0.00 ms.
Unloading 0 Unused Serialized files (Serialized files now loaded: 0)
Unloading 1 unused Assets / (0.8 KB). Loaded Objects now: 3772.
Memory consumption went from 79.5 MB to 79.5 MB.
Total: 3.783600 ms (FindLiveObjects: 0.293100 ms CreateObjectMapping: 0.221500 ms MarkObjects: 3.247900 ms  DeleteObjects: 0.020300 ms)

Prepare: number of updated asset objects reloaded= 0
AssetImportParameters requested are different than current active one (requested -> active):
  custom:container-demuxer-ogg: 62fdf1f143b41e24485cea50d1cbac27 -> 
  custom:video-decoder-ogg-theora: a1e56fd34408186e4bbccfd4996cb3dc -> 
  custom:framework-win-MediaFoundation: 216162199b28c13a410421893ffa2e32 -> 
  custom:CustomObjectIndexerAttribute: 756ad292c208cfabdd7b50bc23989ffe -> 
  custom:container-demuxer-webm: 4f35f7cbe854078d1ac9338744f61a02 -> 
  custom:container-muxer-webm: aa71ff27fc2769a1b78a27578f13a17b -> 
  custom:video-decoder-webm-vp8: 9c59270c3fd7afecdb556c50c9e8de78 -> 
  custom:SearchIndexIgnoredProperties: e643bd26f0fe6173181afceb89e7c659 -> 
  custom:AudioImporter_EditorPlatform: d09bf68614088b80899f8185d706f6e7 -> 
  custom:video-encoder-webm-vp8: eb34c28f22e8b96e1ab97ce403110664 -> 
  custom:audio-decoder-ogg-vorbis: bf7c407c2cedff20999df2af8eb42d56 -> 
  custom:audio-encoder-webm-vorbis: bf7c407c2cedff20999df2af8eb42d56 -> 
========================================================================
Received Prepare
Refreshing native plugins compatible for Editor in 27.39 ms, found 3 plugins.
Preloading 0 native plugins for Editor in 0.00 ms.
Unloading 1 Unused Serialized files (Serialized files now loaded: 0)
Unloading 1 unused Assets / (3.0 KB). Loaded Objects now: 3772.
Memory consumption went from 79.8 MB to 79.8 MB.
Total: 3.270000 ms (FindLiveObjects: 0.321000 ms CreateObjectMapping: 0.259500 ms MarkObjects: 2.668200 ms  DeleteObjects: 0.019900 ms)

Prepare: number of updated asset objects reloaded= 0
AssetImportParameters requested are different than current active one (requested -> active):
  custom:container-demuxer-ogg: 62fdf1f143b41e24485cea50d1cbac27 -> 
  custom:video-decoder-ogg-theora: a1e56fd34408186e4bbccfd4996cb3dc -> 
  custom:framework-win-MediaFoundation: 216162199b28c13a410421893ffa2e32 -> 
  custom:CustomObjectIndexerAttribute: 756ad292c208cfabdd7b50bc23989ffe -> 
  custom:container-demuxer-webm: 4f35f7cbe854078d1ac9338744f61a02 -> 
  custom:container-muxer-webm: aa71ff27fc2769a1b78a27578f13a17b -> 
  custom:video-decoder-webm-vp8: 9c59270c3fd7afecdb556c50c9e8de78 -> 
  custom:SearchIndexIgnoredProperties: e643bd26f0fe6173181afceb89e7c659 -> 
  custom:AudioImporter_EditorPlatform: d09bf68614088b80899f8185d706f6e7 -> 
  custom:video-encoder-webm-vp8: eb34c28f22e8b96e1ab97ce403110664 -> 
  custom:audio-decoder-ogg-vorbis: bf7c407c2cedff20999df2af8eb42d56 -> 
  custom:audio-encoder-webm-vorbis: bf7c407c2cedff20999df2af8eb42d56 -> 
========================================================================
Received Prepare
Begin MonoManager ReloadAssembly
Assembly 'Assets/ExternalDependencyManager/Editor/1.2.179/Google.IOSResolver.dll' will not be loaded due to errors:
Unable to resolve reference 'UnityEditor.iOS.Extensions.Xcode'. Is the assembly missing or incompatible with the current platform?
Reference validation can be disabled in the Plugin Inspector.
- Loaded All Assemblies, in  0.829 seconds
Refreshing native plugins compatible for Editor in 28.50 ms, found 3 plugins.
Native extension for WindowsStandalone target not found
Native extension for Android target not found
[Package Manager] Server::EnsureServerProcessIsRunning -- launch failed, reason: Unity was launched with the -noUpm command-line argument
[Package Manager] UpmClient::Send -- Unable to send message (not connected to UPM process).
[Package Manager] Cannot connect to Unity Package Manager local server
Mono: successfully reloaded assembly
- Finished resetting the current domain, in  1.516 seconds
Domain Reload Profiling: 2338ms
	BeginReloadAssembly (204ms)
		ExecutionOrderSort (0ms)
		DisableScriptedObjects (5ms)
		BackupInstance (0ms)
		ReleaseScriptingObjects (0ms)
		CreateAndSetChildDomain (40ms)
	RebuildCommonClasses (38ms)
	RebuildNativeTypeToScriptingClass (13ms)
	initialDomainReloadingComplete (50ms)
	LoadAllAssembliesAndSetupDomain (516ms)
		LoadAssemblies (539ms)
		RebuildTransferFunctionScriptingTraits (0ms)
		AnalyzeDomain (98ms)
			TypeCache.Refresh (77ms)
				TypeCache.ScanAssembly (66ms)
			ScanForSourceGeneratedMonoScriptInfo (14ms)
			ResolveRequiredComponents (6ms)
	FinalizeReload (1516ms)
		ReleaseScriptCaches (0ms)
		RebuildScriptCaches (0ms)
		SetupLoadedEditorAssemblies (399ms)
			LogAssemblyErrors (0ms)
			InitializePlatformSupportModulesInManaged (25ms)
			SetLoadedEditorAssemblies (3ms)
			RefreshPlugins (0ms)
			BeforeProcessingInitializeOnLoad (71ms)
			ProcessInitializeOnLoadAttributes (271ms)
			ProcessInitializeOnLoadMethodAttributes (24ms)
			AfterProcessingInitializeOnLoad (5ms)
			EditorAssembliesLoaded (0ms)
		ExecutionOrderSort2 (0ms)
		AwakeInstancesAfterBackupRestoration (19ms)
Refreshing native plugins compatible for Editor in 25.96 ms, found 3 plugins.
Preloading 0 native plugins for Editor in 0.00 ms.
Unloading 3248 Unused Serialized files (Serialized files now loaded: 0)
Unloading 51 unused Assets / (42.5 KB). Loaded Objects now: 3774.
Memory consumption went from 132.5 MB to 132.5 MB.
Total: 3.179600 ms (FindLiveObjects: 0.268900 ms CreateObjectMapping: 0.297700 ms MarkObjects: 2.544800 ms  DeleteObjects: 0.067300 ms)

Prepare: number of updated asset objects reloaded= 0
AssetImportParameters requested are different than current active one (requested -> active):
  custom:container-demuxer-ogg: 62fdf1f143b41e24485cea50d1cbac27 -> 
  custom:video-decoder-ogg-theora: a1e56fd34408186e4bbccfd4996cb3dc -> 
  custom:framework-win-MediaFoundation: 216162199b28c13a410421893ffa2e32 -> 
  custom:CustomObjectIndexerAttribute: 756ad292c208cfabdd7b50bc23989ffe -> 
  custom:container-demuxer-webm: 4f35f7cbe854078d1ac9338744f61a02 -> 
  custom:container-muxer-webm: aa71ff27fc2769a1b78a27578f13a17b -> 
  custom:video-decoder-webm-vp8: 9c59270c3fd7afecdb556c50c9e8de78 -> 
  custom:SearchIndexIgnoredProperties: e643bd26f0fe6173181afceb89e7c659 -> 
  custom:AudioImporter_EditorPlatform: d09bf68614088b80899f8185d706f6e7 -> 
  custom:video-encoder-webm-vp8: eb34c28f22e8b96e1ab97ce403110664 -> 
  custom:audio-decoder-ogg-vorbis: bf7c407c2cedff20999df2af8eb42d56 -> 
  custom:audio-encoder-webm-vorbis: bf7c407c2cedff20999df2af8eb42d56 -> 
========================================================================
Received Prepare
Begin MonoManager ReloadAssembly
Assembly 'Assets/ExternalDependencyManager/Editor/1.2.179/Google.IOSResolver.dll' will not be loaded due to errors:
Unable to resolve reference 'UnityEditor.iOS.Extensions.Xcode'. Is the assembly missing or incompatible with the current platform?
Reference validation can be disabled in the Plugin Inspector.
- Loaded All Assemblies, in  0.784 seconds
Refreshing native plugins compatible for Editor in 34.71 ms, found 3 plugins.
Native extension for WindowsStandalone target not found
Native extension for Android target not found
[Package Manager] Server::EnsureServerProcessIsRunning -- launch failed, reason: Unity was launched with the -noUpm command-line argument
[Package Manager] UpmClient::Send -- Unable to send message (not connected to UPM process).
[Package Manager] Cannot connect to Unity Package Manager local server
Mono: successfully reloaded assembly
- Finished resetting the current domain, in  1.705 seconds
Domain Reload Profiling: 2482ms
	BeginReloadAssembly (226ms)
		ExecutionOrderSort (0ms)
		DisableScriptedObjects (5ms)
		BackupInstance (0ms)
		ReleaseScriptingObjects (0ms)
		CreateAndSetChildDomain (37ms)
	RebuildCommonClasses (40ms)
	RebuildNativeTypeToScriptingClass (13ms)
	initialDomainReloadingComplete (48ms)
	LoadAllAssembliesAndSetupDomain (450ms)
		LoadAssemblies (577ms)
		RebuildTransferFunctionScriptingTraits (0ms)
		AnalyzeDomain (16ms)
			TypeCache.Refresh (7ms)
				TypeCache.ScanAssembly (0ms)
			ScanForSourceGeneratedMonoScriptInfo (0ms)
			ResolveRequiredComponents (7ms)
	FinalizeReload (1705ms)
		ReleaseScriptCaches (0ms)
		RebuildScriptCaches (0ms)
		SetupLoadedEditorAssemblies (493ms)
			LogAssemblyErrors (0ms)
			InitializePlatformSupportModulesInManaged (28ms)
			SetLoadedEditorAssemblies (8ms)
			RefreshPlugins (0ms)
			BeforeProcessingInitializeOnLoad (104ms)
			ProcessInitializeOnLoadAttributes (318ms)
			ProcessInitializeOnLoadMethodAttributes (30ms)
			AfterProcessingInitializeOnLoad (5ms)
			EditorAssembliesLoaded (0ms)
		ExecutionOrderSort2 (0ms)
		AwakeInstancesAfterBackupRestoration (23ms)
Refreshing native plugins compatible for Editor in 30.15 ms, found 3 plugins.
Preloading 0 native plugins for Editor in 0.00 ms.
Unloading 3248 Unused Serialized files (Serialized files now loaded: 0)
Unloading 51 unused Assets / (42.5 KB). Loaded Objects now: 3777.
Memory consumption went from 134.5 MB to 134.4 MB.
Total: 3.569900 ms (FindLiveObjects: 0.412200 ms CreateObjectMapping: 0.298200 ms MarkObjects: 2.782600 ms  DeleteObjects: 0.075600 ms)

Prepare: number of updated asset objects reloaded= 0
AssetImportParameters requested are different than current active one (requested -> active):
  custom:container-demuxer-ogg: 62fdf1f143b41e24485cea50d1cbac27 -> 
  custom:video-decoder-ogg-theora: a1e56fd34408186e4bbccfd4996cb3dc -> 
  custom:framework-win-MediaFoundation: 216162199b28c13a410421893ffa2e32 -> 
  custom:CustomObjectIndexerAttribute: 756ad292c208cfabdd7b50bc23989ffe -> 
  custom:container-demuxer-webm: 4f35f7cbe854078d1ac9338744f61a02 -> 
  custom:container-muxer-webm: aa71ff27fc2769a1b78a27578f13a17b -> 
  custom:video-decoder-webm-vp8: 9c59270c3fd7afecdb556c50c9e8de78 -> 
  custom:SearchIndexIgnoredProperties: e643bd26f0fe6173181afceb89e7c659 -> 
  custom:AudioImporter_EditorPlatform: d09bf68614088b80899f8185d706f6e7 -> 
  custom:video-encoder-webm-vp8: eb34c28f22e8b96e1ab97ce403110664 -> 
  custom:audio-decoder-ogg-vorbis: bf7c407c2cedff20999df2af8eb42d56 -> 
  custom:audio-encoder-webm-vorbis: bf7c407c2cedff20999df2af8eb42d56 -> 
========================================================================
Received Import Request.
  Time since last request: 302.642709 seconds.
  path: Assets/2_Prefabs/Car.prefab
  artifactKey: Guid(1afc446813d289e4e93f1e7fcf3371f5) Importer(815301076,1909f56bfc062723c751e8b465ee728b)
Start importing Assets/2_Prefabs/Car.prefab using Guid(1afc446813d289e4e93f1e7fcf3371f5) Importer(815301076,1909f56bfc062723c751e8b465ee728b)  -> (artifact id: '9a83d0482801817357b9e6759d5a03e3') in 0.625060 seconds
Number of updated asset objects reloaded before import = 0
Number of asset objects unloaded after import = 9
========================================================================
Received Import Request.
  Time since last request: 0.000032 seconds.
  path: Assets/3_UI Images/Bronze.png
  artifactKey: Guid(2c91c59cf22a5434dbe3dec3abe24c3d) Importer(815301076,1909f56bfc062723c751e8b465ee728b)
Start importing Assets/3_UI Images/Bronze.png using Guid(2c91c59cf22a5434dbe3dec3abe24c3d) Importer(815301076,1909f56bfc062723c751e8b465ee728b)  -> (artifact id: 'eb4fcba82aeb4d416203310b338d8d15') in 0.129574 seconds
Number of updated asset objects reloaded before import = 0
Number of asset objects unloaded after import = 3
========================================================================
Received Import Request.
  Time since last request: 0.018374 seconds.
  path: Assets/2_Prefabs/Log.prefab
  artifactKey: Guid(51c4777f2bdb8cd4ca5422b79b31e788) Importer(815301076,1909f56bfc062723c751e8b465ee728b)
Start importing Assets/2_Prefabs/Log.prefab using Guid(51c4777f2bdb8cd4ca5422b79b31e788) Importer(815301076,1909f56bfc062723c751e8b465ee728b)  -> (artifact id: '4d13d74fd35d620606defce426963e88') in 0.191765 seconds
Number of updated asset objects reloaded before import = 0
Number of asset objects unloaded after import = 10
========================================================================
Received Import Request.
  Time since last request: 0.000022 seconds.
  path: Assets/2_Prefabs/wings.prefab
  artifactKey: Guid(1f3bc245adad8c8408cc807f8a3f8d48) Importer(815301076,1909f56bfc062723c751e8b465ee728b)
Start importing Assets/2_Prefabs/wings.prefab using Guid(1f3bc245adad8c8408cc807f8a3f8d48) Importer(815301076,1909f56bfc062723c751e8b465ee728b)  -> (artifact id: 'aa6416d78441f0947d94f73fe8a0d2f5') in 0.012354 seconds
Number of updated asset objects reloaded before import = 0
Number of asset objects unloaded after import = 26
========================================================================
Received Import Request.
  Time since last request: 0.000019 seconds.
  path: Assets/3_UI Images/Gold.png
  artifactKey: Guid(32907a7f0fe15c446becb1f5d0f00848) Importer(815301076,1909f56bfc062723c751e8b465ee728b)
Start importing Assets/3_UI Images/Gold.png using Guid(32907a7f0fe15c446becb1f5d0f00848) Importer(815301076,1909f56bfc062723c751e8b465ee728b)  -> (artifact id: 'c64cdb4b29bc0ef2b445a63e4da41a44') in 0.020837 seconds
Number of updated asset objects reloaded before import = 0
Number of asset objects unloaded after import = 3
========================================================================
Received Import Request.
  Time since last request: 0.002417 seconds.
  path: Assets/2_Prefabs/Player.prefab
  artifactKey: Guid(a769089d464a109489d274d0bedbf17d) Importer(815301076,1909f56bfc062723c751e8b465ee728b)
Start importing Assets/2_Prefabs/Player.prefab using Guid(a769089d464a109489d274d0bedbf17d) Importer(815301076,1909f56bfc062723c751e8b465ee728b)  -> (artifact id: '6f50b9db9b13c6eb95cf2654d9d840ee') in 0.364281 seconds
Number of updated asset objects reloaded before import = 0
Number of asset objects unloaded after import = 75
========================================================================
Received Import Request.
  Time since last request: 0.002516 seconds.
  path: Assets/3_UI Images/Coin.png
  artifactKey: Guid(f624c4328b70b974ebd1e72c7b09044f) Importer(815301076,1909f56bfc062723c751e8b465ee728b)
Start importing Assets/3_UI Images/Coin.png using Guid(f624c4328b70b974ebd1e72c7b09044f) Importer(815301076,1909f56bfc062723c751e8b465ee728b)  -> (artifact id: 'e7816fc17704bdf65d435fabfbb53de6') in 0.029664 seconds
Number of updated asset objects reloaded before import = 0
Number of asset objects unloaded after import = 3
========================================================================
Received Import Request.
  Time since last request: 0.028073 seconds.
  path: Assets/4_Sound/Blast 5.mp3
  artifactKey: Guid(354655e9dabc2c84ba1396dcc4644eb2) Importer(815301076,1909f56bfc062723c751e8b465ee728b)
Start importing Assets/4_Sound/Blast 5.mp3 using Guid(354655e9dabc2c84ba1396dcc4644eb2) Importer(815301076,1909f56bfc062723c751e8b465ee728b)  -> (artifact id: '0d94ed5dcfb204c02a6cc450613cd99b') in 0.039539 seconds
Number of updated asset objects reloaded before import = 0
Number of asset objects unloaded after import = 2
========================================================================
Received Import Request.
  Time since last request: 0.000022 seconds.
  path: Assets/4_Sound/InGameBGM.mp3
  artifactKey: Guid(6e9b3e31248c84f4988f3085910a34d9) Importer(815301076,1909f56bfc062723c751e8b465ee728b)
Start importing Assets/4_Sound/InGameBGM.mp3 using Guid(6e9b3e31248c84f4988f3085910a34d9) Importer(815301076,1909f56bfc062723c751e8b465ee728b)  -> (artifact id: '37f8a256259051bc23b414cf4cd2041f') in 0.016794 seconds
Number of updated asset objects reloaded before import = 0
Number of asset objects unloaded after import = 2
========================================================================
Received Import Request.
  Time since last request: 0.000021 seconds.
  path: Assets/4_Sound/Loby Sound.mp3
  artifactKey: Guid(8cd2eb83ae986064098c34bbc88dfecf) Importer(815301076,1909f56bfc062723c751e8b465ee728b)
Start importing Assets/4_Sound/Loby Sound.mp3 using Guid(8cd2eb83ae986064098c34bbc88dfecf) Importer(815301076,1909f56bfc062723c751e8b465ee728b)  -> (artifact id: 'b6602008305fbd2f8de45ea9191696fe') in 0.015678 seconds
Number of updated asset objects reloaded before import = 0
Number of asset objects unloaded after import = 2
========================================================================
Received Import Request.
  Time since last request: 0.000017 seconds.
  path: Assets/4_Sound/Hit2.mp3
  artifactKey: Guid(7add1c871dc5c71469d4da2144f088b3) Importer(815301076,1909f56bfc062723c751e8b465ee728b)
Start importing Assets/4_Sound/Hit2.mp3 using Guid(7add1c871dc5c71469d4da2144f088b3) Importer(815301076,1909f56bfc062723c751e8b465ee728b)  -> (artifact id: '2113ea50a27b3b1963613a1fcf999f3f') in 0.012169 seconds
Number of updated asset objects reloaded before import = 0
Number of asset objects unloaded after import = 2
========================================================================
Received Import Request.
  Time since last request: 0.000330 seconds.
  path: Assets/4_Sound/Coin 1.mp3
  artifactKey: Guid(60ca2da638cd22c43a0c1137d4dc4c64) Importer(815301076,1909f56bfc062723c751e8b465ee728b)
Start importing Assets/4_Sound/Coin 1.mp3 using Guid(60ca2da638cd22c43a0c1137d4dc4c64) Importer(815301076,1909f56bfc062723c751e8b465ee728b)  -> (artifact id: 'd126ad1fb3eac83e714248b171002feb') in 0.014590 seconds
Number of updated asset objects reloaded before import = 0
Number of asset objects unloaded after import = 2
========================================================================
Received Import Request.
  Time since last request: 0.000016 seconds.
  path: Assets/4_Sound/Puking Or Fighting Sound.mp3
  artifactKey: Guid(b917d65ac98d8494492eedeab9149430) Importer(815301076,1909f56bfc062723c751e8b465ee728b)
Start importing Assets/4_Sound/Puking Or Fighting Sound.mp3 using Guid(b917d65ac98d8494492eedeab9149430) Importer(815301076,1909f56bfc062723c751e8b465ee728b)  -> (artifact id: 'd98db7c5cd08d8c4593585611d13c0bb') in 0.011400 seconds
Number of updated asset objects reloaded before import = 0
Number of asset objects unloaded after import = 2
========================================================================
Received Import Request.
  Time since last request: 0.000017 seconds.
  path: Assets/4_Sound/computerNoise_003.ogg
  artifactKey: Guid(5b1bc647f7dce2b4a87c575b5a6b2183) Importer(815301076,1909f56bfc062723c751e8b465ee728b)
Start importing Assets/4_Sound/computerNoise_003.ogg using Guid(5b1bc647f7dce2b4a87c575b5a6b2183) Importer(815301076,1909f56bfc062723c751e8b465ee728b)  -> (artifact id: '114a0d0680ebcfa908e9662d0f90a209') in 0.014694 seconds
Number of updated asset objects reloaded before import = 0
Number of asset objects unloaded after import = 2
========================================================================
Received Import Request.
  Time since last request: 0.000023 seconds.
  path: Assets/4_Sound/Punch Or Whack Sound.mp3
  artifactKey: Guid(c4daf535dff4eb049bf700f36d9367fa) Importer(815301076,1909f56bfc062723c751e8b465ee728b)
Start importing Assets/4_Sound/Punch Or Whack Sound.mp3 using Guid(c4daf535dff4eb049bf700f36d9367fa) Importer(815301076,1909f56bfc062723c751e8b465ee728b)  -> (artifact id: 'ea7415d9d907b758f4ebe34e564ba998') in 0.012822 seconds
Number of updated asset objects reloaded before import = 0
Number of asset objects unloaded after import = 2
========================================================================
Received Import Request.
  Time since last request: 0.000017 seconds.
  path: Assets/4_Sound/doorOpen_002.ogg
  artifactKey: Guid(b4c56098b7014ef418647558a3a6bb8e) Importer(815301076,1909f56bfc062723c751e8b465ee728b)
Start importing Assets/4_Sound/doorOpen_002.ogg using Guid(b4c56098b7014ef418647558a3a6bb8e) Importer(815301076,1909f56bfc062723c751e8b465ee728b)  -> (artifact id: 'f892b79c2458ace9d3c8d3c3ffffba43') in 0.021516 seconds
Number of updated asset objects reloaded before import = 0
Number of asset objects unloaded after import = 2
========================================================================
Received Import Request.
  Time since last request: 0.000066 seconds.
  path: Assets/4_Sound/slime_000.ogg
  artifactKey: Guid(452b318da01caf44abc458d0660d2d2b) Importer(815301076,1909f56bfc062723c751e8b465ee728b)
Start importing Assets/4_Sound/slime_000.ogg using Guid(452b318da01caf44abc458d0660d2d2b) Importer(815301076,1909f56bfc062723c751e8b465ee728b)  -> (artifact id: 'c686b38808820273f7cf7890a56fe2af') in 0.018784 seconds
Number of updated asset objects reloaded before import = 0
Number of asset objects unloaded after import = 2
========================================================================
Received Import Request.
  Time since last request: 0.000013 seconds.
  path: Assets/4_Sound/Dead.mp3
  artifactKey: Guid(40ebfd9e9eba8d249a17bb7a67c32658) Importer(815301076,1909f56bfc062723c751e8b465ee728b)
Start importing Assets/4_Sound/Dead.mp3 using Guid(40ebfd9e9eba8d249a17bb7a67c32658) Importer(815301076,1909f56bfc062723c751e8b465ee728b)  -> (artifact id: '01b98ccc44cc1b1ca26b79bfd6065dcc') in 0.012901 seconds
Number of updated asset objects reloaded before import = 0
Number of asset objects unloaded after import = 2
========================================================================
Received Import Request.
  Time since last request: 0.000013 seconds.
  path: Assets/4_Sound/Insert Coin.mp3
  artifactKey: Guid(b92ae3a2388ff9f4ba8c0bf99f8c3712) Importer(815301076,1909f56bfc062723c751e8b465ee728b)
Start importing Assets/4_Sound/Insert Coin.mp3 using Guid(b92ae3a2388ff9f4ba8c0bf99f8c3712) Importer(815301076,1909f56bfc062723c751e8b465ee728b)  -> (artifact id: 'a31ad846e72a8b00576218e6ead28128') in 0.015175 seconds
Number of updated asset objects reloaded before import = 0
Number of asset objects unloaded after import = 2
========================================================================
Received Import Request.
  Time since last request: 0.000017 seconds.
  path: Assets/4_Sound/UI Touch.mp3
  artifactKey: Guid(bc20fd7b07b10ad4e8f1532109259c02) Importer(815301076,1909f56bfc062723c751e8b465ee728b)
Start importing Assets/4_Sound/UI Touch.mp3 using Guid(bc20fd7b07b10ad4e8f1532109259c02) Importer(815301076,1909f56bfc062723c751e8b465ee728b)  -> (artifact id: 'ccad5f98f00d36c22ab0a5015043f79a') in 0.015085 seconds
Number of updated asset objects reloaded before import = 0
Number of asset objects unloaded after import = 2
========================================================================
Received Import Request.
  Time since last request: 0.000018 seconds.
  path: Assets/4_Sound/Police.mp3
  artifactKey: Guid(61f5110f148807b47b51b973ba5d4fc5) Importer(815301076,1909f56bfc062723c751e8b465ee728b)
Start importing Assets/4_Sound/Police.mp3 using Guid(61f5110f148807b47b51b973ba5d4fc5) Importer(815301076,1909f56bfc062723c751e8b465ee728b)  -> (artifact id: '5f0f23f64f573093ede840ca3a43555b') in 0.012502 seconds
Number of updated asset objects reloaded before import = 0
Number of asset objects unloaded after import = 2
========================================================================
Received Import Request.
  Time since last request: 0.000017 seconds.
  path: Assets/4_Sound/Warning Long.mp3
  artifactKey: Guid(5fcdf3dada3a5e144ad26b1a1b651f02) Importer(815301076,1909f56bfc062723c751e8b465ee728b)
Start importing Assets/4_Sound/Warning Long.mp3 using Guid(5fcdf3dada3a5e144ad26b1a1b651f02) Importer(815301076,1909f56bfc062723c751e8b465ee728b)  -> (artifact id: '152579186ce85874d030878509bbee56') in 0.011719 seconds
Number of updated asset objects reloaded before import = 0
Number of asset objects unloaded after import = 2
========================================================================
Received Import Request.
  Time since last request: 0.000021 seconds.
  path: Assets/4_Sound/forceField_002.ogg
  artifactKey: Guid(58cf876c25cce9f448ab964af0760bc3) Importer(815301076,1909f56bfc062723c751e8b465ee728b)
Start importing Assets/4_Sound/forceField_002.ogg using Guid(58cf876c25cce9f448ab964af0760bc3) Importer(815301076,1909f56bfc062723c751e8b465ee728b)  -> (artifact id: '676857891acde2be17857091213f29dc') in 0.010672 seconds
Number of updated asset objects reloaded before import = 0
Number of asset objects unloaded after import = 2
========================================================================
Received Import Request.
  Time since last request: 0.000024 seconds.
  path: Assets/4_Sound/Splash Rock In Lake Sound.mp3
  artifactKey: Guid(f6f8a89d376cd71428fa095e3b140ea4) Importer(815301076,1909f56bfc062723c751e8b465ee728b)
Start importing Assets/4_Sound/Splash Rock In Lake Sound.mp3 using Guid(f6f8a89d376cd71428fa095e3b140ea4) Importer(815301076,1909f56bfc062723c751e8b465ee728b)  -> (artifact id: '91f53e52367b2a4d2cf3fc7c6cbb87b9') in 0.014141 seconds
Number of updated asset objects reloaded before import = 0
Number of asset objects unloaded after import = 2
========================================================================
Received Import Request.
  Time since last request: 0.000016 seconds.
  path: Assets/4_Sound/MP_Button_Click_Off.mp3
  artifactKey: Guid(0564dfd8cce95114398d527ce5bc07de) Importer(815301076,1909f56bfc062723c751e8b465ee728b)
Start importing Assets/4_Sound/MP_Button_Click_Off.mp3 using Guid(0564dfd8cce95114398d527ce5bc07de) Importer(815301076,1909f56bfc062723c751e8b465ee728b)  -> (artifact id: '8313f78f187c6832bc8227aecfe40ed4') in 0.012964 seconds
Number of updated asset objects reloaded before import = 0
Number of asset objects unloaded after import = 2
========================================================================
Received Import Request.
  Time since last request: 0.000025 seconds.
  path: Assets/4_Sound/Siren Noise Sound.mp3
  artifactKey: Guid(fb5d1d07c0427aa49b95dd396695235a) Importer(815301076,1909f56bfc062723c751e8b465ee728b)
Start importing Assets/4_Sound/Siren Noise Sound.mp3 using Guid(fb5d1d07c0427aa49b95dd396695235a) Importer(815301076,1909f56bfc062723c751e8b465ee728b)  -> (artifact id: 'a99a8e7c8cf3530566c2263359da3cf7') in 0.011362 seconds
Number of updated asset objects reloaded before import = 0
Number of asset objects unloaded after import = 2
========================================================================
Received Import Request.
  Time since last request: 0.000024 seconds.
  path: Assets/4_Sound/Fail.mp3
  artifactKey: Guid(1ad3ab909dd6ce349af33791c125d4e1) Importer(815301076,1909f56bfc062723c751e8b465ee728b)
Start importing Assets/4_Sound/Fail.mp3 using Guid(1ad3ab909dd6ce349af33791c125d4e1) Importer(815301076,1909f56bfc062723c751e8b465ee728b)  -> (artifact id: '6ab0b51b81aa1a803babe18032e29e0e') in 0.016507 seconds
Number of updated asset objects reloaded before import = 0
Number of asset objects unloaded after import = 2
========================================================================
Received Prepare
Begin MonoManager ReloadAssembly
Assembly 'Assets/ExternalDependencyManager/Editor/1.2.179/Google.IOSResolver.dll' will not be loaded due to errors:
Unable to resolve reference 'UnityEditor.iOS.Extensions.Xcode'. Is the assembly missing or incompatible with the current platform?
Reference validation can be disabled in the Plugin Inspector.
- Loaded All Assemblies, in  1.362 seconds
Refreshing native plugins compatible for Editor in 66.57 ms, found 3 plugins.
Native extension for WindowsStandalone target not found
Native extension for Android target not found
[Package Manager] Server::EnsureServerProcessIsRunning -- launch failed, reason: Unity was launched with the -noUpm command-line argument
[Package Manager] UpmClient::Send -- Unable to send message (not connected to UPM process).
[Package Manager] Cannot connect to Unity Package Manager local server
Mono: successfully reloaded assembly
- Finished resetting the current domain, in  2.833 seconds
Domain Reload Profiling: 4188ms
	BeginReloadAssembly (394ms)
		ExecutionOrderSort (0ms)
		DisableScriptedObjects (6ms)
		BackupInstance (0ms)
		ReleaseScriptingObjects (0ms)
		CreateAndSetChildDomain (78ms)
	RebuildCommonClasses (47ms)
	RebuildNativeTypeToScriptingClass (14ms)
	initialDomainReloadingComplete (96ms)
	LoadAllAssembliesAndSetupDomain (803ms)
		LoadAssemblies (1009ms)
		RebuildTransferFunctionScriptingTraits (0ms)
		AnalyzeDomain (26ms)
			TypeCache.Refresh (12ms)
				TypeCache.ScanAssembly (0ms)
			ScanForSourceGeneratedMonoScriptInfo (0ms)
			ResolveRequiredComponents (13ms)
	FinalizeReload (2834ms)
		ReleaseScriptCaches (0ms)
		RebuildScriptCaches (0ms)
		SetupLoadedEditorAssemblies (604ms)
			LogAssemblyErrors (0ms)
			InitializePlatformSupportModulesInManaged (27ms)
			SetLoadedEditorAssemblies (3ms)
			RefreshPlugins (0ms)
			BeforeProcessingInitializeOnLoad (81ms)
			ProcessInitializeOnLoadAttributes (456ms)
			ProcessInitializeOnLoadMethodAttributes (31ms)
			AfterProcessingInitializeOnLoad (5ms)
			EditorAssembliesLoaded (0ms)
		ExecutionOrderSort2 (0ms)
		AwakeInstancesAfterBackupRestoration (23ms)
Refreshing native plugins compatible for Editor in 35.97 ms, found 3 plugins.
Preloading 0 native plugins for Editor in 0.00 ms.
Unloading 3247 Unused Serialized files (Serialized files now loaded: 0)
Unloading 50 unused Assets / (41.6 KB). Loaded Objects now: 3786.
Memory consumption went from 136.3 MB to 136.2 MB.
Total: 3.069800 ms (FindLiveObjects: 0.293800 ms CreateObjectMapping: 0.231600 ms MarkObjects: 2.467100 ms  DeleteObjects: 0.075700 ms)

Prepare: number of updated asset objects reloaded= 0
AssetImportParameters requested are different than current active one (requested -> active):
  custom:container-demuxer-ogg: 62fdf1f143b41e24485cea50d1cbac27 -> 
  custom:video-decoder-ogg-theora: a1e56fd34408186e4bbccfd4996cb3dc -> 
  custom:framework-win-MediaFoundation: 216162199b28c13a410421893ffa2e32 -> 
  custom:CustomObjectIndexerAttribute: 756ad292c208cfabdd7b50bc23989ffe -> 
  custom:container-demuxer-webm: 4f35f7cbe854078d1ac9338744f61a02 -> 
  custom:container-muxer-webm: aa71ff27fc2769a1b78a27578f13a17b -> 
  custom:video-decoder-webm-vp8: 9c59270c3fd7afecdb556c50c9e8de78 -> 
  custom:SearchIndexIgnoredProperties: e643bd26f0fe6173181afceb89e7c659 -> 
  custom:AudioImporter_EditorPlatform: d09bf68614088b80899f8185d706f6e7 -> 
  custom:video-encoder-webm-vp8: eb34c28f22e8b96e1ab97ce403110664 -> 
  custom:audio-decoder-ogg-vorbis: bf7c407c2cedff20999df2af8eb42d56 -> 
  custom:audio-encoder-webm-vorbis: bf7c407c2cedff20999df2af8eb42d56 -> 
Editor requested this worker to shutdown with reason: Scaling down because of idle timeout
TcpMessagingSession - receive error: operation aborted. errorcode: 995, details: 스레드 종료 또는 응용 프로그램 요청 때문에 I/O 작업이 취소되었습니다.
AssetImportWorker is now disconnected from the server
Process exiting
Exiting without the bug reporter. Application will terminate with return code 0