Using pre-set license
Built from '2022.3/staging' branch; Version is '2022.3.13f1 (5f90a5ebde0f) revision 6262949'; Using compiler version '192829333'; Build Type 'Release'
OS: 'Windows 11  (10.0.22631) 64bit Core' Language: 'ko' Physical Memory: 32470 MB
BatchMode: 1, IsHumanControllingUs: 0, StartBugReporterOnCrash: 0, Is64bit: 1, IsPro: 1

COMMAND LINE ARGUMENTS:
C:\Program Files\Unity 2022.3.13f1\Editor\Unity.exe
-adb2
-batchMode
-noUpm
-name
AssetImportWorker22
-projectPath
C:/Users/user/Documents/GitHub/Project_G/practice_mojak_orbit
-logFile
Logs/AssetImportWorker22.log
-srvPort
52024
Successfully changed project path to: C:/Users/user/Documents/GitHub/Project_G/practice_mojak_orbit
C:/Users/user/Documents/GitHub/Project_G/practice_mojak_orbit
[UnityMemory] Configuration Parameters - Can be set up in boot.config
    "memorysetup-bucket-allocator-granularity=16"
    "memorysetup-bucket-allocator-bucket-count=8"
    "memorysetup-bucket-allocator-block-size=33554432"
    "memorysetup-bucket-allocator-block-count=8"
    "memorysetup-main-allocator-block-size=16777216"
    "memorysetup-thread-allocator-block-size=16777216"
    "memorysetup-gfx-main-allocator-block-size=16777216"
    "memorysetup-gfx-thread-allocator-block-size=16777216"
    "memorysetup-cache-allocator-block-size=4194304"
    "memorysetup-typetree-allocator-block-size=2097152"
    "memorysetup-profiler-bucket-allocator-granularity=16"
    "memorysetup-profiler-bucket-allocator-bucket-count=8"
    "memorysetup-profiler-bucket-allocator-block-size=33554432"
    "memorysetup-profiler-bucket-allocator-block-count=8"
    "memorysetup-profiler-allocator-block-size=16777216"
    "memorysetup-profiler-editor-allocator-block-size=1048576"
    "memorysetup-temp-allocator-size-main=16777216"
    "memorysetup-job-temp-allocator-block-size=2097152"
    "memorysetup-job-temp-allocator-block-size-background=1048576"
    "memorysetup-job-temp-allocator-reduction-small-platforms=262144"
    "memorysetup-allocator-temp-initial-block-size-main=262144"
    "memorysetup-allocator-temp-initial-block-size-worker=262144"
    "memorysetup-temp-allocator-size-background-worker=32768"
    "memorysetup-temp-allocator-size-job-worker=262144"
    "memorysetup-temp-allocator-size-preload-manager=33554432"
    "memorysetup-temp-allocator-size-nav-mesh-worker=65536"
    "memorysetup-temp-allocator-size-audio-worker=65536"
    "memorysetup-temp-allocator-size-cloud-worker=32768"
    "memorysetup-temp-allocator-size-gi-baking-worker=262144"
    "memorysetup-temp-allocator-size-gfx=262144"
Player connection [8868] Host "[IP] 192.168.219.107 [Port] 0 [Flags] 2 [Guid] 1389855131 [EditorId] 1389855131 [Version] 1048832 [Id] WindowsEditor(7,DESKTOP-6U2F1F0) [Debug] 1 [PackageName] WindowsEditor [ProjectName] Editor" joined multi-casting on [225.0.0.222:54997]...

Player connection [8868] Host "[IP] 192.168.219.107 [Port] 0 [Flags] 2 [Guid] 1389855131 [EditorId] 1389855131 [Version] 1048832 [Id] WindowsEditor(7,DESKTOP-6U2F1F0) [Debug] 1 [PackageName] WindowsEditor [ProjectName] Editor" joined alternative multi-casting on [225.0.0.222:34997]...

[Physics::Module] Initialized MultithreadedJobDispatcher with 15 workers.
Refreshing native plugins compatible for Editor in 16.54 ms, found 3 plugins.
Preloading 0 native plugins for Editor in 0.00 ms.
Initialize engine version: 2022.3.13f1 (5f90a5ebde0f)
[Subsystems] Discovering subsystems at path C:/Program Files/Unity 2022.3.13f1/Editor/Data/Resources/UnitySubsystems
[Subsystems] Discovering subsystems at path C:/Users/user/Documents/GitHub/Project_G/practice_mojak_orbit/Assets
GfxDevice: creating device client; threaded=0; jobified=0
Direct3D:
    Version:  Direct3D 11.0 [level 11.1]
    Renderer: NVIDIA GeForce RTX 4060 Laptop GPU (ID=0x28a0)
    Vendor:   NVIDIA
    VRAM:     7971 MB
    Driver:   31.0.15.2892
Initialize mono
Mono path[0] = 'C:/Program Files/Unity 2022.3.13f1/Editor/Data/Managed'
Mono path[1] = 'C:/Program Files/Unity 2022.3.13f1/Editor/Data/MonoBleedingEdge/lib/mono/unityjit-win32'
Mono config path = 'C:/Program Files/Unity 2022.3.13f1/Editor/Data/MonoBleedingEdge/etc'
Using monoOptions --debugger-agent=transport=dt_socket,embedding=1,server=y,suspend=n,address=127.0.0.1:56908
Begin MonoManager ReloadAssembly
Registering precompiled unity dll's ...
Register platform support module: C:/Program Files/Unity 2022.3.13f1/Editor/Data/PlaybackEngines/AndroidPlayer/UnityEditor.Android.Extensions.dll
Register platform support module: C:/Program Files/Unity 2022.3.13f1/Editor/Data/PlaybackEngines/WindowsStandaloneSupport/UnityEditor.WindowsStandalone.Extensions.dll
Registered in 0.004010 seconds.
- Loaded All Assemblies, in  0.270 seconds
Native extension for WindowsStandalone target not found
Native extension for Android target not found
Mono: successfully reloaded assembly
- Finished resetting the current domain, in  0.220 seconds
Domain Reload Profiling: 488ms
	BeginReloadAssembly (80ms)
		ExecutionOrderSort (0ms)
		DisableScriptedObjects (0ms)
		BackupInstance (0ms)
		ReleaseScriptingObjects (0ms)
		CreateAndSetChildDomain (1ms)
	RebuildCommonClasses (26ms)
	RebuildNativeTypeToScriptingClass (8ms)
	initialDomainReloadingComplete (46ms)
	LoadAllAssembliesAndSetupDomain (108ms)
		LoadAssemblies (77ms)
		RebuildTransferFunctionScriptingTraits (0ms)
		AnalyzeDomain (106ms)
			TypeCache.Refresh (105ms)
				TypeCache.ScanAssembly (96ms)
			ScanForSourceGeneratedMonoScriptInfo (0ms)
			ResolveRequiredComponents (0ms)
	FinalizeReload (220ms)
		ReleaseScriptCaches (0ms)
		RebuildScriptCaches (0ms)
		SetupLoadedEditorAssemblies (178ms)
			LogAssemblyErrors (0ms)
			InitializePlatformSupportModulesInManaged (66ms)
			SetLoadedEditorAssemblies (3ms)
			RefreshPlugins (0ms)
			BeforeProcessingInitializeOnLoad (2ms)
			ProcessInitializeOnLoadAttributes (73ms)
			ProcessInitializeOnLoadMethodAttributes (34ms)
			AfterProcessingInitializeOnLoad (0ms)
			EditorAssembliesLoaded (0ms)
		ExecutionOrderSort2 (0ms)
		AwakeInstancesAfterBackupRestoration (0ms)
========================================================================
Worker process is ready to serve import requests
Begin MonoManager ReloadAssembly
Assembly 'Assets/ExternalDependencyManager/Editor/1.2.179/Google.IOSResolver.dll' will not be loaded due to errors:
Unable to resolve reference 'UnityEditor.iOS.Extensions.Xcode'. Is the assembly missing or incompatible with the current platform?
Reference validation can be disabled in the Plugin Inspector.
- Loaded All Assemblies, in  0.502 seconds
Refreshing native plugins compatible for Editor in 8.19 ms, found 3 plugins.
Native extension for WindowsStandalone target not found
Native extension for Android target not found
Package Manager log level set to [2]
[Package Manager] Server::EnsureServerProcessIsRunning -- launch failed, reason: Unity was launched with the -noUpm command-line argument
[Package Manager] UpmClient::Send -- Unable to send message (not connected to UPM process).
[Package Manager] Cannot connect to Unity Package Manager local server
Mono: successfully reloaded assembly
- Finished resetting the current domain, in  0.423 seconds
Domain Reload Profiling: 921ms
	BeginReloadAssembly (107ms)
		ExecutionOrderSort (0ms)
		DisableScriptedObjects (5ms)
		BackupInstance (0ms)
		ReleaseScriptingObjects (0ms)
		CreateAndSetChildDomain (17ms)
	RebuildCommonClasses (24ms)
	RebuildNativeTypeToScriptingClass (8ms)
	initialDomainReloadingComplete (40ms)
	LoadAllAssembliesAndSetupDomain (319ms)
		LoadAssemblies (244ms)
		RebuildTransferFunctionScriptingTraits (0ms)
		AnalyzeDomain (136ms)
			TypeCache.Refresh (120ms)
				TypeCache.ScanAssembly (108ms)
			ScanForSourceGeneratedMonoScriptInfo (12ms)
			ResolveRequiredComponents (3ms)
	FinalizeReload (424ms)
		ReleaseScriptCaches (0ms)
		RebuildScriptCaches (0ms)
		SetupLoadedEditorAssemblies (305ms)
			LogAssemblyErrors (0ms)
			InitializePlatformSupportModulesInManaged (16ms)
			SetLoadedEditorAssemblies (2ms)
			RefreshPlugins (0ms)
			BeforeProcessingInitializeOnLoad (41ms)
			ProcessInitializeOnLoadAttributes (225ms)
			ProcessInitializeOnLoadMethodAttributes (15ms)
			AfterProcessingInitializeOnLoad (5ms)
			EditorAssembliesLoaded (0ms)
		ExecutionOrderSort2 (0ms)
		AwakeInstancesAfterBackupRestoration (4ms)
Launched and connected shader compiler UnityShaderCompiler.exe after 0.03 seconds
Refreshing native plugins compatible for Editor in 6.40 ms, found 3 plugins.
Preloading 0 native plugins for Editor in 0.00 ms.
Unloading 3262 Unused Serialized files (Serialized files now loaded: 0)
Unloading 60 unused Assets / (68.1 KB). Loaded Objects now: 3719.
Memory consumption went from 135.4 MB to 135.4 MB.
Total: 2.184800 ms (FindLiveObjects: 0.151200 ms CreateObjectMapping: 0.060700 ms MarkObjects: 1.880700 ms  DeleteObjects: 0.091300 ms)

AssetImportParameters requested are different than current active one (requested -> active):
  custom:container-demuxer-ogg: 62fdf1f143b41e24485cea50d1cbac27 -> 
  custom:video-codec-MediaFoundation-h265: 746d11721c4dcdbdad8f713fa42b33f4 -> 
  custom:video-decoder-ogg-theora: a1e56fd34408186e4bbccfd4996cb3dc -> 
  custom:framework-win-MediaFoundation: 216162199b28c13a410421893ffa2e32 -> 
  custom:scripting/monoscript/fileName/Move.cs: 7b43a81116163ddef85a558461501685 -> d6379711722d90072060b333fc0a5937
  custom:scripting/monoscript/fileName/obstaculo.cs: 6ecaba1ccc123dca770f23f862e7af7a -> 394e9a22552b0efe12db4cb41e72111e
  custom:CustomObjectIndexerAttribute: 756ad292c208cfabdd7b50bc23989ffe -> 
  custom:container-demuxer-webm: 4f35f7cbe854078d1ac9338744f61a02 -> 
  custom:scripting/monoscript/fileName/Carro.cs: 19dc9f1d41c43b1d7846dddf65ae5ced -> 766b3db601e01ffa663ead41c9caf3f9
  custom:container-muxer-webm: aa71ff27fc2769a1b78a27578f13a17b -> 
  custom:video-decoder-webm-vp8: 9c59270c3fd7afecdb556c50c9e8de78 -> 
  custom:SearchIndexIgnoredProperties: e643bd26f0fe6173181afceb89e7c659 -> 
  custom:AudioImporter_EditorPlatform: d09bf68614088b80899f8185d706f6e7 -> 
  custom:scripting/monoscript/fileName/DestroyWall.cs: be2abfba90e0fbd18fc051c4afbed487 -> e8b88d2ca835c50080e129ec3fb1075b
  custom:scripting/monoscript/fileName/Effect.cs: c7d94fc23adfad4a111a04199aa4ca5c -> 21395456d56b2db76788fed93b9fa697
  custom:scripting/monoscript/fileName/Attack.cs: c27890840a76fc26cbac2f9fd357b6a9 -> 40f7f9ebceb8c107df83f7681c67349c
  custom:scripting/monoscript/fileName/Hojas.cs: b8210f9433d174a39d23ad137d81644f -> 5002753c9f6ef4c17e70fe32587d7693
  custom:video-encoder-webm-vp8: eb34c28f22e8b96e1ab97ce403110664 -> 
  custom:scripting/monoscript/fileName/Splash.cs: 491dcd2e305dcac13a365b9fdd756990 -> 7b3de2670cf3ec70815f984f801a6c92
  custom:audio-decoder-ogg-vorbis: bf7c407c2cedff20999df2af8eb42d56 -> 
  custom:scripting/monoscript/fileName/Destrutor.cs: 0c6e0c3311e2a5c1de5e8bada8c75dd3 -> a7ee81a041abe996fb249239fe9fcef0
  custom:scripting/monoscript/fileName/DevCarros.cs: 964cd4f073320a76515dd7dfa45faff7 -> 81d2a4b79b36498977a76036e17ff51f
  custom:audio-encoder-webm-vorbis: bf7c407c2cedff20999df2af8eb42d56 -> 
  custom:scripting/monoscript/fileName/ScoreManager.cs: 8bf37ad2a0e5ee64fa29f25e7049ed24 -> 2117df56b7ba23abd331d761e713022a
  custom:scripting/monoscript/fileName/Map.cs: ca68fa194060ebdaa420c74981198d1b -> 4db0e48a2ed67893c2ccddbc19eff78a
========================================================================
Received Import Request.
  Time since last request: 1009638.491542 seconds.
  path: Assets/MOJAK01 Script/MOJAK02 Script
  artifactKey: Guid(296a83ca40e3bad42b6055cb30865430) Importer(815301076,1909f56bfc062723c751e8b465ee728b)
Start importing Assets/MOJAK01 Script/MOJAK02 Script using Guid(296a83ca40e3bad42b6055cb30865430) Importer(815301076,1909f56bfc062723c751e8b465ee728b)  -> (artifact id: 'cb2048071d6c94e72e09cd4f6ff956b9') in 0.002705 seconds
Number of updated asset objects reloaded before import = 0
Number of asset objects unloaded after import = 0
========================================================================
Received Import Request.
  Time since last request: 4.396704 seconds.
  path: Assets/MOJAK01 Script/MOJAK02 Script/Attack.cs
  artifactKey: Guid(9eb38e69142ee134f837eb907bb7acd0) Importer(815301076,1909f56bfc062723c751e8b465ee728b)
Start importing Assets/MOJAK01 Script/MOJAK02 Script/Attack.cs using Guid(9eb38e69142ee134f837eb907bb7acd0) Importer(815301076,1909f56bfc062723c751e8b465ee728b)  -> (artifact id: '18bf92746c3708ab93d5328dab48ea06') in 0.000530 seconds
Number of updated asset objects reloaded before import = 0
Number of asset objects unloaded after import = 0
========================================================================
Received Import Request.
  Time since last request: 101.743825 seconds.
  path: Assets/MOJAK01 Script/MOJAK02 Script/DestroyWall.cs
  artifactKey: Guid(80a6833409c3d574e960fcbfa2dd27d4) Importer(815301076,1909f56bfc062723c751e8b465ee728b)
Start importing Assets/MOJAK01 Script/MOJAK02 Script/DestroyWall.cs using Guid(80a6833409c3d574e960fcbfa2dd27d4) Importer(815301076,1909f56bfc062723c751e8b465ee728b)  -> (artifact id: 'd583ea7ec6a83be012934ac929e3843b') in 0.000681 seconds
Number of updated asset objects reloaded before import = 0
Number of asset objects unloaded after import = 0
========================================================================
Received Import Request.
  Time since last request: 15.700796 seconds.
  path: Assets/MOJAK01 Script/MOJAK02 Script/ScoreManager.cs
  artifactKey: Guid(8e48eca4ccfdc2a408eb44c417ba67f2) Importer(815301076,1909f56bfc062723c751e8b465ee728b)
Start importing Assets/MOJAK01 Script/MOJAK02 Script/ScoreManager.cs using Guid(8e48eca4ccfdc2a408eb44c417ba67f2) Importer(815301076,1909f56bfc062723c751e8b465ee728b)  -> (artifact id: '7ea0b22fc2ec8e979c23d75481df22f1') in 0.000492 seconds
Number of updated asset objects reloaded before import = 0
Number of asset objects unloaded after import = 0
========================================================================
Received Import Request.
  Time since last request: 257.554275 seconds.
  path: Assets/2_Prefabs/Effect.prefab
  artifactKey: Guid(b225bdf7534cd2d499b4186a3d900792) Importer(815301076,1909f56bfc062723c751e8b465ee728b)
Start importing Assets/2_Prefabs/Effect.prefab using Guid(b225bdf7534cd2d499b4186a3d900792) Importer(815301076,1909f56bfc062723c751e8b465ee728b)  -> (artifact id: '1868928997504058f8b183b05124b56f') in 0.062009 seconds
Number of updated asset objects reloaded before import = 0
Number of asset objects unloaded after import = 37
========================================================================
Received Import Request.
  Time since last request: 10.983527 seconds.
  path: Assets/Animation
  artifactKey: Guid(f80235179b284a148b9f0dfd29eb8332) Importer(815301076,1909f56bfc062723c751e8b465ee728b)
Start importing Assets/Animation using Guid(f80235179b284a148b9f0dfd29eb8332) Importer(815301076,1909f56bfc062723c751e8b465ee728b)  -> (artifact id: '5d011449bc682e8cb3c1e6a937752a7a') in 0.000461 seconds
Number of updated asset objects reloaded before import = 0
Number of asset objects unloaded after import = 0
========================================================================
Received Import Request.
  Time since last request: 39.669783 seconds.
  path: Assets/Animation/New Animator Override Controller.overrideController
  artifactKey: Guid(274b51699694e0f4faac431de7457853) Importer(815301076,1909f56bfc062723c751e8b465ee728b)
Start importing Assets/Animation/New Animator Override Controller.overrideController using Guid(274b51699694e0f4faac431de7457853) Importer(815301076,1909f56bfc062723c751e8b465ee728b)  -> (artifact id: '1660dfc42231f50b6fe3d6c2fd21796f') in 0.001522 seconds
Number of updated asset objects reloaded before import = 0
Number of asset objects unloaded after import = 1
========================================================================
Received Import Request.
  Time since last request: 32.253095 seconds.
  path: Assets/Animation/Effect2.overrideController
  artifactKey: Guid(274b51699694e0f4faac431de7457853) Importer(815301076,1909f56bfc062723c751e8b465ee728b)
Start importing Assets/Animation/Effect2.overrideController using Guid(274b51699694e0f4faac431de7457853) Importer(815301076,1909f56bfc062723c751e8b465ee728b)  -> (artifact id: 'dcd5a9b0b201c96a319269995acd5cde') in 0.001867 seconds
Number of updated asset objects reloaded before import = 0
Number of asset objects unloaded after import = 8
========================================================================
Received Prepare
Begin MonoManager ReloadAssembly
Assembly 'Assets/ExternalDependencyManager/Editor/1.2.179/Google.IOSResolver.dll' will not be loaded due to errors:
Unable to resolve reference 'UnityEditor.iOS.Extensions.Xcode'. Is the assembly missing or incompatible with the current platform?
Reference validation can be disabled in the Plugin Inspector.
- Loaded All Assemblies, in  0.381 seconds
Refreshing native plugins compatible for Editor in 10.22 ms, found 3 plugins.
Native extension for WindowsStandalone target not found
Native extension for Android target not found
[Package Manager] Server::EnsureServerProcessIsRunning -- launch failed, reason: Unity was launched with the -noUpm command-line argument
[Package Manager] UpmClient::Send -- Unable to send message (not connected to UPM process).
[Package Manager] Cannot connect to Unity Package Manager local server
Mono: successfully reloaded assembly
- Finished resetting the current domain, in  0.755 seconds
Domain Reload Profiling: 1132ms
	BeginReloadAssembly (126ms)
		ExecutionOrderSort (0ms)
		DisableScriptedObjects (5ms)
		BackupInstance (0ms)
		ReleaseScriptingObjects (0ms)
		CreateAndSetChildDomain (27ms)
	RebuildCommonClasses (23ms)
	RebuildNativeTypeToScriptingClass (8ms)
	initialDomainReloadingComplete (27ms)
	LoadAllAssembliesAndSetupDomain (192ms)
		LoadAssemblies (244ms)
		RebuildTransferFunctionScriptingTraits (0ms)
		AnalyzeDomain (14ms)
			TypeCache.Refresh (6ms)
				TypeCache.ScanAssembly (0ms)
			ScanForSourceGeneratedMonoScriptInfo (0ms)
			ResolveRequiredComponents (6ms)
	FinalizeReload (756ms)
		ReleaseScriptCaches (0ms)
		RebuildScriptCaches (0ms)
		SetupLoadedEditorAssemblies (347ms)
			LogAssemblyErrors (0ms)
			InitializePlatformSupportModulesInManaged (21ms)
			SetLoadedEditorAssemblies (3ms)
			RefreshPlugins (0ms)
			BeforeProcessingInitializeOnLoad (50ms)
			ProcessInitializeOnLoadAttributes (248ms)
			ProcessInitializeOnLoadMethodAttributes (18ms)
			AfterProcessingInitializeOnLoad (7ms)
			EditorAssembliesLoaded (0ms)
		ExecutionOrderSort2 (0ms)
		AwakeInstancesAfterBackupRestoration (7ms)
Refreshing native plugins compatible for Editor in 8.25 ms, found 3 plugins.
Preloading 0 native plugins for Editor in 0.00 ms.
Unloading 3240 Unused Serialized files (Serialized files now loaded: 0)
Unloading 51 unused Assets / (42.4 KB). Loaded Objects now: 3730.
Memory consumption went from 132.5 MB to 132.5 MB.
Total: 2.394800 ms (FindLiveObjects: 0.195900 ms CreateObjectMapping: 0.091600 ms MarkObjects: 2.031400 ms  DeleteObjects: 0.074300 ms)

Prepare: number of updated asset objects reloaded= 0
AssetImportParameters requested are different than current active one (requested -> active):
  custom:container-demuxer-ogg: 62fdf1f143b41e24485cea50d1cbac27 -> 
  custom:video-codec-MediaFoundation-h265: 746d11721c4dcdbdad8f713fa42b33f4 -> 
  custom:video-decoder-ogg-theora: a1e56fd34408186e4bbccfd4996cb3dc -> 
  custom:framework-win-MediaFoundation: 216162199b28c13a410421893ffa2e32 -> 
  custom:scripting/monoscript/fileName/Move.cs: 7b43a81116163ddef85a558461501685 -> d6379711722d90072060b333fc0a5937
  custom:scripting/monoscript/fileName/obstaculo.cs: 6ecaba1ccc123dca770f23f862e7af7a -> 394e9a22552b0efe12db4cb41e72111e
  custom:CustomObjectIndexerAttribute: 756ad292c208cfabdd7b50bc23989ffe -> 
  custom:container-demuxer-webm: 4f35f7cbe854078d1ac9338744f61a02 -> 
  custom:scripting/monoscript/fileName/Carro.cs: 19dc9f1d41c43b1d7846dddf65ae5ced -> 766b3db601e01ffa663ead41c9caf3f9
  custom:container-muxer-webm: aa71ff27fc2769a1b78a27578f13a17b -> 
  custom:video-decoder-webm-vp8: 9c59270c3fd7afecdb556c50c9e8de78 -> 
  custom:SearchIndexIgnoredProperties: e643bd26f0fe6173181afceb89e7c659 -> 
  custom:AudioImporter_EditorPlatform: d09bf68614088b80899f8185d706f6e7 -> 
  custom:scripting/monoscript/fileName/DestroyWall.cs: be2abfba90e0fbd18fc051c4afbed487 -> e8b88d2ca835c50080e129ec3fb1075b
  custom:scripting/monoscript/fileName/Effect.cs: c7d94fc23adfad4a111a04199aa4ca5c -> 21395456d56b2db76788fed93b9fa697
  custom:scripting/monoscript/fileName/Attack.cs: c27890840a76fc26cbac2f9fd357b6a9 -> 40f7f9ebceb8c107df83f7681c67349c
  custom:scripting/monoscript/fileName/Hojas.cs: b8210f9433d174a39d23ad137d81644f -> 5002753c9f6ef4c17e70fe32587d7693
  custom:video-encoder-webm-vp8: eb34c28f22e8b96e1ab97ce403110664 -> 
  custom:scripting/monoscript/fileName/Splash.cs: 491dcd2e305dcac13a365b9fdd756990 -> 7b3de2670cf3ec70815f984f801a6c92
  custom:audio-decoder-ogg-vorbis: bf7c407c2cedff20999df2af8eb42d56 -> 
  custom:scripting/monoscript/fileName/Destrutor.cs: 0c6e0c3311e2a5c1de5e8bada8c75dd3 -> a7ee81a041abe996fb249239fe9fcef0
  custom:scripting/monoscript/fileName/DevCarros.cs: 964cd4f073320a76515dd7dfa45faff7 -> 81d2a4b79b36498977a76036e17ff51f
  custom:audio-encoder-webm-vorbis: bf7c407c2cedff20999df2af8eb42d56 -> 
  custom:scripting/monoscript/fileName/ScoreManager.cs: 8bf37ad2a0e5ee64fa29f25e7049ed24 -> 2117df56b7ba23abd331d761e713022a
  custom:scripting/monoscript/fileName/Map.cs: ca68fa194060ebdaa420c74981198d1b -> 4db0e48a2ed67893c2ccddbc19eff78a
========================================================================
Received Prepare
Begin MonoManager ReloadAssembly
Assembly 'Assets/ExternalDependencyManager/Editor/1.2.179/Google.IOSResolver.dll' will not be loaded due to errors:
Unable to resolve reference 'UnityEditor.iOS.Extensions.Xcode'. Is the assembly missing or incompatible with the current platform?
Reference validation can be disabled in the Plugin Inspector.
- Loaded All Assemblies, in  0.379 seconds
Refreshing native plugins compatible for Editor in 8.55 ms, found 3 plugins.
Native extension for WindowsStandalone target not found
Native extension for Android target not found
[Package Manager] Server::EnsureServerProcessIsRunning -- launch failed, reason: Unity was launched with the -noUpm command-line argument
[Package Manager] UpmClient::Send -- Unable to send message (not connected to UPM process).
[Package Manager] Cannot connect to Unity Package Manager local server
Mono: successfully reloaded assembly
- Finished resetting the current domain, in  0.743 seconds
Domain Reload Profiling: 1118ms
	BeginReloadAssembly (121ms)
		ExecutionOrderSort (0ms)
		DisableScriptedObjects (3ms)
		BackupInstance (0ms)
		ReleaseScriptingObjects (0ms)
		CreateAndSetChildDomain (25ms)
	RebuildCommonClasses (26ms)
	RebuildNativeTypeToScriptingClass (8ms)
	initialDomainReloadingComplete (33ms)
	LoadAllAssembliesAndSetupDomain (187ms)
		LoadAssemblies (240ms)
		RebuildTransferFunctionScriptingTraits (0ms)
		AnalyzeDomain (11ms)
			TypeCache.Refresh (5ms)
				TypeCache.ScanAssembly (0ms)
			ScanForSourceGeneratedMonoScriptInfo (0ms)
			ResolveRequiredComponents (5ms)
	FinalizeReload (744ms)
		ReleaseScriptCaches (0ms)
		RebuildScriptCaches (0ms)
		SetupLoadedEditorAssemblies (320ms)
			LogAssemblyErrors (0ms)
			InitializePlatformSupportModulesInManaged (22ms)
			SetLoadedEditorAssemblies (3ms)
			RefreshPlugins (0ms)
			BeforeProcessingInitializeOnLoad (51ms)
			ProcessInitializeOnLoadAttributes (214ms)
			ProcessInitializeOnLoadMethodAttributes (17ms)
			AfterProcessingInitializeOnLoad (13ms)
			EditorAssembliesLoaded (0ms)
		ExecutionOrderSort2 (0ms)
		AwakeInstancesAfterBackupRestoration (6ms)
Refreshing native plugins compatible for Editor in 17.12 ms, found 3 plugins.
Preloading 0 native plugins for Editor in 0.00 ms.
Unloading 3241 Unused Serialized files (Serialized files now loaded: 0)
Unloading 51 unused Assets / (42.4 KB). Loaded Objects now: 3733.
Memory consumption went from 134.7 MB to 134.6 MB.
Total: 3.917600 ms (FindLiveObjects: 0.253700 ms CreateObjectMapping: 0.190200 ms MarkObjects: 3.380500 ms  DeleteObjects: 0.092000 ms)

Prepare: number of updated asset objects reloaded= 0
AssetImportParameters requested are different than current active one (requested -> active):
  custom:container-demuxer-ogg: 62fdf1f143b41e24485cea50d1cbac27 -> 
  custom:video-codec-MediaFoundation-h265: 746d11721c4dcdbdad8f713fa42b33f4 -> 
  custom:video-decoder-ogg-theora: a1e56fd34408186e4bbccfd4996cb3dc -> 
  custom:framework-win-MediaFoundation: 216162199b28c13a410421893ffa2e32 -> 
  custom:scripting/monoscript/fileName/Move.cs: 7b43a81116163ddef85a558461501685 -> d6379711722d90072060b333fc0a5937
  custom:scripting/monoscript/fileName/obstaculo.cs: 6ecaba1ccc123dca770f23f862e7af7a -> 394e9a22552b0efe12db4cb41e72111e
  custom:CustomObjectIndexerAttribute: 756ad292c208cfabdd7b50bc23989ffe -> 
  custom:container-demuxer-webm: 4f35f7cbe854078d1ac9338744f61a02 -> 
  custom:scripting/monoscript/fileName/Carro.cs: 19dc9f1d41c43b1d7846dddf65ae5ced -> 766b3db601e01ffa663ead41c9caf3f9
  custom:container-muxer-webm: aa71ff27fc2769a1b78a27578f13a17b -> 
  custom:video-decoder-webm-vp8: 9c59270c3fd7afecdb556c50c9e8de78 -> 
  custom:SearchIndexIgnoredProperties: e643bd26f0fe6173181afceb89e7c659 -> 
  custom:AudioImporter_EditorPlatform: d09bf68614088b80899f8185d706f6e7 -> 
  custom:scripting/monoscript/fileName/DestroyWall.cs: be2abfba90e0fbd18fc051c4afbed487 -> e8b88d2ca835c50080e129ec3fb1075b
  custom:scripting/monoscript/fileName/Effect.cs: c7d94fc23adfad4a111a04199aa4ca5c -> 21395456d56b2db76788fed93b9fa697
  custom:scripting/monoscript/fileName/Attack.cs: c27890840a76fc26cbac2f9fd357b6a9 -> 40f7f9ebceb8c107df83f7681c67349c
  custom:scripting/monoscript/fileName/Hojas.cs: b8210f9433d174a39d23ad137d81644f -> 5002753c9f6ef4c17e70fe32587d7693
  custom:video-encoder-webm-vp8: eb34c28f22e8b96e1ab97ce403110664 -> 
  custom:scripting/monoscript/fileName/Splash.cs: 491dcd2e305dcac13a365b9fdd756990 -> 7b3de2670cf3ec70815f984f801a6c92
  custom:audio-decoder-ogg-vorbis: bf7c407c2cedff20999df2af8eb42d56 -> 
  custom:scripting/monoscript/fileName/Destrutor.cs: 0c6e0c3311e2a5c1de5e8bada8c75dd3 -> a7ee81a041abe996fb249239fe9fcef0
  custom:scripting/monoscript/fileName/DevCarros.cs: 964cd4f073320a76515dd7dfa45faff7 -> 81d2a4b79b36498977a76036e17ff51f
  custom:audio-encoder-webm-vorbis: bf7c407c2cedff20999df2af8eb42d56 -> 
  custom:scripting/monoscript/fileName/ScoreManager.cs: 8bf37ad2a0e5ee64fa29f25e7049ed24 -> 2117df56b7ba23abd331d761e713022a
  custom:scripting/monoscript/fileName/Map.cs: ca68fa194060ebdaa420c74981198d1b -> 4db0e48a2ed67893c2ccddbc19eff78a
========================================================================
Received Prepare
Begin MonoManager ReloadAssembly
Assembly 'Assets/ExternalDependencyManager/Editor/1.2.179/Google.IOSResolver.dll' will not be loaded due to errors:
Unable to resolve reference 'UnityEditor.iOS.Extensions.Xcode'. Is the assembly missing or incompatible with the current platform?
Reference validation can be disabled in the Plugin Inspector.
- Loaded All Assemblies, in  0.385 seconds
Refreshing native plugins compatible for Editor in 9.81 ms, found 3 plugins.
Native extension for WindowsStandalone target not found
Native extension for Android target not found
[Package Manager] Server::EnsureServerProcessIsRunning -- launch failed, reason: Unity was launched with the -noUpm command-line argument
[Package Manager] UpmClient::Send -- Unable to send message (not connected to UPM process).
[Package Manager] Cannot connect to Unity Package Manager local server
Mono: successfully reloaded assembly
- Finished resetting the current domain, in  0.807 seconds
Domain Reload Profiling: 1188ms
	BeginReloadAssembly (123ms)
		ExecutionOrderSort (0ms)
		DisableScriptedObjects (3ms)
		BackupInstance (0ms)
		ReleaseScriptingObjects (0ms)
		CreateAndSetChildDomain (26ms)
	RebuildCommonClasses (24ms)
	RebuildNativeTypeToScriptingClass (8ms)
	initialDomainReloadingComplete (31ms)
	LoadAllAssembliesAndSetupDomain (193ms)
		LoadAssemblies (246ms)
		RebuildTransferFunctionScriptingTraits (0ms)
		AnalyzeDomain (12ms)
			TypeCache.Refresh (5ms)
				TypeCache.ScanAssembly (0ms)
			ScanForSourceGeneratedMonoScriptInfo (0ms)
			ResolveRequiredComponents (5ms)
	FinalizeReload (808ms)
		ReleaseScriptCaches (0ms)
		RebuildScriptCaches (0ms)
		SetupLoadedEditorAssemblies (383ms)
			LogAssemblyErrors (0ms)
			InitializePlatformSupportModulesInManaged (20ms)
			SetLoadedEditorAssemblies (3ms)
			RefreshPlugins (0ms)
			BeforeProcessingInitializeOnLoad (55ms)
			ProcessInitializeOnLoadAttributes (276ms)
			ProcessInitializeOnLoadMethodAttributes (21ms)
			AfterProcessingInitializeOnLoad (8ms)
			EditorAssembliesLoaded (0ms)
		ExecutionOrderSort2 (0ms)
		AwakeInstancesAfterBackupRestoration (6ms)
Refreshing native plugins compatible for Editor in 12.09 ms, found 3 plugins.
Preloading 0 native plugins for Editor in 0.00 ms.
Unloading 3241 Unused Serialized files (Serialized files now loaded: 0)
Unloading 51 unused Assets / (42.3 KB). Loaded Objects now: 3736.
Memory consumption went from 136.6 MB to 136.6 MB.
Total: 2.393600 ms (FindLiveObjects: 0.176300 ms CreateObjectMapping: 0.084000 ms MarkObjects: 2.073100 ms  DeleteObjects: 0.059400 ms)

Prepare: number of updated asset objects reloaded= 0
AssetImportParameters requested are different than current active one (requested -> active):
  custom:container-demuxer-ogg: 62fdf1f143b41e24485cea50d1cbac27 -> 
  custom:video-codec-MediaFoundation-h265: 746d11721c4dcdbdad8f713fa42b33f4 -> 
  custom:video-decoder-ogg-theora: a1e56fd34408186e4bbccfd4996cb3dc -> 
  custom:framework-win-MediaFoundation: 216162199b28c13a410421893ffa2e32 -> 
  custom:scripting/monoscript/fileName/Move.cs: 7b43a81116163ddef85a558461501685 -> d6379711722d90072060b333fc0a5937
  custom:scripting/monoscript/fileName/obstaculo.cs: 6ecaba1ccc123dca770f23f862e7af7a -> 394e9a22552b0efe12db4cb41e72111e
  custom:CustomObjectIndexerAttribute: 756ad292c208cfabdd7b50bc23989ffe -> 
  custom:container-demuxer-webm: 4f35f7cbe854078d1ac9338744f61a02 -> 
  custom:scripting/monoscript/fileName/Carro.cs: 19dc9f1d41c43b1d7846dddf65ae5ced -> 766b3db601e01ffa663ead41c9caf3f9
  custom:container-muxer-webm: aa71ff27fc2769a1b78a27578f13a17b -> 
  custom:video-decoder-webm-vp8: 9c59270c3fd7afecdb556c50c9e8de78 -> 
  custom:SearchIndexIgnoredProperties: e643bd26f0fe6173181afceb89e7c659 -> 
  custom:AudioImporter_EditorPlatform: d09bf68614088b80899f8185d706f6e7 -> 
  custom:scripting/monoscript/fileName/DestroyWall.cs: be2abfba90e0fbd18fc051c4afbed487 -> e8b88d2ca835c50080e129ec3fb1075b
  custom:scripting/monoscript/fileName/Effect.cs: c7d94fc23adfad4a111a04199aa4ca5c -> 21395456d56b2db76788fed93b9fa697
  custom:scripting/monoscript/fileName/Attack.cs: c27890840a76fc26cbac2f9fd357b6a9 -> 40f7f9ebceb8c107df83f7681c67349c
  custom:scripting/monoscript/fileName/Hojas.cs: b8210f9433d174a39d23ad137d81644f -> 5002753c9f6ef4c17e70fe32587d7693
  custom:video-encoder-webm-vp8: eb34c28f22e8b96e1ab97ce403110664 -> 
  custom:scripting/monoscript/fileName/Splash.cs: 491dcd2e305dcac13a365b9fdd756990 -> 7b3de2670cf3ec70815f984f801a6c92
  custom:audio-decoder-ogg-vorbis: bf7c407c2cedff20999df2af8eb42d56 -> 
  custom:scripting/monoscript/fileName/Destrutor.cs: 0c6e0c3311e2a5c1de5e8bada8c75dd3 -> a7ee81a041abe996fb249239fe9fcef0
  custom:scripting/monoscript/fileName/DevCarros.cs: 964cd4f073320a76515dd7dfa45faff7 -> 81d2a4b79b36498977a76036e17ff51f
  custom:audio-encoder-webm-vorbis: bf7c407c2cedff20999df2af8eb42d56 -> 
  custom:scripting/monoscript/fileName/ScoreManager.cs: 8bf37ad2a0e5ee64fa29f25e7049ed24 -> 2117df56b7ba23abd331d761e713022a
  custom:scripting/monoscript/fileName/Map.cs: ca68fa194060ebdaa420c74981198d1b -> 4db0e48a2ed67893c2ccddbc19eff78a
========================================================================
Received Prepare
Begin MonoManager ReloadAssembly
Assembly 'Assets/ExternalDependencyManager/Editor/1.2.179/Google.IOSResolver.dll' will not be loaded due to errors:
Unable to resolve reference 'UnityEditor.iOS.Extensions.Xcode'. Is the assembly missing or incompatible with the current platform?
Reference validation can be disabled in the Plugin Inspector.
- Loaded All Assemblies, in  0.473 seconds
Refreshing native plugins compatible for Editor in 7.95 ms, found 3 plugins.
Native extension for WindowsStandalone target not found
Native extension for Android target not found
[Package Manager] Server::EnsureServerProcessIsRunning -- launch failed, reason: Unity was launched with the -noUpm command-line argument
[Package Manager] UpmClient::Send -- Unable to send message (not connected to UPM process).
[Package Manager] Cannot connect to Unity Package Manager local server
Mono: successfully reloaded assembly
- Finished resetting the current domain, in  0.716 seconds
Domain Reload Profiling: 1186ms
	BeginReloadAssembly (162ms)
		ExecutionOrderSort (0ms)
		DisableScriptedObjects (4ms)
		BackupInstance (0ms)
		ReleaseScriptingObjects (0ms)
		CreateAndSetChildDomain (30ms)
	RebuildCommonClasses (34ms)
	RebuildNativeTypeToScriptingClass (14ms)
	initialDomainReloadingComplete (40ms)
	LoadAllAssembliesAndSetupDomain (219ms)
		LoadAssemblies (300ms)
		RebuildTransferFunctionScriptingTraits (0ms)
		AnalyzeDomain (11ms)
			TypeCache.Refresh (5ms)
				TypeCache.ScanAssembly (0ms)
			ScanForSourceGeneratedMonoScriptInfo (0ms)
			ResolveRequiredComponents (4ms)
	FinalizeReload (717ms)
		ReleaseScriptCaches (0ms)
		RebuildScriptCaches (0ms)
		SetupLoadedEditorAssemblies (329ms)
			LogAssemblyErrors (0ms)
			InitializePlatformSupportModulesInManaged (20ms)
			SetLoadedEditorAssemblies (2ms)
			RefreshPlugins (0ms)
			BeforeProcessingInitializeOnLoad (45ms)
			ProcessInitializeOnLoadAttributes (230ms)
			ProcessInitializeOnLoadMethodAttributes (24ms)
			AfterProcessingInitializeOnLoad (8ms)
			EditorAssembliesLoaded (0ms)
		ExecutionOrderSort2 (0ms)
		AwakeInstancesAfterBackupRestoration (6ms)
Refreshing native plugins compatible for Editor in 9.48 ms, found 3 plugins.
Preloading 0 native plugins for Editor in 0.00 ms.
Unloading 3241 Unused Serialized files (Serialized files now loaded: 0)
Unloading 51 unused Assets / (42.4 KB). Loaded Objects now: 3739.
Memory consumption went from 138.6 MB to 138.5 MB.
Total: 2.710800 ms (FindLiveObjects: 0.172800 ms CreateObjectMapping: 0.076600 ms MarkObjects: 2.383900 ms  DeleteObjects: 0.076500 ms)

Prepare: number of updated asset objects reloaded= 0
AssetImportParameters requested are different than current active one (requested -> active):
  custom:container-demuxer-ogg: 62fdf1f143b41e24485cea50d1cbac27 -> 
  custom:video-codec-MediaFoundation-h265: 746d11721c4dcdbdad8f713fa42b33f4 -> 
  custom:video-decoder-ogg-theora: a1e56fd34408186e4bbccfd4996cb3dc -> 
  custom:framework-win-MediaFoundation: 216162199b28c13a410421893ffa2e32 -> 
  custom:scripting/monoscript/fileName/Move.cs: 7b43a81116163ddef85a558461501685 -> d6379711722d90072060b333fc0a5937
  custom:scripting/monoscript/fileName/obstaculo.cs: 6ecaba1ccc123dca770f23f862e7af7a -> 394e9a22552b0efe12db4cb41e72111e
  custom:CustomObjectIndexerAttribute: 756ad292c208cfabdd7b50bc23989ffe -> 
  custom:container-demuxer-webm: 4f35f7cbe854078d1ac9338744f61a02 -> 
  custom:scripting/monoscript/fileName/Carro.cs: 19dc9f1d41c43b1d7846dddf65ae5ced -> 766b3db601e01ffa663ead41c9caf3f9
  custom:container-muxer-webm: aa71ff27fc2769a1b78a27578f13a17b -> 
  custom:video-decoder-webm-vp8: 9c59270c3fd7afecdb556c50c9e8de78 -> 
  custom:SearchIndexIgnoredProperties: e643bd26f0fe6173181afceb89e7c659 -> 
  custom:AudioImporter_EditorPlatform: d09bf68614088b80899f8185d706f6e7 -> 
  custom:scripting/monoscript/fileName/DestroyWall.cs: be2abfba90e0fbd18fc051c4afbed487 -> e8b88d2ca835c50080e129ec3fb1075b
  custom:scripting/monoscript/fileName/Effect.cs: c7d94fc23adfad4a111a04199aa4ca5c -> 21395456d56b2db76788fed93b9fa697
  custom:scripting/monoscript/fileName/Attack.cs: c27890840a76fc26cbac2f9fd357b6a9 -> 40f7f9ebceb8c107df83f7681c67349c
  custom:scripting/monoscript/fileName/Hojas.cs: b8210f9433d174a39d23ad137d81644f -> 5002753c9f6ef4c17e70fe32587d7693
  custom:video-encoder-webm-vp8: eb34c28f22e8b96e1ab97ce403110664 -> 
  custom:scripting/monoscript/fileName/Splash.cs: 491dcd2e305dcac13a365b9fdd756990 -> 7b3de2670cf3ec70815f984f801a6c92
  custom:audio-decoder-ogg-vorbis: bf7c407c2cedff20999df2af8eb42d56 -> 
  custom:scripting/monoscript/fileName/Destrutor.cs: 0c6e0c3311e2a5c1de5e8bada8c75dd3 -> a7ee81a041abe996fb249239fe9fcef0
  custom:scripting/monoscript/fileName/DevCarros.cs: 964cd4f073320a76515dd7dfa45faff7 -> 81d2a4b79b36498977a76036e17ff51f
  custom:audio-encoder-webm-vorbis: bf7c407c2cedff20999df2af8eb42d56 -> 
  custom:scripting/monoscript/fileName/ScoreManager.cs: 8bf37ad2a0e5ee64fa29f25e7049ed24 -> 2117df56b7ba23abd331d761e713022a
  custom:scripting/monoscript/fileName/Map.cs: ca68fa194060ebdaa420c74981198d1b -> 4db0e48a2ed67893c2ccddbc19eff78a
========================================================================
Received Import Request.
  Time since last request: 263.248617 seconds.
  path: Assets/Materials/New Material 1.mat
  artifactKey: Guid(f0a5c41631d8f024f9b6740c4792b996) Importer(815301076,1909f56bfc062723c751e8b465ee728b)
Start importing Assets/Materials/New Material 1.mat using Guid(f0a5c41631d8f024f9b6740c4792b996) Importer(815301076,1909f56bfc062723c751e8b465ee728b)  -> (artifact id: '9dc4815e83d2a249d8716a433b5bbf70') in 0.076646 seconds
Number of updated asset objects reloaded before import = 0
Number of asset objects unloaded after import = 1
========================================================================
Received Prepare
Begin MonoManager ReloadAssembly
Assembly 'Assets/ExternalDependencyManager/Editor/1.2.179/Google.IOSResolver.dll' will not be loaded due to errors:
Unable to resolve reference 'UnityEditor.iOS.Extensions.Xcode'. Is the assembly missing or incompatible with the current platform?
Reference validation can be disabled in the Plugin Inspector.
- Loaded All Assemblies, in  0.375 seconds
Refreshing native plugins compatible for Editor in 9.18 ms, found 3 plugins.
Native extension for WindowsStandalone target not found
Native extension for Android target not found
[Package Manager] Server::EnsureServerProcessIsRunning -- launch failed, reason: Unity was launched with the -noUpm command-line argument
[Package Manager] UpmClient::Send -- Unable to send message (not connected to UPM process).
[Package Manager] Cannot connect to Unity Package Manager local server
Mono: successfully reloaded assembly
- Finished resetting the current domain, in  0.747 seconds
Domain Reload Profiling: 1117ms
	BeginReloadAssembly (118ms)
		ExecutionOrderSort (0ms)
		DisableScriptedObjects (3ms)
		BackupInstance (0ms)
		ReleaseScriptingObjects (0ms)
		CreateAndSetChildDomain (28ms)
	RebuildCommonClasses (24ms)
	RebuildNativeTypeToScriptingClass (10ms)
	initialDomainReloadingComplete (30ms)
	LoadAllAssembliesAndSetupDomain (188ms)
		LoadAssemblies (235ms)
		RebuildTransferFunctionScriptingTraits (0ms)
		AnalyzeDomain (10ms)
			TypeCache.Refresh (5ms)
				TypeCache.ScanAssembly (0ms)
			ScanForSourceGeneratedMonoScriptInfo (0ms)
			ResolveRequiredComponents (4ms)
	FinalizeReload (747ms)
		ReleaseScriptCaches (0ms)
		RebuildScriptCaches (0ms)
		SetupLoadedEditorAssemblies (358ms)
			LogAssemblyErrors (0ms)
			InitializePlatformSupportModulesInManaged (19ms)
			SetLoadedEditorAssemblies (2ms)
			RefreshPlugins (0ms)
			BeforeProcessingInitializeOnLoad (45ms)
			ProcessInitializeOnLoadAttributes (260ms)
			ProcessInitializeOnLoadMethodAttributes (23ms)
			AfterProcessingInitializeOnLoad (8ms)
			EditorAssembliesLoaded (0ms)
		ExecutionOrderSort2 (0ms)
		AwakeInstancesAfterBackupRestoration (6ms)
Refreshing native plugins compatible for Editor in 16.96 ms, found 3 plugins.
Preloading 0 native plugins for Editor in 0.00 ms.
Unloading 3240 Unused Serialized files (Serialized files now loaded: 0)
Unloading 51 unused Assets / (42.3 KB). Loaded Objects now: 3775.
Memory consumption went from 140.5 MB to 140.4 MB.
Total: 2.819600 ms (FindLiveObjects: 0.302600 ms CreateObjectMapping: 0.084000 ms MarkObjects: 2.367300 ms  DeleteObjects: 0.064500 ms)

Prepare: number of updated asset objects reloaded= 0
AssetImportParameters requested are different than current active one (requested -> active):
  custom:container-demuxer-ogg: 62fdf1f143b41e24485cea50d1cbac27 -> 
  custom:video-codec-MediaFoundation-h265: 746d11721c4dcdbdad8f713fa42b33f4 -> 
  custom:video-decoder-ogg-theora: a1e56fd34408186e4bbccfd4996cb3dc -> 
  custom:framework-win-MediaFoundation: 216162199b28c13a410421893ffa2e32 -> 
  custom:scripting/monoscript/fileName/Move.cs: 7b43a81116163ddef85a558461501685 -> d6379711722d90072060b333fc0a5937
  custom:scripting/monoscript/fileName/obstaculo.cs: 6ecaba1ccc123dca770f23f862e7af7a -> 394e9a22552b0efe12db4cb41e72111e
  custom:CustomObjectIndexerAttribute: 756ad292c208cfabdd7b50bc23989ffe -> 
  custom:container-demuxer-webm: 4f35f7cbe854078d1ac9338744f61a02 -> 
  custom:scripting/monoscript/fileName/Carro.cs: 19dc9f1d41c43b1d7846dddf65ae5ced -> 766b3db601e01ffa663ead41c9caf3f9
  custom:container-muxer-webm: aa71ff27fc2769a1b78a27578f13a17b -> 
  custom:video-decoder-webm-vp8: 9c59270c3fd7afecdb556c50c9e8de78 -> 
  custom:SearchIndexIgnoredProperties: e643bd26f0fe6173181afceb89e7c659 -> 
  custom:AudioImporter_EditorPlatform: d09bf68614088b80899f8185d706f6e7 -> 
  custom:scripting/monoscript/fileName/DestroyWall.cs: be2abfba90e0fbd18fc051c4afbed487 -> e8b88d2ca835c50080e129ec3fb1075b
  custom:scripting/monoscript/fileName/Effect.cs: c7d94fc23adfad4a111a04199aa4ca5c -> 21395456d56b2db76788fed93b9fa697
  custom:scripting/monoscript/fileName/Attack.cs: c27890840a76fc26cbac2f9fd357b6a9 -> 40f7f9ebceb8c107df83f7681c67349c
  custom:scripting/monoscript/fileName/Hojas.cs: b8210f9433d174a39d23ad137d81644f -> 5002753c9f6ef4c17e70fe32587d7693
  custom:video-encoder-webm-vp8: eb34c28f22e8b96e1ab97ce403110664 -> 
  custom:scripting/monoscript/fileName/Splash.cs: 491dcd2e305dcac13a365b9fdd756990 -> 7b3de2670cf3ec70815f984f801a6c92
  custom:audio-decoder-ogg-vorbis: bf7c407c2cedff20999df2af8eb42d56 -> 
  custom:scripting/monoscript/fileName/Destrutor.cs: 0c6e0c3311e2a5c1de5e8bada8c75dd3 -> a7ee81a041abe996fb249239fe9fcef0
  custom:scripting/monoscript/fileName/DevCarros.cs: 964cd4f073320a76515dd7dfa45faff7 -> 81d2a4b79b36498977a76036e17ff51f
  custom:audio-encoder-webm-vorbis: bf7c407c2cedff20999df2af8eb42d56 -> 
  custom:scripting/monoscript/fileName/ScoreManager.cs: 8bf37ad2a0e5ee64fa29f25e7049ed24 -> 2117df56b7ba23abd331d761e713022a
  custom:scripting/monoscript/fileName/Map.cs: ca68fa194060ebdaa420c74981198d1b -> 4db0e48a2ed67893c2ccddbc19eff78a
========================================================================
Received Prepare
Begin MonoManager ReloadAssembly
Assembly 'Assets/ExternalDependencyManager/Editor/1.2.179/Google.IOSResolver.dll' will not be loaded due to errors:
Unable to resolve reference 'UnityEditor.iOS.Extensions.Xcode'. Is the assembly missing or incompatible with the current platform?
Reference validation can be disabled in the Plugin Inspector.
- Loaded All Assemblies, in  0.394 seconds
Refreshing native plugins compatible for Editor in 9.15 ms, found 3 plugins.
Native extension for WindowsStandalone target not found
Native extension for Android target not found
[Package Manager] Server::EnsureServerProcessIsRunning -- launch failed, reason: Unity was launched with the -noUpm command-line argument
[Package Manager] UpmClient::Send -- Unable to send message (not connected to UPM process).
[Package Manager] Cannot connect to Unity Package Manager local server
Mono: successfully reloaded assembly
- Finished resetting the current domain, in  0.689 seconds
Domain Reload Profiling: 1078ms
	BeginReloadAssembly (120ms)
		ExecutionOrderSort (0ms)
		DisableScriptedObjects (3ms)
		BackupInstance (0ms)
		ReleaseScriptingObjects (0ms)
		CreateAndSetChildDomain (26ms)
	RebuildCommonClasses (29ms)
	RebuildNativeTypeToScriptingClass (9ms)
	initialDomainReloadingComplete (32ms)
	LoadAllAssembliesAndSetupDomain (198ms)
		LoadAssemblies (246ms)
		RebuildTransferFunctionScriptingTraits (0ms)
		AnalyzeDomain (12ms)
			TypeCache.Refresh (6ms)
				TypeCache.ScanAssembly (0ms)
			ScanForSourceGeneratedMonoScriptInfo (0ms)
			ResolveRequiredComponents (5ms)
	FinalizeReload (689ms)
		ReleaseScriptCaches (0ms)
		RebuildScriptCaches (0ms)
		SetupLoadedEditorAssemblies (309ms)
			LogAssemblyErrors (0ms)
			InitializePlatformSupportModulesInManaged (19ms)
			SetLoadedEditorAssemblies (3ms)
			RefreshPlugins (0ms)
			BeforeProcessingInitializeOnLoad (47ms)
			ProcessInitializeOnLoadAttributes (215ms)
			ProcessInitializeOnLoadMethodAttributes (18ms)
			AfterProcessingInitializeOnLoad (6ms)
			EditorAssembliesLoaded (0ms)
		ExecutionOrderSort2 (0ms)
		AwakeInstancesAfterBackupRestoration (6ms)
Refreshing native plugins compatible for Editor in 12.33 ms, found 3 plugins.
Preloading 0 native plugins for Editor in 0.00 ms.
Unloading 3241 Unused Serialized files (Serialized files now loaded: 0)
Unloading 51 unused Assets / (42.3 KB). Loaded Objects now: 3778.
Memory consumption went from 142.6 MB to 142.6 MB.
Total: 2.960900 ms (FindLiveObjects: 0.219700 ms CreateObjectMapping: 0.116500 ms MarkObjects: 2.556700 ms  DeleteObjects: 0.066700 ms)

Prepare: number of updated asset objects reloaded= 0
AssetImportParameters requested are different than current active one (requested -> active):
  custom:container-demuxer-ogg: 62fdf1f143b41e24485cea50d1cbac27 -> 
  custom:video-codec-MediaFoundation-h265: 746d11721c4dcdbdad8f713fa42b33f4 -> 
  custom:video-decoder-ogg-theora: a1e56fd34408186e4bbccfd4996cb3dc -> 
  custom:framework-win-MediaFoundation: 216162199b28c13a410421893ffa2e32 -> 
  custom:scripting/monoscript/fileName/Move.cs: 7b43a81116163ddef85a558461501685 -> d6379711722d90072060b333fc0a5937
  custom:scripting/monoscript/fileName/obstaculo.cs: 6ecaba1ccc123dca770f23f862e7af7a -> 394e9a22552b0efe12db4cb41e72111e
  custom:CustomObjectIndexerAttribute: 756ad292c208cfabdd7b50bc23989ffe -> 
  custom:container-demuxer-webm: 4f35f7cbe854078d1ac9338744f61a02 -> 
  custom:scripting/monoscript/fileName/Carro.cs: 19dc9f1d41c43b1d7846dddf65ae5ced -> 766b3db601e01ffa663ead41c9caf3f9
  custom:container-muxer-webm: aa71ff27fc2769a1b78a27578f13a17b -> 
  custom:video-decoder-webm-vp8: 9c59270c3fd7afecdb556c50c9e8de78 -> 
  custom:SearchIndexIgnoredProperties: e643bd26f0fe6173181afceb89e7c659 -> 
  custom:AudioImporter_EditorPlatform: d09bf68614088b80899f8185d706f6e7 -> 
  custom:scripting/monoscript/fileName/DestroyWall.cs: be2abfba90e0fbd18fc051c4afbed487 -> e8b88d2ca835c50080e129ec3fb1075b
  custom:scripting/monoscript/fileName/Effect.cs: c7d94fc23adfad4a111a04199aa4ca5c -> 21395456d56b2db76788fed93b9fa697
  custom:scripting/monoscript/fileName/Attack.cs: c27890840a76fc26cbac2f9fd357b6a9 -> 40f7f9ebceb8c107df83f7681c67349c
  custom:scripting/monoscript/fileName/Hojas.cs: b8210f9433d174a39d23ad137d81644f -> 5002753c9f6ef4c17e70fe32587d7693
  custom:video-encoder-webm-vp8: eb34c28f22e8b96e1ab97ce403110664 -> 
  custom:scripting/monoscript/fileName/Splash.cs: 491dcd2e305dcac13a365b9fdd756990 -> 7b3de2670cf3ec70815f984f801a6c92
  custom:audio-decoder-ogg-vorbis: bf7c407c2cedff20999df2af8eb42d56 -> 
  custom:scripting/monoscript/fileName/Destrutor.cs: 0c6e0c3311e2a5c1de5e8bada8c75dd3 -> a7ee81a041abe996fb249239fe9fcef0
  custom:scripting/monoscript/fileName/DevCarros.cs: 964cd4f073320a76515dd7dfa45faff7 -> 81d2a4b79b36498977a76036e17ff51f
  custom:audio-encoder-webm-vorbis: bf7c407c2cedff20999df2af8eb42d56 -> 
  custom:scripting/monoscript/fileName/ScoreManager.cs: 8bf37ad2a0e5ee64fa29f25e7049ed24 -> 2117df56b7ba23abd331d761e713022a
  custom:scripting/monoscript/fileName/Map.cs: ca68fa194060ebdaa420c74981198d1b -> 4db0e48a2ed67893c2ccddbc19eff78a
========================================================================
Received Import Request.
  Time since last request: 75.334544 seconds.
  path: Assets/2_Prefabs/Effect.prefab
  artifactKey: Guid(b225bdf7534cd2d499b4186a3d900792) Importer(815301076,1909f56bfc062723c751e8b465ee728b)
Start importing Assets/2_Prefabs/Effect.prefab using Guid(b225bdf7534cd2d499b4186a3d900792) Importer(815301076,1909f56bfc062723c751e8b465ee728b)  -> (artifact id: 'b747302b236f432c1b85785aa3435333') in 0.061661 seconds
Number of updated asset objects reloaded before import = 0
Number of asset objects unloaded after import = 38
========================================================================
Received Import Request.
  Time since last request: 9.810076 seconds.
  path: Assets/Animation/Effect.controller
  artifactKey: Guid(d165a9ef76a0d6a4c8283a144c56acc5) Importer(815301076,1909f56bfc062723c751e8b465ee728b)
Start importing Assets/Animation/Effect.controller using Guid(d165a9ef76a0d6a4c8283a144c56acc5) Importer(815301076,1909f56bfc062723c751e8b465ee728b)  -> (artifact id: '86a12d881cb287c9f3fe6840befcd0b8') in 0.001417 seconds
Number of updated asset objects reloaded before import = 0
Number of asset objects unloaded after import = 7
========================================================================
Received Import Request.
  Time since last request: 12.066553 seconds.
  path: Assets/Animation/Attack.anim
  artifactKey: Guid(d5eae7a52c3d96e4ca66bf01fc9abd3b) Importer(815301076,1909f56bfc062723c751e8b465ee728b)
Start importing Assets/Animation/Attack.anim using Guid(d5eae7a52c3d96e4ca66bf01fc9abd3b) Importer(815301076,1909f56bfc062723c751e8b465ee728b)  -> (artifact id: 'c89de9aa4031e706089017be4faac1e2') in 0.001057 seconds
Number of updated asset objects reloaded before import = 0
Number of asset objects unloaded after import = 1
========================================================================
Received Prepare
Begin MonoManager ReloadAssembly
Assembly 'Assets/ExternalDependencyManager/Editor/1.2.179/Google.IOSResolver.dll' will not be loaded due to errors:
Unable to resolve reference 'UnityEditor.iOS.Extensions.Xcode'. Is the assembly missing or incompatible with the current platform?
Reference validation can be disabled in the Plugin Inspector.
- Loaded All Assemblies, in  0.391 seconds
Refreshing native plugins compatible for Editor in 8.89 ms, found 3 plugins.
Native extension for WindowsStandalone target not found
Native extension for Android target not found
[Package Manager] Server::EnsureServerProcessIsRunning -- launch failed, reason: Unity was launched with the -noUpm command-line argument
[Package Manager] UpmClient::Send -- Unable to send message (not connected to UPM process).
[Package Manager] Cannot connect to Unity Package Manager local server
Mono: successfully reloaded assembly
- Finished resetting the current domain, in  0.736 seconds
Domain Reload Profiling: 1124ms
	BeginReloadAssembly (124ms)
		ExecutionOrderSort (0ms)
		DisableScriptedObjects (3ms)
		BackupInstance (0ms)
		ReleaseScriptingObjects (0ms)
		CreateAndSetChildDomain (27ms)
	RebuildCommonClasses (25ms)
	RebuildNativeTypeToScriptingClass (10ms)
	initialDomainReloadingComplete (30ms)
	LoadAllAssembliesAndSetupDomain (199ms)
		LoadAssemblies (253ms)
		RebuildTransferFunctionScriptingTraits (0ms)
		AnalyzeDomain (11ms)
			TypeCache.Refresh (5ms)
				TypeCache.ScanAssembly (0ms)
			ScanForSourceGeneratedMonoScriptInfo (0ms)
			ResolveRequiredComponents (4ms)
	FinalizeReload (737ms)
		ReleaseScriptCaches (0ms)
		RebuildScriptCaches (0ms)
		SetupLoadedEditorAssemblies (323ms)
			LogAssemblyErrors (0ms)
			InitializePlatformSupportModulesInManaged (19ms)
			SetLoadedEditorAssemblies (3ms)
			RefreshPlugins (0ms)
			BeforeProcessingInitializeOnLoad (47ms)
			ProcessInitializeOnLoadAttributes (224ms)
			ProcessInitializeOnLoadMethodAttributes (23ms)
			AfterProcessingInitializeOnLoad (6ms)
			EditorAssembliesLoaded (0ms)
		ExecutionOrderSort2 (0ms)
		AwakeInstancesAfterBackupRestoration (7ms)
Refreshing native plugins compatible for Editor in 14.27 ms, found 3 plugins.
Preloading 0 native plugins for Editor in 0.00 ms.
Unloading 3240 Unused Serialized files (Serialized files now loaded: 0)
Unloading 51 unused Assets / (42.4 KB). Loaded Objects now: 3781.
Memory consumption went from 144.3 MB to 144.3 MB.
Total: 2.391600 ms (FindLiveObjects: 0.198600 ms CreateObjectMapping: 0.095800 ms MarkObjects: 2.025700 ms  DeleteObjects: 0.070300 ms)

Prepare: number of updated asset objects reloaded= 0
AssetImportParameters requested are different than current active one (requested -> active):
  custom:container-demuxer-ogg: 62fdf1f143b41e24485cea50d1cbac27 -> 
  custom:video-codec-MediaFoundation-h265: 746d11721c4dcdbdad8f713fa42b33f4 -> 
  custom:video-decoder-ogg-theora: a1e56fd34408186e4bbccfd4996cb3dc -> 
  custom:framework-win-MediaFoundation: 216162199b28c13a410421893ffa2e32 -> 
  custom:scripting/monoscript/fileName/Move.cs: 7b43a81116163ddef85a558461501685 -> d6379711722d90072060b333fc0a5937
  custom:scripting/monoscript/fileName/obstaculo.cs: 6ecaba1ccc123dca770f23f862e7af7a -> 394e9a22552b0efe12db4cb41e72111e
  custom:CustomObjectIndexerAttribute: 756ad292c208cfabdd7b50bc23989ffe -> 
  custom:container-demuxer-webm: 4f35f7cbe854078d1ac9338744f61a02 -> 
  custom:scripting/monoscript/fileName/Carro.cs: 19dc9f1d41c43b1d7846dddf65ae5ced -> 766b3db601e01ffa663ead41c9caf3f9
  custom:container-muxer-webm: aa71ff27fc2769a1b78a27578f13a17b -> 
  custom:video-decoder-webm-vp8: 9c59270c3fd7afecdb556c50c9e8de78 -> 
  custom:SearchIndexIgnoredProperties: e643bd26f0fe6173181afceb89e7c659 -> 
  custom:AudioImporter_EditorPlatform: d09bf68614088b80899f8185d706f6e7 -> 
  custom:scripting/monoscript/fileName/DestroyWall.cs: be2abfba90e0fbd18fc051c4afbed487 -> e8b88d2ca835c50080e129ec3fb1075b
  custom:scripting/monoscript/fileName/Effect.cs: c7d94fc23adfad4a111a04199aa4ca5c -> 21395456d56b2db76788fed93b9fa697
  custom:scripting/monoscript/fileName/Attack.cs: c27890840a76fc26cbac2f9fd357b6a9 -> 40f7f9ebceb8c107df83f7681c67349c
  custom:scripting/monoscript/fileName/Hojas.cs: b8210f9433d174a39d23ad137d81644f -> 5002753c9f6ef4c17e70fe32587d7693
  custom:video-encoder-webm-vp8: eb34c28f22e8b96e1ab97ce403110664 -> 
  custom:scripting/monoscript/fileName/Splash.cs: 491dcd2e305dcac13a365b9fdd756990 -> 7b3de2670cf3ec70815f984f801a6c92
  custom:audio-decoder-ogg-vorbis: bf7c407c2cedff20999df2af8eb42d56 -> 
  custom:scripting/monoscript/fileName/Destrutor.cs: 0c6e0c3311e2a5c1de5e8bada8c75dd3 -> a7ee81a041abe996fb249239fe9fcef0
  custom:scripting/monoscript/fileName/DevCarros.cs: 964cd4f073320a76515dd7dfa45faff7 -> 81d2a4b79b36498977a76036e17ff51f
  custom:audio-encoder-webm-vorbis: bf7c407c2cedff20999df2af8eb42d56 -> 
  custom:scripting/monoscript/fileName/ScoreManager.cs: 8bf37ad2a0e5ee64fa29f25e7049ed24 -> 2117df56b7ba23abd331d761e713022a
  custom:scripting/monoscript/fileName/Map.cs: ca68fa194060ebdaa420c74981198d1b -> 4db0e48a2ed67893c2ccddbc19eff78a
========================================================================
Received Prepare
Begin MonoManager ReloadAssembly
Assembly 'Assets/ExternalDependencyManager/Editor/1.2.179/Google.IOSResolver.dll' will not be loaded due to errors:
Unable to resolve reference 'UnityEditor.iOS.Extensions.Xcode'. Is the assembly missing or incompatible with the current platform?
Reference validation can be disabled in the Plugin Inspector.
- Loaded All Assemblies, in  0.561 seconds
Refreshing native plugins compatible for Editor in 13.42 ms, found 3 plugins.
Native extension for WindowsStandalone target not found
Native extension for Android target not found
[Package Manager] Server::EnsureServerProcessIsRunning -- launch failed, reason: Unity was launched with the -noUpm command-line argument
[Package Manager] UpmClient::Send -- Unable to send message (not connected to UPM process).
[Package Manager] Cannot connect to Unity Package Manager local server
Mono: successfully reloaded assembly
- Finished resetting the current domain, in  0.767 seconds
Domain Reload Profiling: 1322ms
	BeginReloadAssembly (175ms)
		ExecutionOrderSort (0ms)
		DisableScriptedObjects (3ms)
		BackupInstance (0ms)
		ReleaseScriptingObjects (0ms)
		CreateAndSetChildDomain (34ms)
	RebuildCommonClasses (40ms)
	RebuildNativeTypeToScriptingClass (14ms)
	initialDomainReloadingComplete (45ms)
	LoadAllAssembliesAndSetupDomain (279ms)
		LoadAssemblies (355ms)
		RebuildTransferFunctionScriptingTraits (0ms)
		AnalyzeDomain (26ms)
			TypeCache.Refresh (10ms)
				TypeCache.ScanAssembly (1ms)
			ScanForSourceGeneratedMonoScriptInfo (8ms)
			ResolveRequiredComponents (7ms)
	FinalizeReload (768ms)
		ReleaseScriptCaches (0ms)
		RebuildScriptCaches (0ms)
		SetupLoadedEditorAssemblies (291ms)
			LogAssemblyErrors (0ms)
			InitializePlatformSupportModulesInManaged (17ms)
			SetLoadedEditorAssemblies (4ms)
			RefreshPlugins (0ms)
			BeforeProcessingInitializeOnLoad (46ms)
			ProcessInitializeOnLoadAttributes (203ms)
			ProcessInitializeOnLoadMethodAttributes (15ms)
			AfterProcessingInitializeOnLoad (6ms)
			EditorAssembliesLoaded (0ms)
		ExecutionOrderSort2 (0ms)
		AwakeInstancesAfterBackupRestoration (5ms)
Refreshing native plugins compatible for Editor in 13.66 ms, found 3 plugins.
Preloading 0 native plugins for Editor in 0.00 ms.
Unloading 3241 Unused Serialized files (Serialized files now loaded: 0)
Unloading 51 unused Assets / (42.4 KB). Loaded Objects now: 3784.
Memory consumption went from 146.5 MB to 146.4 MB.
Total: 2.324000 ms (FindLiveObjects: 0.195400 ms CreateObjectMapping: 0.091600 ms MarkObjects: 1.971000 ms  DeleteObjects: 0.064800 ms)

Prepare: number of updated asset objects reloaded= 0
AssetImportParameters requested are different than current active one (requested -> active):
  custom:container-demuxer-ogg: 62fdf1f143b41e24485cea50d1cbac27 -> 
  custom:video-codec-MediaFoundation-h265: 746d11721c4dcdbdad8f713fa42b33f4 -> 
  custom:video-decoder-ogg-theora: a1e56fd34408186e4bbccfd4996cb3dc -> 
  custom:framework-win-MediaFoundation: 216162199b28c13a410421893ffa2e32 -> 
  custom:scripting/monoscript/fileName/Move.cs: 7b43a81116163ddef85a558461501685 -> d6379711722d90072060b333fc0a5937
  custom:scripting/monoscript/fileName/obstaculo.cs: 6ecaba1ccc123dca770f23f862e7af7a -> 394e9a22552b0efe12db4cb41e72111e
  custom:CustomObjectIndexerAttribute: 756ad292c208cfabdd7b50bc23989ffe -> 
  custom:container-demuxer-webm: 4f35f7cbe854078d1ac9338744f61a02 -> 
  custom:scripting/monoscript/fileName/Carro.cs: 19dc9f1d41c43b1d7846dddf65ae5ced -> 766b3db601e01ffa663ead41c9caf3f9
  custom:container-muxer-webm: aa71ff27fc2769a1b78a27578f13a17b -> 
  custom:video-decoder-webm-vp8: 9c59270c3fd7afecdb556c50c9e8de78 -> 
  custom:SearchIndexIgnoredProperties: e643bd26f0fe6173181afceb89e7c659 -> 
  custom:AudioImporter_EditorPlatform: d09bf68614088b80899f8185d706f6e7 -> 
  custom:scripting/monoscript/fileName/DestroyWall.cs: be2abfba90e0fbd18fc051c4afbed487 -> e8b88d2ca835c50080e129ec3fb1075b
  custom:scripting/monoscript/fileName/Effect.cs: c7d94fc23adfad4a111a04199aa4ca5c -> 21395456d56b2db76788fed93b9fa697
  custom:scripting/monoscript/fileName/Attack.cs: c27890840a76fc26cbac2f9fd357b6a9 -> 40f7f9ebceb8c107df83f7681c67349c
  custom:scripting/monoscript/fileName/Hojas.cs: b8210f9433d174a39d23ad137d81644f -> 5002753c9f6ef4c17e70fe32587d7693
  custom:video-encoder-webm-vp8: eb34c28f22e8b96e1ab97ce403110664 -> 
  custom:scripting/monoscript/fileName/Splash.cs: 491dcd2e305dcac13a365b9fdd756990 -> 7b3de2670cf3ec70815f984f801a6c92
  custom:audio-decoder-ogg-vorbis: bf7c407c2cedff20999df2af8eb42d56 -> 
  custom:scripting/monoscript/fileName/Destrutor.cs: 0c6e0c3311e2a5c1de5e8bada8c75dd3 -> a7ee81a041abe996fb249239fe9fcef0
  custom:scripting/monoscript/fileName/DevCarros.cs: 964cd4f073320a76515dd7dfa45faff7 -> 81d2a4b79b36498977a76036e17ff51f
  custom:audio-encoder-webm-vorbis: bf7c407c2cedff20999df2af8eb42d56 -> 
  custom:scripting/monoscript/fileName/ScoreManager.cs: 8bf37ad2a0e5ee64fa29f25e7049ed24 -> 2117df56b7ba23abd331d761e713022a
  custom:scripting/monoscript/fileName/Map.cs: ca68fa194060ebdaa420c74981198d1b -> 4db0e48a2ed67893c2ccddbc19eff78a
========================================================================
Received Prepare
Begin MonoManager ReloadAssembly
Assembly 'Assets/ExternalDependencyManager/Editor/1.2.179/Google.IOSResolver.dll' will not be loaded due to errors:
Unable to resolve reference 'UnityEditor.iOS.Extensions.Xcode'. Is the assembly missing or incompatible with the current platform?
Reference validation can be disabled in the Plugin Inspector.
- Loaded All Assemblies, in  0.385 seconds
Refreshing native plugins compatible for Editor in 11.97 ms, found 3 plugins.
Native extension for WindowsStandalone target not found
Native extension for Android target not found
[Package Manager] Server::EnsureServerProcessIsRunning -- launch failed, reason: Unity was launched with the -noUpm command-line argument
[Package Manager] UpmClient::Send -- Unable to send message (not connected to UPM process).
[Package Manager] Cannot connect to Unity Package Manager local server
Mono: successfully reloaded assembly
- Finished resetting the current domain, in  0.820 seconds
Domain Reload Profiling: 1201ms
	BeginReloadAssembly (121ms)
		ExecutionOrderSort (0ms)
		DisableScriptedObjects (3ms)
		BackupInstance (0ms)
		ReleaseScriptingObjects (0ms)
		CreateAndSetChildDomain (25ms)
	RebuildCommonClasses (26ms)
	RebuildNativeTypeToScriptingClass (11ms)
	initialDomainReloadingComplete (33ms)
	LoadAllAssembliesAndSetupDomain (190ms)
		LoadAssemblies (241ms)
		RebuildTransferFunctionScriptingTraits (0ms)
		AnalyzeDomain (12ms)
			TypeCache.Refresh (6ms)
				TypeCache.ScanAssembly (0ms)
			ScanForSourceGeneratedMonoScriptInfo (0ms)
			ResolveRequiredComponents (4ms)
	FinalizeReload (821ms)
		ReleaseScriptCaches (0ms)
		RebuildScriptCaches (0ms)
		SetupLoadedEditorAssemblies (408ms)
			LogAssemblyErrors (0ms)
			InitializePlatformSupportModulesInManaged (26ms)
			SetLoadedEditorAssemblies (3ms)
			RefreshPlugins (0ms)
			BeforeProcessingInitializeOnLoad (60ms)
			ProcessInitializeOnLoadAttributes (286ms)
			ProcessInitializeOnLoadMethodAttributes (24ms)
			AfterProcessingInitializeOnLoad (9ms)
			EditorAssembliesLoaded (0ms)
		ExecutionOrderSort2 (0ms)
		AwakeInstancesAfterBackupRestoration (8ms)
Refreshing native plugins compatible for Editor in 17.67 ms, found 3 plugins.
Preloading 0 native plugins for Editor in 0.00 ms.
Unloading 3241 Unused Serialized files (Serialized files now loaded: 0)
Unloading 51 unused Assets / (42.4 KB). Loaded Objects now: 3787.
Memory consumption went from 148.4 MB to 148.3 MB.
Total: 2.937900 ms (FindLiveObjects: 0.216500 ms CreateObjectMapping: 0.090600 ms MarkObjects: 2.560200 ms  DeleteObjects: 0.069200 ms)

Prepare: number of updated asset objects reloaded= 0
AssetImportParameters requested are different than current active one (requested -> active):
  custom:container-demuxer-ogg: 62fdf1f143b41e24485cea50d1cbac27 -> 
  custom:video-codec-MediaFoundation-h265: 746d11721c4dcdbdad8f713fa42b33f4 -> 
  custom:video-decoder-ogg-theora: a1e56fd34408186e4bbccfd4996cb3dc -> 
  custom:framework-win-MediaFoundation: 216162199b28c13a410421893ffa2e32 -> 
  custom:scripting/monoscript/fileName/Move.cs: 7b43a81116163ddef85a558461501685 -> d6379711722d90072060b333fc0a5937
  custom:scripting/monoscript/fileName/obstaculo.cs: 6ecaba1ccc123dca770f23f862e7af7a -> 394e9a22552b0efe12db4cb41e72111e
  custom:CustomObjectIndexerAttribute: 756ad292c208cfabdd7b50bc23989ffe -> 
  custom:container-demuxer-webm: 4f35f7cbe854078d1ac9338744f61a02 -> 
  custom:scripting/monoscript/fileName/Carro.cs: 19dc9f1d41c43b1d7846dddf65ae5ced -> 766b3db601e01ffa663ead41c9caf3f9
  custom:container-muxer-webm: aa71ff27fc2769a1b78a27578f13a17b -> 
  custom:video-decoder-webm-vp8: 9c59270c3fd7afecdb556c50c9e8de78 -> 
  custom:SearchIndexIgnoredProperties: e643bd26f0fe6173181afceb89e7c659 -> 
  custom:AudioImporter_EditorPlatform: d09bf68614088b80899f8185d706f6e7 -> 
  custom:scripting/monoscript/fileName/DestroyWall.cs: be2abfba90e0fbd18fc051c4afbed487 -> e8b88d2ca835c50080e129ec3fb1075b
  custom:scripting/monoscript/fileName/Effect.cs: c7d94fc23adfad4a111a04199aa4ca5c -> 21395456d56b2db76788fed93b9fa697
  custom:scripting/monoscript/fileName/Attack.cs: c27890840a76fc26cbac2f9fd357b6a9 -> 40f7f9ebceb8c107df83f7681c67349c
  custom:scripting/monoscript/fileName/Hojas.cs: b8210f9433d174a39d23ad137d81644f -> 5002753c9f6ef4c17e70fe32587d7693
  custom:video-encoder-webm-vp8: eb34c28f22e8b96e1ab97ce403110664 -> 
  custom:scripting/monoscript/fileName/Splash.cs: 491dcd2e305dcac13a365b9fdd756990 -> 7b3de2670cf3ec70815f984f801a6c92
  custom:audio-decoder-ogg-vorbis: bf7c407c2cedff20999df2af8eb42d56 -> 
  custom:scripting/monoscript/fileName/Destrutor.cs: 0c6e0c3311e2a5c1de5e8bada8c75dd3 -> a7ee81a041abe996fb249239fe9fcef0
  custom:scripting/monoscript/fileName/DevCarros.cs: 964cd4f073320a76515dd7dfa45faff7 -> 81d2a4b79b36498977a76036e17ff51f
  custom:audio-encoder-webm-vorbis: bf7c407c2cedff20999df2af8eb42d56 -> 
  custom:scripting/monoscript/fileName/ScoreManager.cs: 8bf37ad2a0e5ee64fa29f25e7049ed24 -> 2117df56b7ba23abd331d761e713022a
  custom:scripting/monoscript/fileName/Map.cs: ca68fa194060ebdaa420c74981198d1b -> 4db0e48a2ed67893c2ccddbc19eff78a
========================================================================
Received Prepare
Begin MonoManager ReloadAssembly
Assembly 'Assets/ExternalDependencyManager/Editor/1.2.179/Google.IOSResolver.dll' will not be loaded due to errors:
Unable to resolve reference 'UnityEditor.iOS.Extensions.Xcode'. Is the assembly missing or incompatible with the current platform?
Reference validation can be disabled in the Plugin Inspector.
- Loaded All Assemblies, in  0.537 seconds
Refreshing native plugins compatible for Editor in 12.53 ms, found 3 plugins.
Native extension for WindowsStandalone target not found
Native extension for Android target not found
[Package Manager] Server::EnsureServerProcessIsRunning -- launch failed, reason: Unity was launched with the -noUpm command-line argument
[Package Manager] UpmClient::Send -- Unable to send message (not connected to UPM process).
[Package Manager] Cannot connect to Unity Package Manager local server
Mono: successfully reloaded assembly
- Finished resetting the current domain, in  0.885 seconds
Domain Reload Profiling: 1416ms
	BeginReloadAssembly (176ms)
		ExecutionOrderSort (0ms)
		DisableScriptedObjects (6ms)
		BackupInstance (0ms)
		ReleaseScriptingObjects (0ms)
		CreateAndSetChildDomain (29ms)
	RebuildCommonClasses (30ms)
	RebuildNativeTypeToScriptingClass (12ms)
	initialDomainReloadingComplete (47ms)
	LoadAllAssembliesAndSetupDomain (266ms)
		LoadAssemblies (342ms)
		RebuildTransferFunctionScriptingTraits (0ms)
		AnalyzeDomain (25ms)
			TypeCache.Refresh (10ms)
				TypeCache.ScanAssembly (1ms)
			ScanForSourceGeneratedMonoScriptInfo (8ms)
			ResolveRequiredComponents (6ms)
	FinalizeReload (886ms)
		ReleaseScriptCaches (0ms)
		RebuildScriptCaches (0ms)
		SetupLoadedEditorAssemblies (402ms)
			LogAssemblyErrors (0ms)
			InitializePlatformSupportModulesInManaged (24ms)
			SetLoadedEditorAssemblies (4ms)
			RefreshPlugins (0ms)
			BeforeProcessingInitializeOnLoad (69ms)
			ProcessInitializeOnLoadAttributes (271ms)
			ProcessInitializeOnLoadMethodAttributes (25ms)
			AfterProcessingInitializeOnLoad (8ms)
			EditorAssembliesLoaded (0ms)
		ExecutionOrderSort2 (0ms)
		AwakeInstancesAfterBackupRestoration (5ms)
Refreshing native plugins compatible for Editor in 11.91 ms, found 3 plugins.
Preloading 0 native plugins for Editor in 0.00 ms.
Unloading 3241 Unused Serialized files (Serialized files now loaded: 0)
Unloading 51 unused Assets / (42.4 KB). Loaded Objects now: 3790.
Memory consumption went from 150.3 MB to 150.3 MB.
Total: 3.156600 ms (FindLiveObjects: 0.274600 ms CreateObjectMapping: 0.106300 ms MarkObjects: 2.696100 ms  DeleteObjects: 0.078000 ms)

Prepare: number of updated asset objects reloaded= 0
AssetImportParameters requested are different than current active one (requested -> active):
  custom:container-demuxer-ogg: 62fdf1f143b41e24485cea50d1cbac27 -> 
  custom:video-codec-MediaFoundation-h265: 746d11721c4dcdbdad8f713fa42b33f4 -> 
  custom:video-decoder-ogg-theora: a1e56fd34408186e4bbccfd4996cb3dc -> 
  custom:framework-win-MediaFoundation: 216162199b28c13a410421893ffa2e32 -> 
  custom:scripting/monoscript/fileName/Move.cs: 7b43a81116163ddef85a558461501685 -> d6379711722d90072060b333fc0a5937
  custom:scripting/monoscript/fileName/obstaculo.cs: 6ecaba1ccc123dca770f23f862e7af7a -> 394e9a22552b0efe12db4cb41e72111e
  custom:CustomObjectIndexerAttribute: 756ad292c208cfabdd7b50bc23989ffe -> 
  custom:container-demuxer-webm: 4f35f7cbe854078d1ac9338744f61a02 -> 
  custom:scripting/monoscript/fileName/Carro.cs: 19dc9f1d41c43b1d7846dddf65ae5ced -> 766b3db601e01ffa663ead41c9caf3f9
  custom:container-muxer-webm: aa71ff27fc2769a1b78a27578f13a17b -> 
  custom:video-decoder-webm-vp8: 9c59270c3fd7afecdb556c50c9e8de78 -> 
  custom:SearchIndexIgnoredProperties: e643bd26f0fe6173181afceb89e7c659 -> 
  custom:AudioImporter_EditorPlatform: d09bf68614088b80899f8185d706f6e7 -> 
  custom:scripting/monoscript/fileName/DestroyWall.cs: be2abfba90e0fbd18fc051c4afbed487 -> e8b88d2ca835c50080e129ec3fb1075b
  custom:scripting/monoscript/fileName/Effect.cs: c7d94fc23adfad4a111a04199aa4ca5c -> 21395456d56b2db76788fed93b9fa697
  custom:scripting/monoscript/fileName/Attack.cs: c27890840a76fc26cbac2f9fd357b6a9 -> 40f7f9ebceb8c107df83f7681c67349c
  custom:scripting/monoscript/fileName/Hojas.cs: b8210f9433d174a39d23ad137d81644f -> 5002753c9f6ef4c17e70fe32587d7693
  custom:video-encoder-webm-vp8: eb34c28f22e8b96e1ab97ce403110664 -> 
  custom:scripting/monoscript/fileName/Splash.cs: 491dcd2e305dcac13a365b9fdd756990 -> 7b3de2670cf3ec70815f984f801a6c92
  custom:audio-decoder-ogg-vorbis: bf7c407c2cedff20999df2af8eb42d56 -> 
  custom:scripting/monoscript/fileName/Destrutor.cs: 0c6e0c3311e2a5c1de5e8bada8c75dd3 -> a7ee81a041abe996fb249239fe9fcef0
  custom:scripting/monoscript/fileName/DevCarros.cs: 964cd4f073320a76515dd7dfa45faff7 -> 81d2a4b79b36498977a76036e17ff51f
  custom:audio-encoder-webm-vorbis: bf7c407c2cedff20999df2af8eb42d56 -> 
  custom:scripting/monoscript/fileName/ScoreManager.cs: 8bf37ad2a0e5ee64fa29f25e7049ed24 -> 2117df56b7ba23abd331d761e713022a
  custom:scripting/monoscript/fileName/Map.cs: ca68fa194060ebdaa420c74981198d1b -> 4db0e48a2ed67893c2ccddbc19eff78a
========================================================================
Received Prepare
Begin MonoManager ReloadAssembly
Assembly 'Assets/ExternalDependencyManager/Editor/1.2.179/Google.IOSResolver.dll' will not be loaded due to errors:
Unable to resolve reference 'UnityEditor.iOS.Extensions.Xcode'. Is the assembly missing or incompatible with the current platform?
Reference validation can be disabled in the Plugin Inspector.
- Loaded All Assemblies, in  0.372 seconds
Refreshing native plugins compatible for Editor in 9.63 ms, found 3 plugins.
Native extension for WindowsStandalone target not found
Native extension for Android target not found
[Package Manager] Server::EnsureServerProcessIsRunning -- launch failed, reason: Unity was launched with the -noUpm command-line argument
[Package Manager] UpmClient::Send -- Unable to send message (not connected to UPM process).
[Package Manager] Cannot connect to Unity Package Manager local server
Mono: successfully reloaded assembly
- Finished resetting the current domain, in  0.802 seconds
Domain Reload Profiling: 1170ms
	BeginReloadAssembly (118ms)
		ExecutionOrderSort (0ms)
		DisableScriptedObjects (3ms)
		BackupInstance (0ms)
		ReleaseScriptingObjects (0ms)
		CreateAndSetChildDomain (26ms)
	RebuildCommonClasses (27ms)
	RebuildNativeTypeToScriptingClass (10ms)
	initialDomainReloadingComplete (32ms)
	LoadAllAssembliesAndSetupDomain (180ms)
		LoadAssemblies (231ms)
		RebuildTransferFunctionScriptingTraits (0ms)
		AnalyzeDomain (11ms)
			TypeCache.Refresh (6ms)
				TypeCache.ScanAssembly (0ms)
			ScanForSourceGeneratedMonoScriptInfo (0ms)
			ResolveRequiredComponents (4ms)
	FinalizeReload (802ms)
		ReleaseScriptCaches (0ms)
		RebuildScriptCaches (0ms)
		SetupLoadedEditorAssemblies (391ms)
			LogAssemblyErrors (0ms)
			InitializePlatformSupportModulesInManaged (27ms)
			SetLoadedEditorAssemblies (3ms)
			RefreshPlugins (0ms)
			BeforeProcessingInitializeOnLoad (54ms)
			ProcessInitializeOnLoadAttributes (277ms)
			ProcessInitializeOnLoadMethodAttributes (22ms)
			AfterProcessingInitializeOnLoad (8ms)
			EditorAssembliesLoaded (0ms)
		ExecutionOrderSort2 (0ms)
		AwakeInstancesAfterBackupRestoration (8ms)
Refreshing native plugins compatible for Editor in 10.07 ms, found 3 plugins.
Preloading 0 native plugins for Editor in 0.00 ms.
Unloading 3241 Unused Serialized files (Serialized files now loaded: 0)
Unloading 51 unused Assets / (42.4 KB). Loaded Objects now: 3793.
Memory consumption went from 152.2 MB to 152.2 MB.
Total: 2.442600 ms (FindLiveObjects: 0.188300 ms CreateObjectMapping: 0.085500 ms MarkObjects: 2.109300 ms  DeleteObjects: 0.058400 ms)

Prepare: number of updated asset objects reloaded= 0
AssetImportParameters requested are different than current active one (requested -> active):
  custom:container-demuxer-ogg: 62fdf1f143b41e24485cea50d1cbac27 -> 
  custom:video-codec-MediaFoundation-h265: 746d11721c4dcdbdad8f713fa42b33f4 -> 
  custom:video-decoder-ogg-theora: a1e56fd34408186e4bbccfd4996cb3dc -> 
  custom:framework-win-MediaFoundation: 216162199b28c13a410421893ffa2e32 -> 
  custom:scripting/monoscript/fileName/Move.cs: 7b43a81116163ddef85a558461501685 -> d6379711722d90072060b333fc0a5937
  custom:scripting/monoscript/fileName/obstaculo.cs: 6ecaba1ccc123dca770f23f862e7af7a -> 394e9a22552b0efe12db4cb41e72111e
  custom:CustomObjectIndexerAttribute: 756ad292c208cfabdd7b50bc23989ffe -> 
  custom:container-demuxer-webm: 4f35f7cbe854078d1ac9338744f61a02 -> 
  custom:scripting/monoscript/fileName/Carro.cs: 19dc9f1d41c43b1d7846dddf65ae5ced -> 766b3db601e01ffa663ead41c9caf3f9
  custom:container-muxer-webm: aa71ff27fc2769a1b78a27578f13a17b -> 
  custom:video-decoder-webm-vp8: 9c59270c3fd7afecdb556c50c9e8de78 -> 
  custom:SearchIndexIgnoredProperties: e643bd26f0fe6173181afceb89e7c659 -> 
  custom:AudioImporter_EditorPlatform: d09bf68614088b80899f8185d706f6e7 -> 
  custom:scripting/monoscript/fileName/DestroyWall.cs: be2abfba90e0fbd18fc051c4afbed487 -> e8b88d2ca835c50080e129ec3fb1075b
  custom:scripting/monoscript/fileName/Effect.cs: c7d94fc23adfad4a111a04199aa4ca5c -> 21395456d56b2db76788fed93b9fa697
  custom:scripting/monoscript/fileName/Attack.cs: c27890840a76fc26cbac2f9fd357b6a9 -> 40f7f9ebceb8c107df83f7681c67349c
  custom:scripting/monoscript/fileName/Hojas.cs: b8210f9433d174a39d23ad137d81644f -> 5002753c9f6ef4c17e70fe32587d7693
  custom:video-encoder-webm-vp8: eb34c28f22e8b96e1ab97ce403110664 -> 
  custom:scripting/monoscript/fileName/Splash.cs: 491dcd2e305dcac13a365b9fdd756990 -> 7b3de2670cf3ec70815f984f801a6c92
  custom:audio-decoder-ogg-vorbis: bf7c407c2cedff20999df2af8eb42d56 -> 
  custom:scripting/monoscript/fileName/Destrutor.cs: 0c6e0c3311e2a5c1de5e8bada8c75dd3 -> a7ee81a041abe996fb249239fe9fcef0
  custom:scripting/monoscript/fileName/DevCarros.cs: 964cd4f073320a76515dd7dfa45faff7 -> 81d2a4b79b36498977a76036e17ff51f
  custom:audio-encoder-webm-vorbis: bf7c407c2cedff20999df2af8eb42d56 -> 
  custom:scripting/monoscript/fileName/ScoreManager.cs: 8bf37ad2a0e5ee64fa29f25e7049ed24 -> 2117df56b7ba23abd331d761e713022a
  custom:scripting/monoscript/fileName/Map.cs: ca68fa194060ebdaa420c74981198d1b -> 4db0e48a2ed67893c2ccddbc19eff78a
========================================================================
Received Prepare
Begin MonoManager ReloadAssembly
Assembly 'Assets/ExternalDependencyManager/Editor/1.2.179/Google.IOSResolver.dll' will not be loaded due to errors:
Unable to resolve reference 'UnityEditor.iOS.Extensions.Xcode'. Is the assembly missing or incompatible with the current platform?
Reference validation can be disabled in the Plugin Inspector.
- Loaded All Assemblies, in  0.556 seconds
Refreshing native plugins compatible for Editor in 16.58 ms, found 3 plugins.
Native extension for WindowsStandalone target not found
Native extension for Android target not found
[Package Manager] Server::EnsureServerProcessIsRunning -- launch failed, reason: Unity was launched with the -noUpm command-line argument
[Package Manager] UpmClient::Send -- Unable to send message (not connected to UPM process).
[Package Manager] Cannot connect to Unity Package Manager local server
Mono: successfully reloaded assembly
- Finished resetting the current domain, in  1.034 seconds
Domain Reload Profiling: 1584ms
	BeginReloadAssembly (169ms)
		ExecutionOrderSort (0ms)
		DisableScriptedObjects (6ms)
		BackupInstance (0ms)
		ReleaseScriptingObjects (0ms)
		CreateAndSetChildDomain (34ms)
	RebuildCommonClasses (35ms)
	RebuildNativeTypeToScriptingClass (12ms)
	initialDomainReloadingComplete (40ms)
	LoadAllAssembliesAndSetupDomain (293ms)
		LoadAssemblies (357ms)
		RebuildTransferFunctionScriptingTraits (0ms)
		AnalyzeDomain (27ms)
			TypeCache.Refresh (12ms)
				TypeCache.ScanAssembly (1ms)
			ScanForSourceGeneratedMonoScriptInfo (8ms)
			ResolveRequiredComponents (6ms)
	FinalizeReload (1035ms)
		ReleaseScriptCaches (0ms)
		RebuildScriptCaches (0ms)
		SetupLoadedEditorAssemblies (374ms)
			LogAssemblyErrors (0ms)
			InitializePlatformSupportModulesInManaged (26ms)
			SetLoadedEditorAssemblies (2ms)
			RefreshPlugins (0ms)
			BeforeProcessingInitializeOnLoad (51ms)
			ProcessInitializeOnLoadAttributes (267ms)
			ProcessInitializeOnLoadMethodAttributes (19ms)
			AfterProcessingInitializeOnLoad (8ms)
			EditorAssembliesLoaded (0ms)
		ExecutionOrderSort2 (0ms)
		AwakeInstancesAfterBackupRestoration (8ms)
Refreshing native plugins compatible for Editor in 10.61 ms, found 3 plugins.
Preloading 0 native plugins for Editor in 0.00 ms.
Unloading 3241 Unused Serialized files (Serialized files now loaded: 0)
Unloading 51 unused Assets / (42.4 KB). Loaded Objects now: 3796.
Memory consumption went from 154.2 MB to 154.1 MB.
Total: 3.080300 ms (FindLiveObjects: 0.248800 ms CreateObjectMapping: 0.085600 ms MarkObjects: 2.668200 ms  DeleteObjects: 0.074700 ms)

Prepare: number of updated asset objects reloaded= 0
AssetImportParameters requested are different than current active one (requested -> active):
  custom:container-demuxer-ogg: 62fdf1f143b41e24485cea50d1cbac27 -> 
  custom:video-codec-MediaFoundation-h265: 746d11721c4dcdbdad8f713fa42b33f4 -> 
  custom:video-decoder-ogg-theora: a1e56fd34408186e4bbccfd4996cb3dc -> 
  custom:framework-win-MediaFoundation: 216162199b28c13a410421893ffa2e32 -> 
  custom:scripting/monoscript/fileName/Move.cs: 7b43a81116163ddef85a558461501685 -> d6379711722d90072060b333fc0a5937
  custom:scripting/monoscript/fileName/obstaculo.cs: 6ecaba1ccc123dca770f23f862e7af7a -> 394e9a22552b0efe12db4cb41e72111e
  custom:CustomObjectIndexerAttribute: 756ad292c208cfabdd7b50bc23989ffe -> 
  custom:container-demuxer-webm: 4f35f7cbe854078d1ac9338744f61a02 -> 
  custom:scripting/monoscript/fileName/Carro.cs: 19dc9f1d41c43b1d7846dddf65ae5ced -> 766b3db601e01ffa663ead41c9caf3f9
  custom:container-muxer-webm: aa71ff27fc2769a1b78a27578f13a17b -> 
  custom:video-decoder-webm-vp8: 9c59270c3fd7afecdb556c50c9e8de78 -> 
  custom:SearchIndexIgnoredProperties: e643bd26f0fe6173181afceb89e7c659 -> 
  custom:AudioImporter_EditorPlatform: d09bf68614088b80899f8185d706f6e7 -> 
  custom:scripting/monoscript/fileName/DestroyWall.cs: be2abfba90e0fbd18fc051c4afbed487 -> e8b88d2ca835c50080e129ec3fb1075b
  custom:scripting/monoscript/fileName/Effect.cs: c7d94fc23adfad4a111a04199aa4ca5c -> 21395456d56b2db76788fed93b9fa697
  custom:scripting/monoscript/fileName/Attack.cs: c27890840a76fc26cbac2f9fd357b6a9 -> 40f7f9ebceb8c107df83f7681c67349c
  custom:scripting/monoscript/fileName/Hojas.cs: b8210f9433d174a39d23ad137d81644f -> 5002753c9f6ef4c17e70fe32587d7693
  custom:video-encoder-webm-vp8: eb34c28f22e8b96e1ab97ce403110664 -> 
  custom:scripting/monoscript/fileName/Splash.cs: 491dcd2e305dcac13a365b9fdd756990 -> 7b3de2670cf3ec70815f984f801a6c92
  custom:audio-decoder-ogg-vorbis: bf7c407c2cedff20999df2af8eb42d56 -> 
  custom:scripting/monoscript/fileName/Destrutor.cs: 0c6e0c3311e2a5c1de5e8bada8c75dd3 -> a7ee81a041abe996fb249239fe9fcef0
  custom:scripting/monoscript/fileName/DevCarros.cs: 964cd4f073320a76515dd7dfa45faff7 -> 81d2a4b79b36498977a76036e17ff51f
  custom:audio-encoder-webm-vorbis: bf7c407c2cedff20999df2af8eb42d56 -> 
  custom:scripting/monoscript/fileName/ScoreManager.cs: 8bf37ad2a0e5ee64fa29f25e7049ed24 -> 2117df56b7ba23abd331d761e713022a
  custom:scripting/monoscript/fileName/Map.cs: ca68fa194060ebdaa420c74981198d1b -> 4db0e48a2ed67893c2ccddbc19eff78a
========================================================================
Received Prepare
Begin MonoManager ReloadAssembly
Assembly 'Assets/ExternalDependencyManager/Editor/1.2.179/Google.IOSResolver.dll' will not be loaded due to errors:
Unable to resolve reference 'UnityEditor.iOS.Extensions.Xcode'. Is the assembly missing or incompatible with the current platform?
Reference validation can be disabled in the Plugin Inspector.
- Loaded All Assemblies, in  0.384 seconds
Refreshing native plugins compatible for Editor in 9.51 ms, found 3 plugins.
Native extension for WindowsStandalone target not found
Native extension for Android target not found
[Package Manager] Server::EnsureServerProcessIsRunning -- launch failed, reason: Unity was launched with the -noUpm command-line argument
[Package Manager] UpmClient::Send -- Unable to send message (not connected to UPM process).
[Package Manager] Cannot connect to Unity Package Manager local server
Mono: successfully reloaded assembly
- Finished resetting the current domain, in  0.741 seconds
Domain Reload Profiling: 1120ms
	BeginReloadAssembly (122ms)
		ExecutionOrderSort (0ms)
		DisableScriptedObjects (3ms)
		BackupInstance (0ms)
		ReleaseScriptingObjects (0ms)
		CreateAndSetChildDomain (27ms)
	RebuildCommonClasses (29ms)
	RebuildNativeTypeToScriptingClass (8ms)
	initialDomainReloadingComplete (32ms)
	LoadAllAssembliesAndSetupDomain (189ms)
		LoadAssemblies (240ms)
		RebuildTransferFunctionScriptingTraits (0ms)
		AnalyzeDomain (11ms)
			TypeCache.Refresh (5ms)
				TypeCache.ScanAssembly (0ms)
			ScanForSourceGeneratedMonoScriptInfo (0ms)
			ResolveRequiredComponents (4ms)
	FinalizeReload (741ms)
		ReleaseScriptCaches (0ms)
		RebuildScriptCaches (0ms)
		SetupLoadedEditorAssemblies (365ms)
			LogAssemblyErrors (0ms)
			InitializePlatformSupportModulesInManaged (22ms)
			SetLoadedEditorAssemblies (2ms)
			RefreshPlugins (0ms)
			BeforeProcessingInitializeOnLoad (49ms)
			ProcessInitializeOnLoadAttributes (264ms)
			ProcessInitializeOnLoadMethodAttributes (21ms)
			AfterProcessingInitializeOnLoad (6ms)
			EditorAssembliesLoaded (0ms)
		ExecutionOrderSort2 (0ms)
		AwakeInstancesAfterBackupRestoration (6ms)
Refreshing native plugins compatible for Editor in 17.84 ms, found 3 plugins.
Preloading 0 native plugins for Editor in 0.00 ms.
Unloading 3241 Unused Serialized files (Serialized files now loaded: 0)
Unloading 51 unused Assets / (42.4 KB). Loaded Objects now: 3799.
Memory consumption went from 156.1 MB to 156.0 MB.
Total: 2.927600 ms (FindLiveObjects: 0.200700 ms CreateObjectMapping: 0.099300 ms MarkObjects: 2.558200 ms  DeleteObjects: 0.068100 ms)

Prepare: number of updated asset objects reloaded= 0
AssetImportParameters requested are different than current active one (requested -> active):
  custom:container-demuxer-ogg: 62fdf1f143b41e24485cea50d1cbac27 -> 
  custom:video-codec-MediaFoundation-h265: 746d11721c4dcdbdad8f713fa42b33f4 -> 
  custom:video-decoder-ogg-theora: a1e56fd34408186e4bbccfd4996cb3dc -> 
  custom:framework-win-MediaFoundation: 216162199b28c13a410421893ffa2e32 -> 
  custom:scripting/monoscript/fileName/Move.cs: 7b43a81116163ddef85a558461501685 -> d6379711722d90072060b333fc0a5937
  custom:scripting/monoscript/fileName/obstaculo.cs: 6ecaba1ccc123dca770f23f862e7af7a -> 394e9a22552b0efe12db4cb41e72111e
  custom:CustomObjectIndexerAttribute: 756ad292c208cfabdd7b50bc23989ffe -> 
  custom:container-demuxer-webm: 4f35f7cbe854078d1ac9338744f61a02 -> 
  custom:scripting/monoscript/fileName/Carro.cs: 19dc9f1d41c43b1d7846dddf65ae5ced -> 766b3db601e01ffa663ead41c9caf3f9
  custom:container-muxer-webm: aa71ff27fc2769a1b78a27578f13a17b -> 
  custom:video-decoder-webm-vp8: 9c59270c3fd7afecdb556c50c9e8de78 -> 
  custom:SearchIndexIgnoredProperties: e643bd26f0fe6173181afceb89e7c659 -> 
  custom:AudioImporter_EditorPlatform: d09bf68614088b80899f8185d706f6e7 -> 
  custom:scripting/monoscript/fileName/DestroyWall.cs: be2abfba90e0fbd18fc051c4afbed487 -> e8b88d2ca835c50080e129ec3fb1075b
  custom:scripting/monoscript/fileName/Effect.cs: c7d94fc23adfad4a111a04199aa4ca5c -> 21395456d56b2db76788fed93b9fa697
  custom:scripting/monoscript/fileName/Attack.cs: c27890840a76fc26cbac2f9fd357b6a9 -> 40f7f9ebceb8c107df83f7681c67349c
  custom:scripting/monoscript/fileName/Hojas.cs: b8210f9433d174a39d23ad137d81644f -> 5002753c9f6ef4c17e70fe32587d7693
  custom:video-encoder-webm-vp8: eb34c28f22e8b96e1ab97ce403110664 -> 
  custom:scripting/monoscript/fileName/Splash.cs: 491dcd2e305dcac13a365b9fdd756990 -> 7b3de2670cf3ec70815f984f801a6c92
  custom:audio-decoder-ogg-vorbis: bf7c407c2cedff20999df2af8eb42d56 -> 
  custom:scripting/monoscript/fileName/Destrutor.cs: 0c6e0c3311e2a5c1de5e8bada8c75dd3 -> a7ee81a041abe996fb249239fe9fcef0
  custom:scripting/monoscript/fileName/DevCarros.cs: 964cd4f073320a76515dd7dfa45faff7 -> 81d2a4b79b36498977a76036e17ff51f
  custom:audio-encoder-webm-vorbis: bf7c407c2cedff20999df2af8eb42d56 -> 
  custom:scripting/monoscript/fileName/ScoreManager.cs: 8bf37ad2a0e5ee64fa29f25e7049ed24 -> 2117df56b7ba23abd331d761e713022a
  custom:scripting/monoscript/fileName/Map.cs: ca68fa194060ebdaa420c74981198d1b -> 4db0e48a2ed67893c2ccddbc19eff78a
